#
# A fatal error has been detected by the Java Runtime Environment:
#
#  EXCEPTION_STACK_OVERFLOW (0xc00000fd) at pc=0x00007fff9a332cf3, pid=16096, tid=2476
#
# JRE version: OpenJDK Runtime Environment (11.0.10) (build 11.0.10+0-b96-7249189)
# Java VM: OpenJDK 64-Bit Server VM (11.0.10+0-b96-7249189, mixed mode, tiered, compressed oops, g1 gc, windows-amd64)
# Problematic frame:
# V  [jvm.dll+0x372cf3]
#
# No core dump will be written. Minidumps are not enabled by default on client versions of Windows
#
# If you would like to submit a bug report, please visit:
#   
#


Host: AMD Ryzen 5 2500U with Radeon Vega Mobile Gfx  , 8 cores, 6G,  Windows 10 , 64 bit Build 19041 (10.0.19041.1348)
Time: Mon Nov 15 22:55:38 2021 Pacific Standard Time elapsed time: 2.111671 seconds (0d 0h 0m 2s)

---------------  T H R E A D  ---------------

Current thread (0x0000021687926800):  JavaThread "SeedGenerator Thread" daemon [_thread_in_vm, id=2476, stack(0x000000473e700000,0x000000473e800000)]

Stack: [0x000000473e700000,0x000000473e800000],  sp=0x000000473e7ff570,  free space=1021k
Native frames: (J=compiled Java code, j=interpreted, Vv=VM code, C=native code)
V  [jvm.dll+0x372cf3]
V  [jvm.dll+0x5eced2]
V  [jvm.dll+0x3736aa]
V  [jvm.dll+0x373937]
V  [jvm.dll+0x3e2b3d]
V  [jvm.dll+0x6eb1cf]
V  [jvm.dll+0x6e3d45]
V  [jvm.dll+0x5ebe96]
C  [ucrtbase.dll+0x21bb2]
C  [KERNEL32.DLL+0x17034]
C  [ntdll.dll+0x52651]


siginfo: EXCEPTION_STACK_OVERFLOW (0xc00000fd), ExceptionInformation=0x0000000000000001 0x000000473e7fa570 


Register to memory mapping:

RIP=0x00007fff9a332cf3 jvm.dll
RAX=0x0000000000000003 is an unknown value
RBX=0x000000473e7fa570 is pointing into the stack for thread: 0x0000021687926800
RCX=0x0000000000001000 is an unknown value
RDX=0x0 is NULL
RSP=0x000000473e7ff570 is pointing into the stack for thread: 0x0000021687926800
RBP=0x0000021687926800 is a thread
RSI=0x0 is NULL
RDI=0x000000473e7ff6e0 is pointing into the stack for thread: 0x0000021687926800
R8 =0x000000473e7ff570 is pointing into the stack for thread: 0x0000021687926800
R9 =0x0000021687926800 is a thread
R10=0x000000473e7ff6e0 is pointing into the stack for thread: 0x0000021687926800
R11=0x000000473e7ff890 is pointing into the stack for thread: 0x0000021687926800
R12=0x00000216f040de40 is at code_begin+0 in an Interpreter codelet
method entry point (kind = zerolocals)  [0x00000216f040de40, 0x00000216f040e340]  1280 bytes
R13=0x000000473e7ff7c0 is pointing into the stack for thread: 0x0000021687926800
R14=0x000000473e7ff890 is pointing into the stack for thread: 0x0000021687926800
R15=0x0000021686ed1600 points into unknown readable memory: 0x4800b60819053688 | 88 36 05 19 08 b6 00 48


Registers:
RAX=0x0000000000000003, RBX=0x000000473e7fa570, RCX=0x0000000000001000, RDX=0x0000000000000000
RSP=0x000000473e7ff570, RBP=0x0000021687926800, RSI=0x0000000000000000, RDI=0x000000473e7ff6e0
R8 =0x000000473e7ff570, R9 =0x0000021687926800, R10=0x000000473e7ff6e0, R11=0x000000473e7ff890
R12=0x00000216f040de40, R13=0x000000473e7ff7c0, R14=0x000000473e7ff890, R15=0x0000021686ed1600
RIP=0x00007fff9a332cf3, EFLAGS=0x0000000000010202

Top of Stack: (sp=0x000000473e7ff570)
0x000000473e7ff570:   000000473e7ff570 0000000000000000
0x000000473e7ff580:   0000000100006b80 000000473e7ff690
0x000000473e7ff590:   000000473e7ff6f0 00007fff9a2fce05
0x000000473e7ff5a0:   0000000000000004 00007ffff64b79a4
0x000000473e7ff5b0:   000002168646a9a0 0000021687926800
0x000000473e7ff5c0:   0000021687926800 00007fff9a4a96bb
0x000000473e7ff5d0:   0000000000000001 0000000000000001
0x000000473e7ff5e0:   00007fffb24f0000 0000000000000002
0x000000473e7ff5f0:   000002168646a9e8 0000021687b72500
0x000000473e7ff600:   000002168646a9a0 0000021687926800
0x000000473e7ff610:   000002168646a9a0 0000021687926800
0x000000473e7ff620:   0000021686ed1608 000000473e7ff6f0
0x000000473e7ff630:   0000021686ed1230 0000000000000000
0x000000473e7ff640:   0000021686ed1608 0000000000000000
0x000000473e7ff650:   0000021686ed1230 0000000000000000
0x000000473e7ff660:   000000473e7ff7c0 000000473e7ff890 

Instructions: (pc=0x00007fff9a332cf3)
0x00007fff9a332bf3:   c0 48 48 89 9c 24 10 01 00 00 4c 89 a4 24 d8 00
0x00007fff9a332c03:   00 00 48 89 84 24 80 00 00 00 4c 8b 20 80 3d b7
0x00007fff9a332c13:   8d 68 00 00 74 10 83 bd a0 04 00 00 00 74 07 48
0x00007fff9a332c23:   8b 07 4c 8b 60 30 49 8b ce 4c 89 bc 24 d0 00 00
0x00007fff9a332c33:   00 e8 c7 14 00 00 41 8b 0e 89 84 24 20 01 00 00
0x00007fff9a332c43:   83 f9 0c 74 0a 83 f9 0d 74 05 45 32 ff eb 03 41
0x00007fff9a332c53:   b7 01 48 8b 07 33 c9 8b 40 20 c1 e8 03 a8 01 75
0x00007fff9a332c63:   19 49 8b 45 58 48 8b 00 48 89 84 24 28 01 00 00
0x00007fff9a332c73:   48 89 84 24 88 00 00 00 eb 10 48 89 8c 24 90 00
0x00007fff9a332c83:   00 00 48 89 8c 24 28 01 00 00 83 bd 08 04 00 00
0x00007fff9a332c93:   03 74 08 48 8b cd e8 92 76 37 00 e8 bd a0 27 00
0x00007fff9a332ca3:   4c 8b c0 48 8b d7 48 8b cd 48 8b d8 e8 3c f4 26
0x00007fff9a332cb3:   00 84 c0 75 1d 4c 8b cf 48 8d 15 d6 c2 4b 00 41
0x00007fff9a332cc3:   b8 a7 01 00 00 48 8b cd e8 f0 ff f4 ff e9 90 01
0x00007fff9a332cd3:   00 00 48 63 0d 6c 87 69 00 33 d2 48 8b 05 bb 5e
0x00007fff9a332ce3:   6b 00 48 f7 f1 48 83 f8 01 72 0e 66 90 48 2b d9
0x00007fff9a332cf3:   c6 03 00 48 83 e8 01 75 f4 48 85 f6 74 51 48 8b
0x00007fff9a332d03:   06 48 8b ce ff 90 88 00 00 00 84 c0 0f 84 77 01
0x00007fff9a332d13:   00 00 48 8b 06 48 8b ce ff 90 d8 00 00 00 48 89
0x00007fff9a332d23:   85 f8 03 00 00 48 8b 07 48 8b 48 08 48 3b 0d 0a
0x00007fff9a332d33:   ab 67 00 73 12 48 3b 0d f9 aa 67 00 72 09 48 8b
0x00007fff9a332d43:   41 18 48 8b 08 eb 04 48 8b 49 18 4c 8b 61 18 4c
0x00007fff9a332d53:   8b 84 24 28 01 00 00 48 8d 4c 24 40 4d 8b ce 48
0x00007fff9a332d63:   89 6c 24 20 48 8b d7 e8 d1 fb ff ff 48 83 7d 08
0x00007fff9a332d73:   00 75 67 48 8b d5 48 8d 8c 24 98 00 00 00 e8 1a
0x00007fff9a332d83:   a1 fc ff 41 8b 5d 68 49 8b cd 48 8b 3f 48 8b 35
0x00007fff9a332d93:   21 d1 69 00 e8 34 12 00 00 44 8b 84 24 20 01 00
0x00007fff9a332da3:   00 49 8d 56 08 48 89 6c 24 38 48 8d 4c 24 40 89
0x00007fff9a332db3:   5c 24 30 4c 8b cf 48 89 44 24 28 4c 89 64 24 20
0x00007fff9a332dc3:   ff d6 48 83 7d 08 00 0f 84 e1 00 00 00 48 8d 8c
0x00007fff9a332dd3:   24 98 00 00 00 e8 83 9f fc ff 48 8b 4c 24 40 48
0x00007fff9a332de3:   8b 44 24 48 4c 8b 89 e0 00 00 00 48 89 81 e0 00 


Stack slot to memory mapping:
stack at sp + 0 slots: 0x000000473e7ff570 is pointing into the stack for thread: 0x0000021687926800
stack at sp + 1 slots: 0x0 is NULL
stack at sp + 2 slots: 0x0000000100006b80 is a pointer to class: 
java.lang.Thread {0x0000000100006b88}
stack at sp + 3 slots: 0x000000473e7ff690 is pointing into the stack for thread: 0x0000021687926800
stack at sp + 4 slots: 0x000000473e7ff6f0 is pointing into the stack for thread: 0x0000021687926800
stack at sp + 5 slots: 0x00007fff9a2fce05 jvm.dll
stack at sp + 6 slots: 0x0000000000000004 is an unknown value
stack at sp + 7 slots: 0x00007ffff64b79a4 msvcrt.dll


---------------  P R O C E S S  ---------------

Threads class SMR info:
_java_thread_list=0x000002168781b070, length=13, elements={
0x00000216ec910000, 0x00000216863e1000, 0x00000216863ea800, 0x00000216863fc000,
0x0000021686400000, 0x0000021686401800, 0x000002168640f000, 0x0000021686411000,
0x000002168642e000, 0x0000021686ec7000, 0x000002168782b000, 0x000002168792d000,
0x0000021687926800
}

Java Threads: ( => current thread )
  0x00000216ec910000 JavaThread "main" [_thread_blocked, id=24672, stack(0x000000473d100000,0x000000473d200000)]
  0x00000216863e1000 JavaThread "Reference Handler" daemon [_thread_blocked, id=21344, stack(0x000000473d800000,0x000000473d900000)]
  0x00000216863ea800 JavaThread "Finalizer" daemon [_thread_blocked, id=27368, stack(0x000000473d900000,0x000000473da00000)]
  0x00000216863fc000 JavaThread "Signal Dispatcher" daemon [_thread_blocked, id=26228, stack(0x000000473da00000,0x000000473db00000)]
  0x0000021686400000 JavaThread "Attach Listener" daemon [_thread_blocked, id=12824, stack(0x000000473db00000,0x000000473dc00000)]
  0x0000021686401800 JavaThread "Service Thread" daemon [_thread_blocked, id=14084, stack(0x000000473dc00000,0x000000473dd00000)]
  0x000002168640f000 JavaThread "C2 CompilerThread0" daemon [_thread_blocked, id=14136, stack(0x000000473dd00000,0x000000473de00000)]
  0x0000021686411000 JavaThread "C1 CompilerThread0" daemon [_thread_blocked, id=11152, stack(0x000000473de00000,0x000000473df00000)]
  0x000002168642e000 JavaThread "Sweeper thread" daemon [_thread_blocked, id=24592, stack(0x000000473df00000,0x000000473e000000)]
  0x0000021686ec7000 JavaThread "Common-Cleaner" daemon [_thread_blocked, id=27620, stack(0x000000473e100000,0x000000473e200000)]
  0x000002168782b000 JavaThread "pool-1-thread-1" [_thread_blocked, id=24384, stack(0x000000473e200000,0x000000473e300000)]
  0x000002168792d000 JavaThread "SeedGenerator Thread" daemon [_thread_blocked, id=10276, stack(0x000000473e600000,0x000000473e700000)]
=>0x0000021687926800 JavaThread "SeedGenerator Thread" daemon [_thread_in_vm, id=2476, stack(0x000000473e700000,0x000000473e800000)]

Other Threads:
  0x00000216863bd000 VMThread "VM Thread" [stack: 0x000000473d700000,0x000000473d800000] [id=2916]
  0x0000021686ec1800 WatcherThread [stack: 0x000000473e000000,0x000000473e100000] [id=23696]
  0x00000216ec925800 GCTaskThread "GC Thread#0" [stack: 0x000000473d200000,0x000000473d300000] [id=25128]
  0x0000021687846800 GCTaskThread "GC Thread#1" [stack: 0x000000473e300000,0x000000473e400000] [id=16004]
  0x00000216877fb800 GCTaskThread "GC Thread#2" [stack: 0x000000473e400000,0x000000473e500000] [id=27628]
  0x00000216877f3800 GCTaskThread "GC Thread#3" [stack: 0x000000473e500000,0x000000473e600000] [id=1936]
  0x00000216ec950000 ConcurrentGCThread "G1 Main Marker" [stack: 0x000000473d300000,0x000000473d400000] [id=26032]
  0x00000216ec952800 ConcurrentGCThread "G1 Conc#0" [stack: 0x000000473d400000,0x000000473d500000] [id=23464]
  0x00000216ec9e2800 ConcurrentGCThread "G1 Refine#0" [stack: 0x000000473d500000,0x000000473d600000] [id=19332]
  0x00000216ec9e3800 ConcurrentGCThread "G1 Young RemSet Sampling" [stack: 0x000000473d600000,0x000000473d700000] [id=20968]

Threads with active compile tasks:

VM state:synchronizing (normal execution)

VM Mutex/Monitor currently owned by a thread:  ([mutex/lock_event])
[0x00000216ec904600] Threads_lock - owner thread: 0x00000216863bd000
[0x00000216ec90cdb0] Heap_lock - owner thread: 0x00000216ec910000

Heap address: 0x0000000091a00000, size: 1766 MB, Compressed Oops mode: 32-bit
Narrow klass base: 0x0000000000000000, Narrow klass shift: 3
Compressed class space size: 1073741824 Address: 0x0000000100000000

Heap:
 garbage-first heap   total 114688K, used 17190K [0x0000000091a00000, 0x0000000100000000)
  region size 1024K, 12 young (12288K), 3 survivors (3072K)
 Metaspace       used 13089K, capacity 13339K, committed 13440K, reserved 1064960K
  class space    used 1505K, capacity 1619K, committed 1664K, reserved 1048576K
Heap Regions: E=young(eden), S=young(survivor), O=old, HS=humongous(starts), HC=humongous(continues), CS=collection set, F=free, A=archive, TAMS=top-at-mark-start (previous, next)
|   0|0x0000000091a00000, 0x0000000091a00000, 0x0000000091b00000|  0%| F|  |TAMS 0x0000000091a00000, 0x0000000091a00000| Untracked 
|   1|0x0000000091b00000, 0x0000000091b00000, 0x0000000091c00000|  0%| F|  |TAMS 0x0000000091b00000, 0x0000000091b00000| Untracked 
|   2|0x0000000091c00000, 0x0000000091c00000, 0x0000000091d00000|  0%| F|  |TAMS 0x0000000091c00000, 0x0000000091c00000| Untracked 
|   3|0x0000000091d00000, 0x0000000091e00000, 0x0000000091e00000|100%|HS|  |TAMS 0x0000000091d00000, 0x0000000091d00000| Complete 
|   4|0x0000000091e00000, 0x0000000091f00000, 0x0000000091f00000|100%|HC|  |TAMS 0x0000000091e00000, 0x0000000091e00000| Complete 
|   5|0x0000000091f00000, 0x0000000092000000, 0x0000000092000000|100%|HC|  |TAMS 0x0000000091f00000, 0x0000000091f00000| Complete 
|   6|0x0000000092000000, 0x0000000092100000, 0x0000000092100000|100%| O|  |TAMS 0x0000000092000000, 0x0000000092000000| Untracked 
|   7|0x0000000092100000, 0x0000000092200000, 0x0000000092200000|100%| O|  |TAMS 0x0000000092100000, 0x0000000092100000| Untracked 
|   8|0x0000000092200000, 0x00000000922c9800, 0x0000000092300000| 78%| O|  |TAMS 0x0000000092200000, 0x0000000092200000| Untracked 
|   9|0x0000000092300000, 0x0000000092300000, 0x0000000092400000|  0%| F|  |TAMS 0x0000000092300000, 0x0000000092300000| Untracked 
|  10|0x0000000092400000, 0x0000000092400000, 0x0000000092500000|  0%| F|  |TAMS 0x0000000092400000, 0x0000000092400000| Untracked 
|  11|0x0000000092500000, 0x0000000092500000, 0x0000000092600000|  0%| F|  |TAMS 0x0000000092500000, 0x0000000092500000| Untracked 
|  12|0x0000000092600000, 0x0000000092600000, 0x0000000092700000|  0%| F|  |TAMS 0x0000000092600000, 0x0000000092600000| Untracked 
|  13|0x0000000092700000, 0x0000000092700000, 0x0000000092800000|  0%| F|  |TAMS 0x0000000092700000, 0x0000000092700000| Untracked 
|  14|0x0000000092800000, 0x0000000092800000, 0x0000000092900000|  0%| F|  |TAMS 0x0000000092800000, 0x0000000092800000| Untracked 
|  15|0x0000000092900000, 0x0000000092900000, 0x0000000092a00000|  0%| F|  |TAMS 0x0000000092900000, 0x0000000092900000| Untracked 
|  16|0x0000000092a00000, 0x0000000092a00000, 0x0000000092b00000|  0%| F|  |TAMS 0x0000000092a00000, 0x0000000092a00000| Untracked 
|  17|0x0000000092b00000, 0x0000000092b00000, 0x0000000092c00000|  0%| F|  |TAMS 0x0000000092b00000, 0x0000000092b00000| Untracked 
|  18|0x0000000092c00000, 0x0000000092c00000, 0x0000000092d00000|  0%| F|  |TAMS 0x0000000092c00000, 0x0000000092c00000| Untracked 
|  19|0x0000000092d00000, 0x0000000092d00000, 0x0000000092e00000|  0%| F|  |TAMS 0x0000000092d00000, 0x0000000092d00000| Untracked 
|  20|0x0000000092e00000, 0x0000000092e00000, 0x0000000092f00000|  0%| F|  |TAMS 0x0000000092e00000, 0x0000000092e00000| Untracked 
|  21|0x0000000092f00000, 0x0000000092f00000, 0x0000000093000000|  0%| F|  |TAMS 0x0000000092f00000, 0x0000000092f00000| Untracked 
|  22|0x0000000093000000, 0x0000000093000000, 0x0000000093100000|  0%| F|  |TAMS 0x0000000093000000, 0x0000000093000000| Untracked 
|  23|0x0000000093100000, 0x0000000093100000, 0x0000000093200000|  0%| F|  |TAMS 0x0000000093100000, 0x0000000093100000| Untracked 
|  24|0x0000000093200000, 0x0000000093200000, 0x0000000093300000|  0%| F|  |TAMS 0x0000000093200000, 0x0000000093200000| Untracked 
|  25|0x0000000093300000, 0x0000000093300000, 0x0000000093400000|  0%| F|  |TAMS 0x0000000093300000, 0x0000000093300000| Untracked 
|  26|0x0000000093400000, 0x0000000093400000, 0x0000000093500000|  0%| F|  |TAMS 0x0000000093400000, 0x0000000093400000| Untracked 
|  27|0x0000000093500000, 0x0000000093500000, 0x0000000093600000|  0%| F|  |TAMS 0x0000000093500000, 0x0000000093500000| Untracked 
|  28|0x0000000093600000, 0x0000000093600000, 0x0000000093700000|  0%| F|  |TAMS 0x0000000093600000, 0x0000000093600000| Untracked 
|  29|0x0000000093700000, 0x0000000093700000, 0x0000000093800000|  0%| F|  |TAMS 0x0000000093700000, 0x0000000093700000| Untracked 
|  30|0x0000000093800000, 0x0000000093800000, 0x0000000093900000|  0%| F|  |TAMS 0x0000000093800000, 0x0000000093800000| Untracked 
|  31|0x0000000093900000, 0x0000000093900000, 0x0000000093a00000|  0%| F|  |TAMS 0x0000000093900000, 0x0000000093900000| Untracked 
|  32|0x0000000093a00000, 0x0000000093a00000, 0x0000000093b00000|  0%| F|  |TAMS 0x0000000093a00000, 0x0000000093a00000| Untracked 
|  33|0x0000000093b00000, 0x0000000093b00000, 0x0000000093c00000|  0%| F|  |TAMS 0x0000000093b00000, 0x0000000093b00000| Untracked 
|  34|0x0000000093c00000, 0x0000000093c00000, 0x0000000093d00000|  0%| F|  |TAMS 0x0000000093c00000, 0x0000000093c00000| Untracked 
|  35|0x0000000093d00000, 0x0000000093d00000, 0x0000000093e00000|  0%| F|  |TAMS 0x0000000093d00000, 0x0000000093d00000| Untracked 
|  36|0x0000000093e00000, 0x0000000093e00000, 0x0000000093f00000|  0%| F|  |TAMS 0x0000000093e00000, 0x0000000093e00000| Untracked 
|  37|0x0000000093f00000, 0x0000000093f00000, 0x0000000094000000|  0%| F|  |TAMS 0x0000000093f00000, 0x0000000093f00000| Untracked 
|  38|0x0000000094000000, 0x0000000094000000, 0x0000000094100000|  0%| F|  |TAMS 0x0000000094000000, 0x0000000094000000| Untracked 
|  39|0x0000000094100000, 0x0000000094100000, 0x0000000094200000|  0%| F|  |TAMS 0x0000000094100000, 0x0000000094100000| Untracked 
|  40|0x0000000094200000, 0x0000000094200000, 0x0000000094300000|  0%| F|  |TAMS 0x0000000094200000, 0x0000000094200000| Untracked 
|  41|0x0000000094300000, 0x0000000094300000, 0x0000000094400000|  0%| F|  |TAMS 0x0000000094300000, 0x0000000094300000| Untracked 
|  42|0x0000000094400000, 0x0000000094400000, 0x0000000094500000|  0%| F|  |TAMS 0x0000000094400000, 0x0000000094400000| Untracked 
|  43|0x0000000094500000, 0x0000000094500000, 0x0000000094600000|  0%| F|  |TAMS 0x0000000094500000, 0x0000000094500000| Untracked 
|  44|0x0000000094600000, 0x0000000094600000, 0x0000000094700000|  0%| F|  |TAMS 0x0000000094600000, 0x0000000094600000| Untracked 
|  45|0x0000000094700000, 0x0000000094700000, 0x0000000094800000|  0%| F|  |TAMS 0x0000000094700000, 0x0000000094700000| Untracked 
|  46|0x0000000094800000, 0x0000000094800000, 0x0000000094900000|  0%| F|  |TAMS 0x0000000094800000, 0x0000000094800000| Untracked 
|  47|0x0000000094900000, 0x0000000094900000, 0x0000000094a00000|  0%| F|  |TAMS 0x0000000094900000, 0x0000000094900000| Untracked 
|  48|0x0000000094a00000, 0x0000000094a00000, 0x0000000094b00000|  0%| F|  |TAMS 0x0000000094a00000, 0x0000000094a00000| Untracked 
|  49|0x0000000094b00000, 0x0000000094b00000, 0x0000000094c00000|  0%| F|  |TAMS 0x0000000094b00000, 0x0000000094b00000| Untracked 
|  50|0x0000000094c00000, 0x0000000094c00000, 0x0000000094d00000|  0%| F|  |TAMS 0x0000000094c00000, 0x0000000094c00000| Untracked 
|  51|0x0000000094d00000, 0x0000000094d00000, 0x0000000094e00000|  0%| F|  |TAMS 0x0000000094d00000, 0x0000000094d00000| Untracked 
|  52|0x0000000094e00000, 0x0000000094e00000, 0x0000000094f00000|  0%| F|  |TAMS 0x0000000094e00000, 0x0000000094e00000| Untracked 
|  53|0x0000000094f00000, 0x0000000094f00000, 0x0000000095000000|  0%| F|  |TAMS 0x0000000094f00000, 0x0000000094f00000| Untracked 
|  54|0x0000000095000000, 0x0000000095000000, 0x0000000095100000|  0%| F|  |TAMS 0x0000000095000000, 0x0000000095000000| Untracked 
|  55|0x0000000095100000, 0x0000000095100000, 0x0000000095200000|  0%| F|  |TAMS 0x0000000095100000, 0x0000000095100000| Untracked 
|  56|0x0000000095200000, 0x0000000095200000, 0x0000000095300000|  0%| F|  |TAMS 0x0000000095200000, 0x0000000095200000| Untracked 
|  57|0x0000000095300000, 0x0000000095300000, 0x0000000095400000|  0%| F|  |TAMS 0x0000000095300000, 0x0000000095300000| Untracked 
|  58|0x0000000095400000, 0x0000000095400000, 0x0000000095500000|  0%| F|  |TAMS 0x0000000095400000, 0x0000000095400000| Untracked 
|  59|0x0000000095500000, 0x0000000095500000, 0x0000000095600000|  0%| F|  |TAMS 0x0000000095500000, 0x0000000095500000| Untracked 
|  60|0x0000000095600000, 0x0000000095600000, 0x0000000095700000|  0%| F|  |TAMS 0x0000000095600000, 0x0000000095600000| Untracked 
|  61|0x0000000095700000, 0x0000000095700000, 0x0000000095800000|  0%| F|  |TAMS 0x0000000095700000, 0x0000000095700000| Untracked 
|  62|0x0000000095800000, 0x0000000095800000, 0x0000000095900000|  0%| F|  |TAMS 0x0000000095800000, 0x0000000095800000| Untracked 
|  63|0x0000000095900000, 0x0000000095900000, 0x0000000095a00000|  0%| F|  |TAMS 0x0000000095900000, 0x0000000095900000| Untracked 
|  64|0x0000000095a00000, 0x0000000095a00000, 0x0000000095b00000|  0%| F|  |TAMS 0x0000000095a00000, 0x0000000095a00000| Untracked 
|  65|0x0000000095b00000, 0x0000000095b00000, 0x0000000095c00000|  0%| F|  |TAMS 0x0000000095b00000, 0x0000000095b00000| Untracked 
|  66|0x0000000095c00000, 0x0000000095c00000, 0x0000000095d00000|  0%| F|  |TAMS 0x0000000095c00000, 0x0000000095c00000| Untracked 
|  67|0x0000000095d00000, 0x0000000095d00000, 0x0000000095e00000|  0%| F|  |TAMS 0x0000000095d00000, 0x0000000095d00000| Untracked 
|  68|0x0000000095e00000, 0x0000000095e00000, 0x0000000095f00000|  0%| F|  |TAMS 0x0000000095e00000, 0x0000000095e00000| Untracked 
|  69|0x0000000095f00000, 0x0000000095f00000, 0x0000000096000000|  0%| F|  |TAMS 0x0000000095f00000, 0x0000000095f00000| Untracked 
|  70|0x0000000096000000, 0x0000000096000000, 0x0000000096100000|  0%| F|  |TAMS 0x0000000096000000, 0x0000000096000000| Untracked 
|  71|0x0000000096100000, 0x0000000096100000, 0x0000000096200000|  0%| F|  |TAMS 0x0000000096100000, 0x0000000096100000| Untracked 
|  72|0x0000000096200000, 0x0000000096200000, 0x0000000096300000|  0%| F|  |TAMS 0x0000000096200000, 0x0000000096200000| Untracked 
|  73|0x0000000096300000, 0x0000000096300000, 0x0000000096400000|  0%| F|  |TAMS 0x0000000096300000, 0x0000000096300000| Untracked 
|  74|0x0000000096400000, 0x0000000096400000, 0x0000000096500000|  0%| F|  |TAMS 0x0000000096400000, 0x0000000096400000| Untracked 
|  75|0x0000000096500000, 0x0000000096500000, 0x0000000096600000|  0%| F|  |TAMS 0x0000000096500000, 0x0000000096500000| Untracked 
|  76|0x0000000096600000, 0x0000000096600000, 0x0000000096700000|  0%| F|  |TAMS 0x0000000096600000, 0x0000000096600000| Untracked 
|  77|0x0000000096700000, 0x0000000096700000, 0x0000000096800000|  0%| F|  |TAMS 0x0000000096700000, 0x0000000096700000| Untracked 
|  78|0x0000000096800000, 0x0000000096800000, 0x0000000096900000|  0%| F|  |TAMS 0x0000000096800000, 0x0000000096800000| Untracked 
|  79|0x0000000096900000, 0x0000000096900000, 0x0000000096a00000|  0%| F|  |TAMS 0x0000000096900000, 0x0000000096900000| Untracked 
|  80|0x0000000096a00000, 0x0000000096a00000, 0x0000000096b00000|  0%| F|  |TAMS 0x0000000096a00000, 0x0000000096a00000| Untracked 
|  81|0x0000000096b00000, 0x0000000096b00000, 0x0000000096c00000|  0%| F|  |TAMS 0x0000000096b00000, 0x0000000096b00000| Untracked 
|  82|0x0000000096c00000, 0x0000000096c00000, 0x0000000096d00000|  0%| F|  |TAMS 0x0000000096c00000, 0x0000000096c00000| Untracked 
|  83|0x0000000096d00000, 0x0000000096d00000, 0x0000000096e00000|  0%| F|  |TAMS 0x0000000096d00000, 0x0000000096d00000| Untracked 
|  84|0x0000000096e00000, 0x0000000096e00000, 0x0000000096f00000|  0%| F|  |TAMS 0x0000000096e00000, 0x0000000096e00000| Untracked 
|  85|0x0000000096f00000, 0x0000000097000000, 0x0000000097000000|100%| S|CS|TAMS 0x0000000096f00000, 0x0000000096f00000| Complete 
|  86|0x0000000097000000, 0x0000000097100000, 0x0000000097100000|100%| S|CS|TAMS 0x0000000097000000, 0x0000000097000000| Complete 
|  87|0x0000000097100000, 0x0000000097200000, 0x0000000097200000|100%| S|CS|TAMS 0x0000000097100000, 0x0000000097100000| Complete 
|  88|0x0000000097200000, 0x0000000097200000, 0x0000000097300000|  0%| F|  |TAMS 0x0000000097200000, 0x0000000097200000| Untracked 
|  89|0x0000000097300000, 0x0000000097300000, 0x0000000097400000|  0%| F|  |TAMS 0x0000000097300000, 0x0000000097300000| Untracked 
|  90|0x0000000097400000, 0x0000000097400000, 0x0000000097500000|  0%| F|  |TAMS 0x0000000097400000, 0x0000000097400000| Untracked 
|  91|0x0000000097500000, 0x0000000097500000, 0x0000000097600000|  0%| F|  |TAMS 0x0000000097500000, 0x0000000097500000| Untracked 
|  92|0x0000000097600000, 0x0000000097600000, 0x0000000097700000|  0%| F|  |TAMS 0x0000000097600000, 0x0000000097600000| Untracked 
|  93|0x0000000097700000, 0x0000000097700000, 0x0000000097800000|  0%| F|  |TAMS 0x0000000097700000, 0x0000000097700000| Untracked 
|  94|0x0000000097800000, 0x0000000097800000, 0x0000000097900000|  0%| F|  |TAMS 0x0000000097800000, 0x0000000097800000| Untracked 
|  95|0x0000000097900000, 0x0000000097900000, 0x0000000097a00000|  0%| F|  |TAMS 0x0000000097900000, 0x0000000097900000| Untracked 
|  96|0x0000000097a00000, 0x0000000097a00000, 0x0000000097b00000|  0%| F|  |TAMS 0x0000000097a00000, 0x0000000097a00000| Untracked 
|  97|0x0000000097b00000, 0x0000000097b00000, 0x0000000097c00000|  0%| F|  |TAMS 0x0000000097b00000, 0x0000000097b00000| Untracked 
|  98|0x0000000097c00000, 0x0000000097c00000, 0x0000000097d00000|  0%| F|  |TAMS 0x0000000097c00000, 0x0000000097c00000| Untracked 
|  99|0x0000000097d00000, 0x0000000097d00000, 0x0000000097e00000|  0%| F|  |TAMS 0x0000000097d00000, 0x0000000097d00000| Untracked 
| 100|0x0000000097e00000, 0x0000000097e00000, 0x0000000097f00000|  0%| F|  |TAMS 0x0000000097e00000, 0x0000000097e00000| Untracked 
| 101|0x0000000097f00000, 0x0000000097f00000, 0x0000000098000000|  0%| F|  |TAMS 0x0000000097f00000, 0x0000000097f00000| Untracked 
| 102|0x0000000098000000, 0x0000000098000000, 0x0000000098100000|  0%| F|  |TAMS 0x0000000098000000, 0x0000000098000000| Untracked 
| 103|0x0000000098100000, 0x0000000098100800, 0x0000000098200000|  0%| E|  |TAMS 0x0000000098100000, 0x0000000098100000| Complete 
| 104|0x0000000098200000, 0x0000000098300000, 0x0000000098300000|100%| E|CS|TAMS 0x0000000098200000, 0x0000000098200000| Complete 
| 105|0x0000000098300000, 0x0000000098400000, 0x0000000098400000|100%| E|CS|TAMS 0x0000000098300000, 0x0000000098300000| Complete 
| 106|0x0000000098400000, 0x0000000098500000, 0x0000000098500000|100%| E|CS|TAMS 0x0000000098400000, 0x0000000098400000| Complete 
| 107|0x0000000098500000, 0x0000000098600000, 0x0000000098600000|100%| E|CS|TAMS 0x0000000098500000, 0x0000000098500000| Complete 
| 108|0x0000000098600000, 0x0000000098700000, 0x0000000098700000|100%| E|CS|TAMS 0x0000000098600000, 0x0000000098600000| Complete 
| 109|0x0000000098700000, 0x0000000098800000, 0x0000000098800000|100%| E|CS|TAMS 0x0000000098700000, 0x0000000098700000| Complete 
| 110|0x0000000098800000, 0x0000000098900000, 0x0000000098900000|100%| E|CS|TAMS 0x0000000098800000, 0x0000000098800000| Complete 
| 111|0x0000000098900000, 0x0000000098a00000, 0x0000000098a00000|100%| E|CS|TAMS 0x0000000098900000, 0x0000000098900000| Complete 

Card table byte_map: [0x00000216ffab0000,0x00000216ffe30000] _byte_map_base: 0x00000216ff623000

Marking Bits (Prev, Next): (CMBitMap*) 0x00000216ec9484f8, (CMBitMap*) 0x00000216ec948530
 Prev Bits: [0x0000021680380000, 0x0000021681f18000)
 Next Bits: [0x0000021681f20000, 0x0000021683ab8000)

Polling page: 0x00000216ea930000

Metaspace:

Usage:
  Non-class:     11.45 MB capacity,    11.31 MB ( 99%) used,   118.99 KB (  1%) free+waste,    16.81 KB ( <1%) overhead. 
      Class:      1.58 MB capacity,     1.47 MB ( 93%) used,   105.23 KB (  6%) free+waste,     8.44 KB ( <1%) overhead. 
       Both:     13.03 MB capacity,    12.78 MB ( 98%) used,   224.22 KB (  2%) free+waste,    25.25 KB ( <1%) overhead. 

Virtual space:
  Non-class space:       16.00 MB reserved,      11.50 MB ( 72%) committed 
      Class space:        1.00 GB reserved,       1.63 MB ( <1%) committed 
             Both:        1.02 GB reserved,      13.13 MB (  1%) committed 

Chunk freelists:
   Non-Class:  56.00 KB
       Class:  13.00 KB
        Both:  69.00 KB

MaxMetaspaceSize: 17179869184.00 GB
CompressedClassSpaceSize: 1.00 GB

CodeHeap 'non-profiled nmethods': size=120000Kb used=336Kb max_used=336Kb free=119663Kb
 bounds [0x00000216f7ed0000, 0x00000216f8140000, 0x00000216ff400000]
CodeHeap 'profiled nmethods': size=120000Kb used=1757Kb max_used=1757Kb free=118242Kb
 bounds [0x00000216f09a0000, 0x00000216f0c10000, 0x00000216f7ed0000]
CodeHeap 'non-nmethods': size=5760Kb used=1082Kb max_used=1097Kb free=4677Kb
 bounds [0x00000216f0400000, 0x00000216f0670000, 0x00000216f09a0000]
 total_blobs=1387 nmethods=996 adapters=303
 compilation: enabled
              stopped_count=0, restarted_count=0
 full_count=0

Compilation events (20 events):
Event: 2.060 Thread 0x0000021686411000  986       3       java.util.HashMap$EntryIterator::next (5 bytes)
Event: 2.060 Thread 0x0000021686411000 nmethod 986 0x00000216f0b52b90 code [0x00000216f0b52d40, 0x00000216f0b52e68]
Event: 2.072 Thread 0x0000021686411000  987       3       java.lang.invoke.MethodHandleNatives::refKindIsField (32 bytes)
Event: 2.072 Thread 0x0000021686411000 nmethod 987 0x00000216f0b52f10 code [0x00000216f0b530c0, 0x00000216f0b53218]
Event: 2.072 Thread 0x0000021686411000  988       3       sun.invoke.util.VerifyAccess::isClassAccessible (182 bytes)
Event: 2.074 Thread 0x0000021686411000 nmethod 988 0x00000216f0b53290 code [0x00000216f0b53640, 0x00000216f0b54bf8]
Event: 2.074 Thread 0x0000021686411000  989       3       sun.invoke.util.VerifyAccess::getClassModifiers (24 bytes)
Event: 2.074 Thread 0x0000021686411000 nmethod 989 0x00000216f0b55290 code [0x00000216f0b55460, 0x00000216f0b55688]
Event: 2.075 Thread 0x0000021686411000  991       3       java.lang.invoke.InvokerBytecodeGenerator::getInternalName (98 bytes)
Event: 2.076 Thread 0x0000021686411000 nmethod 991 0x00000216f0b55790 code [0x00000216f0b559a0, 0x00000216f0b55e58]
Event: 2.076 Thread 0x0000021686411000  992       3       java.lang.invoke.MemberName::getName (25 bytes)
Event: 2.076 Thread 0x0000021686411000 nmethod 992 0x00000216f0b55f90 code [0x00000216f0b56160, 0x00000216f0b564c8]
Event: 2.084 Thread 0x0000021686411000  993       3       java.util.concurrent.ConcurrentHashMap$EntryIterator::next (5 bytes)
Event: 2.085 Thread 0x0000021686411000 nmethod 993 0x00000216f0b56590 code [0x00000216f0b56740, 0x00000216f0b56868]
Event: 2.085 Thread 0x0000021686411000  994       3       java.util.concurrent.ConcurrentHashMap$EntryIterator::next (51 bytes)
Event: 2.085 Thread 0x0000021686411000 nmethod 994 0x00000216f0b56910 code [0x00000216f0b56b00, 0x00000216f0b56ff8]
Event: 2.085 Thread 0x0000021686411000  995       3       java.lang.Integer::reverseBytes (26 bytes)
Event: 2.086 Thread 0x0000021686411000 nmethod 995 0x00000216f0b57190 code [0x00000216f0b57340, 0x00000216f0b57458]
Event: 2.086 Thread 0x0000021686411000  996       1       java.nio.charset.Charset::name (5 bytes)
Event: 2.086 Thread 0x0000021686411000 nmethod 996 0x00000216f7f23f10 code [0x00000216f7f240c0, 0x00000216f7f24178]

GC Heap History (2 events):
Event: 1.627 GC heap before
{Heap before GC invocations=0 (full 0):
 garbage-first heap   total 114688K, used 29696K [0x0000000091a00000, 0x0000000100000000)
  region size 1024K, 24 young (24576K), 0 survivors (0K)
 Metaspace       used 11140K, capacity 11368K, committed 11648K, reserved 1058816K
  class space    used 1208K, capacity 1301K, committed 1408K, reserved 1048576K
}
Event: 1.633 GC heap after
{Heap after GC invocations=1 (full 0):
 garbage-first heap   total 114688K, used 8998K [0x0000000091a00000, 0x0000000100000000)
  region size 1024K, 3 young (3072K), 3 survivors (3072K)
 Metaspace       used 11140K, capacity 11368K, committed 11648K, reserved 1058816K
  class space    used 1208K, capacity 1301K, committed 1408K, reserved 1048576K
}

Deoptimization events (20 events):
Event: 1.283 Thread 0x00000216ec910000 DEOPT PACKING pc=0x00000216f7eed8f0 sp=0x000000473d1fd840
Event: 1.283 Thread 0x00000216ec910000 DEOPT UNPACKING pc=0x00000216f04278af sp=0x000000473d1fd7e8 mode 2
Event: 1.284 Thread 0x00000216ec910000 Uncommon trap: trap_request=0xffffffde fr.pc=0x00000216f7eed8f0 relative=0x00000000000003d0
Event: 1.284 Thread 0x00000216ec910000 Uncommon trap: reason=class_check action=maybe_recompile pc=0x00000216f7eed8f0 method=java.util.regex.Matcher.match(II)Z @ 121 c2
Event: 1.284 Thread 0x00000216ec910000 DEOPT PACKING pc=0x00000216f7eed8f0 sp=0x000000473d1fd6c0
Event: 1.284 Thread 0x00000216ec910000 DEOPT UNPACKING pc=0x00000216f04278af sp=0x000000473d1fd668 mode 2
Event: 1.284 Thread 0x00000216ec910000 Uncommon trap: trap_request=0xffffffde fr.pc=0x00000216f7eed8f0 relative=0x00000000000003d0
Event: 1.284 Thread 0x00000216ec910000 Uncommon trap: reason=class_check action=maybe_recompile pc=0x00000216f7eed8f0 method=java.util.regex.Matcher.match(II)Z @ 121 c2
Event: 1.284 Thread 0x00000216ec910000 DEOPT PACKING pc=0x00000216f7eed8f0 sp=0x000000473d1fd6c0
Event: 1.284 Thread 0x00000216ec910000 DEOPT UNPACKING pc=0x00000216f04278af sp=0x000000473d1fd668 mode 2
Event: 2.034 Thread 0x00000216ec910000 Uncommon trap: trap_request=0xffffff4d fr.pc=0x00000216f7f17e70 relative=0x00000000000001b0
Event: 2.034 Thread 0x00000216ec910000 Uncommon trap: reason=unstable_if action=reinterpret pc=0x00000216f7f17e70 method=java.util.HashMap.getNode(ILjava/lang/Object;)Ljava/util/HashMap$Node; @ 129 c2
Event: 2.035 Thread 0x00000216ec910000 DEOPT PACKING pc=0x00000216f7f17e70 sp=0x000000473d1faef0
Event: 2.035 Thread 0x00000216ec910000 DEOPT UNPACKING pc=0x00000216f04278af sp=0x000000473d1fadf0 mode 2
Event: 2.035 Thread 0x00000216ec910000 Uncommon trap: trap_request=0xffffffde fr.pc=0x00000216f7f078f8 relative=0x0000000000000f58
Event: 2.035 Thread 0x00000216ec910000 Uncommon trap: reason=class_check action=maybe_recompile pc=0x00000216f7f078f8 method=java.util.HashMap.putVal(ILjava/lang/Object;Ljava/lang/Object;ZZ)Ljava/lang/Object; @ 203 c2
Event: 2.035 Thread 0x00000216ec910000 DEOPT PACKING pc=0x00000216f7f078f8 sp=0x000000473d1fae70
Event: 2.035 Thread 0x00000216ec910000 DEOPT UNPACKING pc=0x00000216f04278af sp=0x000000473d1fae00 mode 2
Event: 2.036 Thread 0x00000216ec910000 DEOPT PACKING pc=0x00000216f0a2e8ff sp=0x000000473d1f8d00
Event: 2.036 Thread 0x00000216ec910000 DEOPT UNPACKING pc=0x00000216f04276ce sp=0x000000473d1f8150 mode 0

Classes redefined (0 events):
No events

Internal exceptions (9 events):
Event: 0.315 Thread 0x00000216ec910000 Exception <a 'java/lang/NoSuchMethodError'{0x000000009889dd98}: 'int java.lang.invoke.DirectMethodHandle$Holder.invokeSpecialIFC(java.lang.Object, java.lang.Object, int)'> (0x000000009889dd98) thrown at [./src/hotspot/share/interpreter/linkResolver.cpp, line 773]
Event: 0.462 Thread 0x00000216ec910000 Exception <a 'java/lang/NoSuchMethodError'{0x0000000098623518}: 'int java.lang.invoke.DirectMethodHandle$Holder.invokeStaticInit(java.lang.Object, java.lang.Object)'> (0x0000000098623518) thrown at [./src/hotspot/share/interpreter/linkResolver.cpp, line 773]
Event: 0.534 Thread 0x00000216ec910000 Exception <a 'java/lang/NoSuchMethodError'{0x00000000986de238}: 'int java.lang.invoke.DirectMethodHandle$Holder.invokeSpecial(java.lang.Object, java.lang.Object, java.lang.Object, java.lang.Object)'> (0x00000000986de238) thrown at [./src/hotspot/share/interpreter/linkResolver.cpp, line 773]
Event: 1.351 Thread 0x00000216ec910000 Exception <a 'java/lang/NoClassDefFoundError'{0x000000009779f880}: org/slf4j/impl/StaticMarkerBinder> (0x000000009779f880) thrown at [./src/hotspot/share/classfile/systemDictionary.cpp, line 220]
Event: 1.377 Thread 0x00000216ec910000 Exception <a 'java/lang/NoSuchMethodError'{0x0000000097638e40}: 'java.lang.Object java.lang.invoke.DirectMethodHandle$Holder.invokeVirtual(java.lang.Object, java.lang.Object, java.lang.Object, java.lang.Object, java.lang.Object)'> (0x0000000097638e40) thrown at [./src/hotspot/share/interpreter/linkResolver.cpp, line 773]
Event: 1.582 Thread 0x00000216ec910000 Exception <a 'java/lang/NoSuchMethodError'{0x0000000097238c30}: 'java.lang.Object java.lang.invoke.Invokers$Holder.invoker(java.lang.Object, java.lang.Object, java.lang.Object, java.lang.Object, java.lang.Object)'> (0x0000000097238c30) thrown at [./src/hotspot/share/interpreter/linkResolver.cpp, line 773]
Event: 1.597 Thread 0x00000216ec910000 Exception <a 'java/lang/NoSuchMethodError'{0x0000000097249998}: 'void java.lang.invoke.DelegatingMethodHandle$Holder.delegate(java.lang.Object, java.lang.Object, int, java.lang.Object)'> (0x0000000097249998) thrown at [./src/hotspot/share/interpreter/linkResolver.cpp, line 773]
Event: 1.928 Thread 0x00000216ec910000 Exception <a 'java/lang/NoSuchMethodError'{0x00000000986b7fd0}: 'java.lang.Object java.lang.invoke.DirectMethodHandle$Holder.invokeStaticInit(java.lang.Object, java.lang.Object, java.lang.Object)'> (0x00000000986b7fd0) thrown at [./src/hotspot/share/interpreter/linkResolver.cpp, line 773]
Event: 2.076 Thread 0x00000216ec910000 Exception <a 'java/lang/NoSuchMethodError'{0x00000000982bccb0}: 'java.lang.Object java.lang.invoke.DirectMethodHandle$Holder.invokeStaticInit(java.lang.Object, int, int, int, int)'> (0x00000000982bccb0) thrown at [./src/hotspot/share/interpreter/linkResolver.cpp, line 773]

Events (20 events):
Event: 2.087 loading class java/net/NetworkInterface$1
Event: 2.087 loading class java/net/NetworkInterface$1 done
Event: 2.088 loading class java/net/InterfaceAddress
Event: 2.088 loading class java/net/InterfaceAddress done
Event: 2.088 loading class java/net/InetAddress
Event: 2.089 loading class java/net/InetAddress done
Event: 2.089 loading class java/net/InetAddress$1
Event: 2.089 loading class java/net/InetAddress$1 done
Event: 2.090 loading class java/net/InetAddress$2
Event: 2.090 loading class jdk/internal/misc/JavaNetInetAddressAccess
Event: 2.090 loading class jdk/internal/misc/JavaNetInetAddressAccess done
Event: 2.090 loading class java/net/InetAddress$2 done
Event: 2.090 loading class java/net/InetAddress$InetAddressHolder
Event: 2.090 loading class java/net/InetAddress$InetAddressHolder done
Event: 2.090 loading class java/util/concurrent/ConcurrentSkipListSet
Event: 2.091 loading class java/util/NavigableSet
Event: 2.091 loading class java/util/SortedSet
Event: 2.091 loading class java/util/SortedSet done
Event: 2.091 loading class java/util/NavigableSet done
Event: 2.092 Executing VM operation: CollectForMetadataAllocation


Dynamic libraries:
0x00007ff670d30000 - 0x00007ff670d3a000 	C:\Program Files\Android\Android Studio\jre\bin\java.exe
0x00007ffff6e70000 - 0x00007ffff7065000 	C:\WINDOWS\SYSTEM32\ntdll.dll
0x00007ffff6810000 - 0x00007ffff68ce000 	C:\WINDOWS\System32\KERNEL32.DLL
0x00007ffff4bf0000 - 0x00007ffff4eb8000 	C:\WINDOWS\System32\KERNELBASE.dll
0x00007ffff4800000 - 0x00007ffff4900000 	C:\WINDOWS\System32\ucrtbase.dll
0x00007fffd20f0000 - 0x00007fffd2109000 	C:\Program Files\Android\Android Studio\jre\bin\jli.dll
0x00007fffd1960000 - 0x00007fffd1977000 	C:\Program Files\Android\Android Studio\jre\bin\VCRUNTIME140.dll
0x00007ffff6a50000 - 0x00007ffff6bf1000 	C:\WINDOWS\System32\USER32.dll
0x00007ffff49e0000 - 0x00007ffff4a02000 	C:\WINDOWS\System32\win32u.dll
0x00007fffd67e0000 - 0x00007fffd6a7a000 	C:\WINDOWS\WinSxS\amd64_microsoft.windows.common-controls_6595b64144ccf1df_6.0.19041.1110_none_60b5254171f9507e\COMCTL32.dll
0x00007ffff6980000 - 0x00007ffff69ab000 	C:\WINDOWS\System32\GDI32.dll
0x00007ffff64b0000 - 0x00007ffff654e000 	C:\WINDOWS\System32\msvcrt.dll
0x00007ffff4590000 - 0x00007ffff469b000 	C:\WINDOWS\System32\gdi32full.dll
0x00007ffff4ac0000 - 0x00007ffff4b5d000 	C:\WINDOWS\System32\msvcp_win.dll
0x00007ffff63b0000 - 0x00007ffff63e0000 	C:\WINDOWS\System32\IMM32.DLL
0x00007fffc30c0000 - 0x00007fffc315d000 	C:\Program Files\Android\Android Studio\jre\bin\msvcp140.dll
0x00007fff99fc0000 - 0x00007fff9aa8f000 	C:\Program Files\Android\Android Studio\jre\bin\server\jvm.dll
0x00007ffff63e0000 - 0x00007ffff648c000 	C:\WINDOWS\System32\ADVAPI32.dll
0x00007ffff50b0000 - 0x00007ffff514b000 	C:\WINDOWS\System32\sechost.dll
0x00007ffff6550000 - 0x00007ffff667a000 	C:\WINDOWS\System32\RPCRT4.dll
0x00007ffff6a40000 - 0x00007ffff6a48000 	C:\WINDOWS\System32\PSAPI.DLL
0x00007fffec550000 - 0x00007fffec55a000 	C:\WINDOWS\SYSTEM32\VERSION.dll
0x00007fffeaa00000 - 0x00007fffeaa27000 	C:\WINDOWS\SYSTEM32\WINMM.dll
0x00007fffefca0000 - 0x00007fffefca9000 	C:\WINDOWS\SYSTEM32\WSOCK32.dll
0x00007ffff6dc0000 - 0x00007ffff6e2b000 	C:\WINDOWS\System32\WS2_32.dll
0x00007ffff2e60000 - 0x00007ffff2e72000 	C:\WINDOWS\SYSTEM32\kernel.appcore.dll
0x00007fffedfd0000 - 0x00007fffedfe1000 	C:\Program Files\Android\Android Studio\jre\bin\verify.dll
0x00007ffff2c00000 - 0x00007ffff2de4000 	C:\WINDOWS\SYSTEM32\DBGHELP.DLL
0x00007fffe62a0000 - 0x00007fffe62cc000 	C:\WINDOWS\SYSTEM32\dbgcore.DLL
0x00007ffff4b60000 - 0x00007ffff4be3000 	C:\WINDOWS\System32\bcryptPrimitives.dll
0x00007fffedfa0000 - 0x00007fffedfc9000 	C:\Program Files\Android\Android Studio\jre\bin\java.dll
0x00007fffee100000 - 0x00007fffee10b000 	C:\Program Files\Android\Android Studio\jre\bin\jimage.dll
0x00007fffe3a30000 - 0x00007fffe3a48000 	C:\Program Files\Android\Android Studio\jre\bin\zip.dll
0x00007ffff5c70000 - 0x00007ffff63af000 	C:\WINDOWS\System32\SHELL32.dll
0x00007ffff2330000 - 0x00007ffff2ac0000 	C:\WINDOWS\SYSTEM32\windows.storage.dll
0x00007ffff5150000 - 0x00007ffff54a5000 	C:\WINDOWS\System32\combase.dll
0x00007ffff3f10000 - 0x00007ffff3f3e000 	C:\WINDOWS\SYSTEM32\Wldp.dll
0x00007ffff68d0000 - 0x00007ffff697d000 	C:\WINDOWS\System32\SHCORE.dll
0x00007ffff4ec0000 - 0x00007ffff4f15000 	C:\WINDOWS\System32\shlwapi.dll
0x00007ffff44d0000 - 0x00007ffff44ef000 	C:\WINDOWS\SYSTEM32\profapi.dll
0x00007fffe39f0000 - 0x00007fffe3a0a000 	C:\Program Files\Android\Android Studio\jre\bin\net.dll
0x00007fffe9950000 - 0x00007fffe9a5c000 	C:\WINDOWS\SYSTEM32\WINHTTP.dll
0x00007ffff3c70000 - 0x00007ffff3cda000 	C:\WINDOWS\system32\mswsock.dll
0x00007fffe39a0000 - 0x00007fffe39b4000 	C:\Program Files\Android\Android Studio\jre\bin\nio.dll
0x00007fffd1c70000 - 0x00007fffd1c96000 	C:\Users\tkhaj\.gradle\native\fdc75f09e3144964f2cf3f50f0aa648679c211496f362492102eb8c894070792\windows-amd64\native-platform.dll
0x00007fffb24f0000 - 0x00007fffb2681000 	C:\Users\tkhaj\.gradle\native\12488b8bf47d2d4c9fbf2f6322a914ad602e24e48041cd04a747c6da556b65c4\windows-amd64\native-platform-file-events.dll
0x00007fffed180000 - 0x00007fffed18a000 	C:\Program Files\Android\Android Studio\jre\bin\management.dll
0x00007fffe7540000 - 0x00007fffe754c000 	C:\Program Files\Android\Android Studio\jre\bin\management_ext.dll
0x00007ffff3e70000 - 0x00007ffff3e88000 	C:\WINDOWS\SYSTEM32\CRYPTSP.dll
0x00007ffff35f0000 - 0x00007ffff3624000 	C:\WINDOWS\system32\rsaenh.dll
0x00007ffff4900000 - 0x00007ffff4927000 	C:\WINDOWS\System32\bcrypt.dll
0x00007ffff4490000 - 0x00007ffff44be000 	C:\WINDOWS\SYSTEM32\USERENV.dll

dbghelp: loaded successfully - version: 4.0.5 - missing functions: none
symbol engine: initialized successfully - sym options: 0x614 - pdb path: .;C:\Program Files\Android\Android Studio\jre\bin;C:\WINDOWS\SYSTEM32;C:\WINDOWS\WinSxS\amd64_microsoft.windows.common-controls_6595b64144ccf1df_6.0.19041.1110_none_60b5254171f9507e;C:\Program Files\Android\Android Studio\jre\bin\server;C:\Users\tkhaj\.gradle\native\fdc75f09e3144964f2cf3f50f0aa648679c211496f362492102eb8c894070792\windows-amd64;C:\Users\tkhaj\.gradle\native\12488b8bf47d2d4c9fbf2f6322a914ad602e24e48041cd04a747c6da556b65c4\windows-amd64

VM Arguments:
jvm_args: -Dorg.gradle.appname=gradlew 
java_command: org.gradle.wrapper.GradleWrapperMain -q -Ptarget-platform=android-x86 -Ptarget=C:\Users\tkhaj\OneDrive\Desktop\appfinal\lib\main.dart -Pdart-defines=Zmx1dHRlci5pbnNwZWN0b3Iuc3RydWN0dXJlZEVycm9ycz10cnVl,RkxVVFRFUl9XRUJfQVVUT19ERVRFQ1Q9dHJ1ZQ== -Pdart-obfuscation=false -Ptrack-widget-creation=true -Ptree-shake-icons=false -Pfilesystem-scheme=org-dartlang-root assembleDebug
java_class_path (initial): C:\Users\tkhaj\OneDrive\Desktop\appfinal\android\\gradle\wrapper\gradle-wrapper.jar
Launcher Type: SUN_STANDARD

[Global flags]
     intx CICompilerCount                          = 4                                         {product} {ergonomic}
     uint ConcGCThreads                            = 2                                         {product} {ergonomic}
     uint G1ConcRefinementThreads                  = 8                                         {product} {ergonomic}
   size_t G1HeapRegionSize                         = 1048576                                   {product} {ergonomic}
    uintx GCDrainStackTargetSize                   = 64                                        {product} {ergonomic}
   size_t InitialHeapSize                          = 117440512                                 {product} {ergonomic}
   size_t MarkStackSize                            = 4194304                                   {product} {ergonomic}
   size_t MaxHeapSize                              = 1851785216                                {product} {ergonomic}
   size_t MaxNewSize                               = 1110441984                                {product} {ergonomic}
   size_t MinHeapDeltaBytes                        = 1048576                                   {product} {ergonomic}
    uintx NonNMethodCodeHeapSize                   = 5836300                                {pd product} {ergonomic}
    uintx NonProfiledCodeHeapSize                  = 122910970                              {pd product} {ergonomic}
    uintx ProfiledCodeHeapSize                     = 122910970                              {pd product} {ergonomic}
    uintx ReservedCodeCacheSize                    = 251658240                              {pd product} {ergonomic}
     bool SegmentedCodeCache                       = true                                      {product} {ergonomic}
     bool UseCompressedClassPointers               = true                                 {lp64_product} {ergonomic}
     bool UseCompressedOops                        = true                                 {lp64_product} {ergonomic}
     bool UseG1GC                                  = true                                      {product} {ergonomic}
     bool UseLargePagesIndividualAllocation        = false                                  {pd product} {ergonomic}

Logging:
Log output configuration:
 #0: stdout all=warning uptime,level,tags
 #1: stderr all=off uptime,level,tags

Environment Variables:
JAVA_HOME=C:\Program Files\Android\Android Studio\jre
CLASSPATH=C:\Users\tkhaj\OneDrive\Desktop\appfinal\android\\gradle\wrapper\gradle-wrapper.jar
PATH=C:\Program Files (x86)\Common Files\Oracle\Java\javapath;C:\WINDOWS\system32;C:\WINDOWS;C:\WINDOWS\System32\Wbem;C:\WINDOWS\System32\WindowsPowerShell\v1.0\;C:\WINDOWS\System32\OpenSSH\;C:\Program Files (x86)\dotnet\;C:\Program Files\Git\cmd;C:\Users\tkhaj\AppData\Local\Microsoft\WindowsApps;C:\Users\tkhaj\AppData\Roaming\Dashlane\6.1915.0.19667\bin\Firefox_Extension\{442718d9-475e-452a-b3e1-fb1ee16b8e9f}\components;C:\Users\tkhaj\AppData\Roaming\Dashlane\6.1915.0.19667\ucrt;C:\Users\tkhaj\AppData\Roaming\Dashlane\6.1915.0.19667\bin\Qt;C:\Users\tkhaj\AppData\Roaming\Dashlane\6.1915.0.19667\ucrt;C:\Users\tkhaj\AppData\Roaming\Dashlane\6.1915.0.19667\bin\Ssl;C:\msys64\mingw64\bin;C:\Users\tkhaj\AppData\Local\GitHubDesktop\bin;C:\Users\tkhaj\OneDrive\Desktop\flutter\bin;;C:\Users\tkhaj\OneDrive\Desktop\flutter\bin\mingit\cmd
USERNAME=tkhaj
OS=Windows_NT
PROCESSOR_IDENTIFIER=AMD64 Family 23 Model 17 Stepping 0, AuthenticAMD



---------------  S Y S T E M  ---------------

OS: Windows 10 , 64 bit Build 19041 (10.0.19041.1348)
OS uptime: 0 days 8:47 hours

CPU:total 8 (initial active 8) (8 cores per cpu, 2 threads per core) family 23 model 17 stepping 0 microcode 0x0, cmov, cx8, fxsr, mmx, sse, sse2, sse3, ssse3, sse4.1, sse4.2, popcnt, avx, avx2, aes, clmul, mmxext, 3dnowpref, lzcnt, sse4a, ht, tsc, tscinvbit, tscinv, bmi1, bmi2, adx, s

Memory: 4k page, system-wide physical 7058M (515M free)
TotalPageFile size 16039M (AvailPageFile size 177M)
current process WorkingSet (physical memory assigned to process): 89M, peak: 89M
current process commit charge ("private bytes"): 207M, peak: 207M

vm_info: OpenJDK 64-Bit Server VM (11.0.10+0-b96-7249189) for windows-amd64 JRE (11.0.10+0-b96-7249189), built on Mar 31 2021 21:44:00 by "builder" with MS VC++ 14.0 (VS2015)

END.
