#
# There is insufficient memory for the Java Runtime Environment to continue.
# Native memory allocation (mmap) failed to map 32505856 bytes for Failed to commit area from 0x00000000b5900000 to 0x00000000b7800000 of length 32505856.
# Possible reasons:
#   The system is out of physical RAM or swap space
#   The process is running with CompressedOops enabled, and the Java Heap may be blocking the growth of the native heap
# Possible solutions:
#   Reduce memory load on the system
#   Increase physical memory or swap space
#   Check if swap backing store is full
#   Decrease Java heap size (-Xmx/-Xms)
#   Decrease number of Java threads
#   Decrease Java thread stack sizes (-Xss)
#   Set larger code cache with -XX:ReservedCodeCacheSize=
#   JVM is running with Unscaled Compressed Oops mode in which the Java heap is
#     placed in the first 4GB address space. The Java Heap base address is the
#     maximum limit for the native heap growth. Please use -XX:HeapBaseMinAddress
#     to set the Java Heap base and to place the Java Heap above 4GB virtual address.
# This output file may be truncated or incomplete.
#
#  Out of Memory Error (./src/hotspot/os/windows/os_windows.cpp:3301), pid=23620, tid=23288
#
# JRE version: OpenJDK Runtime Environment (11.0.10) (build 11.0.10+0-b96-7249189)
# Java VM: OpenJDK 64-Bit Server VM (11.0.10+0-b96-7249189, mixed mode, tiered, compressed oops, g1 gc, windows-amd64)
# No core dump will be written. Minidumps are not enabled by default on client versions of Windows
#

---------------  S U M M A R Y ------------

Command Line: --add-opens=java.base/java.util=ALL-UNNAMED --add-opens=java.base/java.lang=ALL-UNNAMED --add-opens=java.base/java.lang.invoke=ALL-UNNAMED --add-opens=java.prefs/java.util.prefs=ALL-UNNAMED -Xmx1536M -Dfile.encoding=windows-1252 -Duser.country=US -Duser.language=en -Duser.variant org.gradle.launcher.daemon.bootstrap.GradleDaemon 6.7

Host: AMD Ryzen 5 2500U with Radeon Vega Mobile Gfx  , 8 cores, 6G,  Windows 10 , 64 bit Build 19041 (10.0.19041.1348)
Time: Mon Nov 15 18:00:24 2021 Pacific Standard Time elapsed time: 126.541995 seconds (0d 0h 2m 6s)

---------------  T H R E A D  ---------------

Current thread (0x00000160ad7d1800):  JavaThread "ForkJoinPool.commonPool-worker-9" daemon [_thread_in_vm, id=23288, stack(0x0000000980e00000,0x0000000980f00000)]

Stack: [0x0000000980e00000,0x0000000980f00000]
Native frames: (J=compiled Java code, j=interpreted, Vv=VM code, C=native code)
V  [jvm.dll+0x5ecfaa]
V  [jvm.dll+0x722bd5]
V  [jvm.dll+0x72412d]
V  [jvm.dll+0x7247e3]
V  [jvm.dll+0x242928]
V  [jvm.dll+0x5ea374]
V  [jvm.dll+0x5df425]
V  [jvm.dll+0x2fdebb]
V  [jvm.dll+0x2fde2a]
V  [jvm.dll+0x2fdd02]
V  [jvm.dll+0x302bf6]
V  [jvm.dll+0x34b2a3]
V  [jvm.dll+0x34b9a6]
V  [jvm.dll+0x34b3a3]
V  [jvm.dll+0x2d9065]
V  [jvm.dll+0x2d548f]
V  [jvm.dll+0x585f62]
V  [jvm.dll+0x5857ec]
V  [jvm.dll+0x1e8aed]
V  [jvm.dll+0x6fff5f]
V  [jvm.dll+0x36d574]
C  0x0000016092caeb17

Java frames: (J=compiled Java code, j=interpreted, Vv=VM code)
j  java.nio.file.Files.read(Ljava/io/InputStream;I)[B+3 java.base@11.0.10
j  java.nio.file.Files.readAllBytes(Ljava/nio/file/Path;)[B+56 java.base@11.0.10
j  com.android.builder.internal.packaging.ApkFlinger$writeFile$1.call()V+36
j  com.android.builder.internal.packaging.ApkFlinger$writeFile$1.call()Ljava/lang/Object;+1
J 15349 c1 java.util.concurrent.ForkJoinTask$AdaptedCallable.exec()Z java.base@11.0.10 (28 bytes) @ 0x00000160952c55cc [0x00000160952c5560+0x000000000000006c]
J 15353 c1 java.util.concurrent.ForkJoinTask.doExec()I java.base@11.0.10 (37 bytes) @ 0x00000160952c50dc [0x00000160952c5060+0x000000000000007c]
j  java.util.concurrent.ForkJoinPool$WorkQueue.topLevelExec(Ljava/util/concurrent/ForkJoinTask;Ljava/util/concurrent/ForkJoinPool$WorkQueue;I)V+12 java.base@11.0.10
J 20172 c1 java.util.concurrent.ForkJoinPool.scan(Ljava/util/concurrent/ForkJoinPool$WorkQueue;I)Z java.base@11.0.10 (209 bytes) @ 0x0000016095a87c54 [0x0000016095a877c0+0x0000000000000494]
j  java.util.concurrent.ForkJoinPool.runWorker(Ljava/util/concurrent/ForkJoinPool$WorkQueue;)V+25 java.base@11.0.10
j  java.util.concurrent.ForkJoinWorkerThread.run()V+24 java.base@11.0.10
v  ~StubRoutines::call_stub

---------------  P R O C E S S  ---------------

Threads class SMR info:
_java_thread_list=0x00000160a8dee060, length=64, elements={
0x000001608f19f000, 0x00000160a82da800, 0x00000160a82fc000, 0x00000160a8316000,
0x00000160a8318800, 0x00000160a831a800, 0x00000160a8326800, 0x00000160a832b000,
0x00000160a832d800, 0x00000160a8df7000, 0x00000160a8df8800, 0x00000160a8df8000,
0x00000160a8df9800, 0x00000160a8df4000, 0x00000160a8dfa800, 0x00000160a8df4800,
0x00000160a8df5800, 0x00000160a8df6800, 0x00000160aa9e6000, 0x00000160aa9e4000,
0x00000160aa9e8000, 0x00000160aa9e2000, 0x00000160aa9e5800, 0x00000160aa9e7000,
0x00000160aa9e3000, 0x00000160aa9e8800, 0x00000160aa9e4800, 0x00000160ab915800,
0x00000160ab914000, 0x00000160ab917000, 0x00000160ab918800, 0x00000160ab914800,
0x00000160ab91e800, 0x00000160ab91f800, 0x00000160ab919800, 0x00000160ab91a800,
0x00000160ab920000, 0x00000160ab921000, 0x00000160ad7d2000, 0x00000160ad7d7000,
0x00000160ad7d4000, 0x00000160ad7d4800, 0x00000160ad7d5800, 0x00000160ad7d6800,
0x00000160b2800800, 0x00000160b27fd800, 0x00000160b2804000, 0x00000160b2801800,
0x00000160b280a800, 0x00000160b280b800, 0x00000160b2809000, 0x00000160ad7ca000,
0x00000160ad7ce000, 0x00000160ad7cb000, 0x00000160ad7cd800, 0x00000160ad7cf000,
0x00000160ad7c9800, 0x00000160ad7d0000, 0x00000160ad7d0800, 0x00000160ad7d1800,
0x00000160b2805000, 0x00000160b27ff000, 0x00000160ab91c000, 0x00000160ab916800
}

Java Threads: ( => current thread )
  0x000001608f19f000 JavaThread "main" [_thread_blocked, id=24816, stack(0x00000009fc700000,0x00000009fc800000)]
  0x00000160a82da800 JavaThread "Reference Handler" daemon [_thread_blocked, id=24068, stack(0x00000009fce00000,0x00000009fcf00000)]
  0x00000160a82fc000 JavaThread "Finalizer" daemon [_thread_blocked, id=11160, stack(0x00000009fcf00000,0x00000009fd000000)]
  0x00000160a8316000 JavaThread "Signal Dispatcher" daemon [_thread_blocked, id=25344, stack(0x00000009fd000000,0x00000009fd100000)]
  0x00000160a8318800 JavaThread "Attach Listener" daemon [_thread_blocked, id=6176, stack(0x00000009fd100000,0x00000009fd200000)]
  0x00000160a831a800 JavaThread "Service Thread" daemon [_thread_blocked, id=26460, stack(0x00000009fd200000,0x00000009fd300000)]
  0x00000160a8326800 JavaThread "C2 CompilerThread0" daemon [_thread_blocked, id=6084, stack(0x00000009fd300000,0x00000009fd400000)]
  0x00000160a832b000 JavaThread "C1 CompilerThread0" daemon [_thread_blocked, id=24048, stack(0x00000009fd400000,0x00000009fd500000)]
  0x00000160a832d800 JavaThread "Sweeper thread" daemon [_thread_blocked, id=24924, stack(0x00000009fd500000,0x00000009fd600000)]
  0x00000160a8df7000 JavaThread "Common-Cleaner" daemon [_thread_blocked, id=25016, stack(0x00000009fd600000,0x00000009fd700000)]
  0x00000160a8df8800 JavaThread "Daemon health stats" [_thread_blocked, id=9912, stack(0x00000009fd800000,0x00000009fd900000)]
  0x00000160a8df8000 JavaThread "Incoming local TCP Connector on port 58347" [_thread_in_native, id=15104, stack(0x00000009fdc00000,0x00000009fdd00000)]
  0x00000160a8df9800 JavaThread "Daemon periodic checks" [_thread_blocked, id=18552, stack(0x00000009fdd00000,0x00000009fde00000)]
  0x00000160a8df4000 JavaThread "Daemon" [_thread_blocked, id=21720, stack(0x00000009fde00000,0x00000009fdf00000)]
  0x00000160a8dfa800 JavaThread "Handler for socket connection from /127.0.0.1:58347 to /127.0.0.1:58348" [_thread_in_native, id=6536, stack(0x00000009fdf00000,0x00000009fe000000)]
  0x00000160a8df4800 JavaThread "Cancel handler" [_thread_blocked, id=19696, stack(0x00000009fe000000,0x00000009fe100000)]
  0x00000160a8df5800 JavaThread "Daemon worker" [_thread_blocked, id=21664, stack(0x00000009fe100000,0x00000009fe200000)]
  0x00000160a8df6800 JavaThread "Asynchronous log dispatcher for DefaultDaemonConnection: socket connection from /127.0.0.1:58347 to /127.0.0.1:58348" [_thread_blocked, id=26028, stack(0x00000009fe200000,0x00000009fe300000)]
  0x00000160aa9e6000 JavaThread "Stdin handler" [_thread_blocked, id=8024, stack(0x00000009fe300000,0x00000009fe400000)]
  0x00000160aa9e4000 JavaThread "Thread-8" [_thread_blocked, id=24460, stack(0x00000009fe400000,0x00000009fe500000)]
  0x00000160aa9e8000 JavaThread "Cache worker for file hash cache (C:\Users\tkhaj\.gradle\caches\6.7\fileHashes)" [_thread_blocked, id=15552, stack(0x00000009fec00000,0x00000009fed00000)]
  0x00000160aa9e2000 JavaThread "File lock request listener" [_thread_in_native, id=22660, stack(0x00000009fed00000,0x00000009fee00000)]
  0x00000160aa9e5800 JavaThread "Cache worker for journal cache (C:\Users\tkhaj\.gradle\caches\journal-1)" [_thread_blocked, id=10808, stack(0x00000009fee00000,0x00000009fef00000)]
  0x00000160aa9e7000 JavaThread "Cache worker for file hash cache (C:\Users\tkhaj\OneDrive\Desktop\appfinal\android\.gradle\6.7\fileHashes)" [_thread_blocked, id=23640, stack(0x00000009ff000000,0x00000009ff100000)]
  0x00000160aa9e3000 JavaThread "Cache worker for checksums cache (C:\Users\tkhaj\OneDrive\Desktop\appfinal\android\.gradle\checksums)" [_thread_blocked, id=23820, stack(0x00000009ff100000,0x00000009ff200000)]
  0x00000160aa9e8800 JavaThread "Cache worker for cache directory md-supplier (C:\Users\tkhaj\.gradle\caches\6.7\md-supplier)" [_thread_blocked, id=23728, stack(0x00000009ff200000,0x00000009ff300000)]
  0x00000160aa9e4800 JavaThread "Cache worker for cache directory md-rule (C:\Users\tkhaj\.gradle\caches\6.7\md-rule)" [_thread_blocked, id=25060, stack(0x00000009ff300000,0x00000009ff400000)]
  0x00000160ab915800 JavaThread "Cache worker for execution history cache (C:\Users\tkhaj\.gradle\caches\6.7\executionHistory)" [_thread_blocked, id=22212, stack(0x00000009ff400000,0x00000009ff500000)]
  0x00000160ab914000 JavaThread "Cache worker for file content cache (C:\Users\tkhaj\.gradle\caches\6.7\fileContent)" [_thread_blocked, id=12524, stack(0x00000009ff600000,0x00000009ff700000)]
  0x00000160ab917000 JavaThread "Cache worker for Build Output Cleanup Cache (C:\Users\tkhaj\OneDrive\Desktop\appfinal\android\.gradle\buildOutputCleanup)" [_thread_blocked, id=23400, stack(0x00000009ff800000,0x00000009ff900000)]
  0x00000160ab918800 JavaThread "Build operations" [_thread_blocked, id=24480, stack(0x00000009ff900000,0x00000009ffa00000)]
  0x00000160ab914800 JavaThread "Build operations Thread 2" [_thread_blocked, id=25772, stack(0x00000009ffa00000,0x00000009ffb00000)]
  0x00000160ab91e800 JavaThread "Build operations Thread 3" [_thread_blocked, id=19152, stack(0x00000009ffb00000,0x00000009ffc00000)]
  0x00000160ab91f800 JavaThread "Build operations Thread 4" [_thread_blocked, id=2500, stack(0x00000009ffc00000,0x00000009ffd00000)]
  0x00000160ab919800 JavaThread "Build operations Thread 5" [_thread_blocked, id=9068, stack(0x00000009ffd00000,0x00000009ffe00000)]
  0x00000160ab91a800 JavaThread "Build operations Thread 6" [_thread_blocked, id=2976, stack(0x00000009ffe00000,0x00000009fff00000)]
  0x00000160ab920000 JavaThread "Build operations Thread 7" [_thread_blocked, id=23396, stack(0x00000009fff00000,0x0000000a00000000)]
  0x00000160ab921000 JavaThread "Build operations Thread 8" [_thread_blocked, id=9032, stack(0x0000000980000000,0x0000000980100000)]
  0x00000160ad7d2000 JavaThread "pool-1-thread-1" [_thread_blocked, id=26240, stack(0x0000000987000000,0x0000000987100000)]
  0x00000160ad7d7000 JavaThread "Memory manager" [_thread_blocked, id=5032, stack(0x0000000987100000,0x0000000987200000)]
  0x00000160ad7d4000 JavaThread "Execution worker for ':'" [_thread_blocked, id=13552, stack(0x0000000987300000,0x0000000987400000)]
  0x00000160ad7d4800 JavaThread "Execution worker for ':' Thread 2" [_thread_blocked, id=5708, stack(0x0000000987400000,0x0000000987500000)]
  0x00000160ad7d5800 JavaThread "Execution worker for ':' Thread 3" [_thread_blocked, id=24964, stack(0x0000000987500000,0x0000000987600000)]
  0x00000160ad7d6800 JavaThread "Execution worker for ':' Thread 4" [_thread_blocked, id=7172, stack(0x0000000987600000,0x0000000987700000)]
  0x00000160b2800800 JavaThread "Execution worker for ':' Thread 5" [_thread_blocked, id=1728, stack(0x0000000987700000,0x0000000987800000)]
  0x00000160b27fd800 JavaThread "Execution worker for ':' Thread 6" [_thread_blocked, id=24568, stack(0x0000000987800000,0x0000000987900000)]
  0x00000160b2804000 JavaThread "Execution worker for ':' Thread 7" [_thread_blocked, id=20300, stack(0x0000000987900000,0x0000000987a00000)]
  0x00000160b2801800 JavaThread "Cache worker for execution history cache (C:\Users\tkhaj\OneDrive\Desktop\appfinal\android\.gradle\6.7\executionHistory)" [_thread_blocked, id=22632, stack(0x0000000987a00000,0x0000000987b00000)]
  0x00000160b280a800 JavaThread "Cache worker for Java compile cache (C:\Users\tkhaj\.gradle\caches\6.7\javaCompile)" [_thread_blocked, id=24252, stack(0x0000000988400000,0x0000000988500000)]
  0x00000160b280b800 JavaThread "Cache worker for Java compile cache (C:\Users\tkhaj\OneDrive\Desktop\appfinal\android\.gradle\6.7\javaCompile)" [_thread_blocked, id=15668, stack(0x0000000988500000,0x0000000988600000)]
  0x00000160b2809000 JavaThread "ForkJoinPool.commonPool-worker-3" daemon [_thread_blocked, id=4380, stack(0x0000000980200000,0x0000000980300000)]
  0x00000160ad7ca000 JavaThread "RMI Scheduler(0)" daemon [_thread_blocked, id=22636, stack(0x0000000980100000,0x0000000980200000)]
  0x00000160ad7ce000 JavaThread "RMI GC Daemon" daemon [_thread_blocked, id=24580, stack(0x0000000980600000,0x0000000980700000)]
  0x00000160ad7cb000 JavaThread "RMI TCP Accept-0" daemon [_thread_in_native, id=17312, stack(0x0000000980800000,0x0000000980900000)]
  0x00000160ad7cd800 JavaThread "RMI Reaper" [_thread_blocked, id=21348, stack(0x0000000980900000,0x0000000980a00000)]
  0x00000160ad7cf000 JavaThread "RMI TCP Connection(idle)" daemon [_thread_blocked, id=24532, stack(0x0000000980a00000,0x0000000980b00000)]
  0x00000160ad7c9800 JavaThread "ForkJoinPool.commonPool-worker-5" daemon [_thread_blocked, id=1980, stack(0x0000000980b00000,0x0000000980c00000)]
  0x00000160ad7d0000 JavaThread "ForkJoinPool.commonPool-worker-7" daemon [_thread_blocked, id=21132, stack(0x0000000980c00000,0x0000000980d00000)]
  0x00000160ad7d0800 JavaThread "ForkJoinPool.commonPool-worker-11" daemon [_thread_blocked, id=6220, stack(0x0000000980d00000,0x0000000980e00000)]
=>0x00000160ad7d1800 JavaThread "ForkJoinPool.commonPool-worker-9" daemon [_thread_in_vm, id=23288, stack(0x0000000980e00000,0x0000000980f00000)]
  0x00000160b2805000 JavaThread "ForkJoinPool.commonPool-worker-13" daemon [_thread_blocked, id=4664, stack(0x0000000980f00000,0x0000000981000000)]
  0x00000160b27ff000 JavaThread "ForkJoinPool.commonPool-worker-15" daemon [_thread_blocked, id=21000, stack(0x0000000981000000,0x0000000981100000)]
  0x00000160ab91c000 JavaThread "WorkerExecutor Queue Thread 17" [_thread_blocked, id=23224, stack(0x0000000981300000,0x0000000981400000)]
  0x00000160ab916800 JavaThread "WorkerExecutor Queue Thread 18" [_thread_blocked, id=18268, stack(0x0000000980300000,0x0000000980400000)]

Other Threads:
  0x00000160a82d6800 VMThread "VM Thread" [stack: 0x00000009fcd00000,0x00000009fce00000] [id=25756]
  0x00000160a8e19800 WatcherThread [stack: 0x00000009fd700000,0x00000009fd800000] [id=14504]
  0x000001608f1b6000 GCTaskThread "GC Thread#0" [stack: 0x00000009fc800000,0x00000009fc900000] [id=10932]
  0x00000160a9755000 GCTaskThread "GC Thread#1" [stack: 0x00000009fd900000,0x00000009fda00000] [id=25476]
  0x00000160aa22f800 GCTaskThread "GC Thread#2" [stack: 0x00000009fe500000,0x00000009fe600000] [id=26224]
  0x00000160aa235000 GCTaskThread "GC Thread#3" [stack: 0x00000009fe600000,0x00000009fe700000] [id=26268]
  0x00000160a8d4f000 GCTaskThread "GC Thread#4" [stack: 0x00000009fe700000,0x00000009fe800000] [id=24384]
  0x00000160a9c03800 GCTaskThread "GC Thread#5" [stack: 0x00000009fe800000,0x00000009fe900000] [id=2216]
  0x00000160aade2000 GCTaskThread "GC Thread#6" [stack: 0x00000009fe900000,0x00000009fea00000] [id=26264]
  0x00000160aade2800 GCTaskThread "GC Thread#7" [stack: 0x00000009fea00000,0x00000009feb00000] [id=20128]
  0x000001608f1dd000 ConcurrentGCThread "G1 Main Marker" [stack: 0x00000009fc900000,0x00000009fca00000] [id=23568]
  0x000001608f1df800 ConcurrentGCThread "G1 Conc#0" [stack: 0x00000009fca00000,0x00000009fcb00000] [id=24224]
  0x00000160a9223000 ConcurrentGCThread "G1 Conc#1" [stack: 0x00000009fef00000,0x00000009ff000000] [id=5376]
  0x000001608f26f000 ConcurrentGCThread "G1 Refine#0" [stack: 0x00000009fcb00000,0x00000009fcc00000] [id=24992]
  0x00000160aad37000 ConcurrentGCThread "G1 Refine#1" [stack: 0x00000009feb00000,0x00000009fec00000] [id=20708]
  0x00000160aad39000 ConcurrentGCThread "G1 Refine#2" [stack: 0x0000000980500000,0x0000000980600000] [id=23044]
  0x00000160aad3a000 ConcurrentGCThread "G1 Refine#3" [stack: 0x0000000981b00000,0x0000000981c00000] [id=25260]
  0x00000160aad3c000 ConcurrentGCThread "G1 Refine#4" [stack: 0x0000000981c00000,0x0000000981d00000] [id=18856]
  0x000001608f270000 ConcurrentGCThread "G1 Young RemSet Sampling" [stack: 0x00000009fcc00000,0x00000009fcd00000] [id=22100]

Threads with active compile tasks:

VM state:not at safepoint (normal execution)

VM Mutex/Monitor currently owned by a thread:  ([mutex/lock_event])
[0x000001608f19b8d0] Heap_lock - owner thread: 0x00000160ad7d1800

Heap address: 0x00000000a0000000, size: 1536 MB, Compressed Oops mode: 32-bit
Narrow klass base: 0x0000000000000000, Narrow klass shift: 3
Compressed class space size: 1073741824 Address: 0x0000000100000000

Heap:
 garbage-first heap   total 385024K, used 299756K [0x00000000a0000000, 0x0000000100000000)
  region size 1024K, 3 young (3072K), 1 survivors (1024K)
 Metaspace       used 125371K, capacity 129323K, committed 129496K, reserved 1161216K
  class space    used 16194K, capacity 17603K, committed 17664K, reserved 1048576K
Heap Regions: E=young(eden), S=young(survivor), O=old, HS=humongous(starts), HC=humongous(continues), CS=collection set, F=free, A=archive, TAMS=top-at-mark-start (previous, next)
|   0|0x00000000a0000000, 0x00000000a0100000, 0x00000000a0100000|100%| O|  |TAMS 0x00000000a0100000, 0x00000000a0000000| Untracked 
|   1|0x00000000a0100000, 0x00000000a0200000, 0x00000000a0200000|100%| O|  |TAMS 0x00000000a0200000, 0x00000000a0100000| Untracked 
|   2|0x00000000a0200000, 0x00000000a0300000, 0x00000000a0300000|100%| O|  |TAMS 0x00000000a0300000, 0x00000000a0200000| Untracked 
|   3|0x00000000a0300000, 0x00000000a0400000, 0x00000000a0400000|100%|HS|  |TAMS 0x00000000a0400000, 0x00000000a0300000| Complete 
|   4|0x00000000a0400000, 0x00000000a0500000, 0x00000000a0500000|100%|HC|  |TAMS 0x00000000a0500000, 0x00000000a0400000| Complete 
|   5|0x00000000a0500000, 0x00000000a0600000, 0x00000000a0600000|100%|HC|  |TAMS 0x00000000a0600000, 0x00000000a0500000| Complete 
|   6|0x00000000a0600000, 0x00000000a0700000, 0x00000000a0700000|100%| O|  |TAMS 0x00000000a0700000, 0x00000000a0600000| Untracked 
|   7|0x00000000a0700000, 0x00000000a0800000, 0x00000000a0800000|100%| O|  |TAMS 0x00000000a0800000, 0x00000000a0700000| Untracked 
|   8|0x00000000a0800000, 0x00000000a0900000, 0x00000000a0900000|100%| O|  |TAMS 0x00000000a0900000, 0x00000000a0800000| Untracked 
|   9|0x00000000a0900000, 0x00000000a0a00000, 0x00000000a0a00000|100%| O|  |TAMS 0x00000000a0a00000, 0x00000000a0900000| Untracked 
|  10|0x00000000a0a00000, 0x00000000a0b00000, 0x00000000a0b00000|100%| O|  |TAMS 0x00000000a0b00000, 0x00000000a0a00000| Complete 
|  11|0x00000000a0b00000, 0x00000000a0c00000, 0x00000000a0c00000|100%| O|  |TAMS 0x00000000a0c00000, 0x00000000a0b00000| Untracked 
|  12|0x00000000a0c00000, 0x00000000a0d00000, 0x00000000a0d00000|100%| O|  |TAMS 0x00000000a0d00000, 0x00000000a0c00000| Complete 
|  13|0x00000000a0d00000, 0x00000000a0e00000, 0x00000000a0e00000|100%| O|  |TAMS 0x00000000a0e00000, 0x00000000a0d00000| Untracked 
|  14|0x00000000a0e00000, 0x00000000a0f00000, 0x00000000a0f00000|100%| O|  |TAMS 0x00000000a0f00000, 0x00000000a0e00000| Untracked 
|  15|0x00000000a0f00000, 0x00000000a1000000, 0x00000000a1000000|100%| O|  |TAMS 0x00000000a1000000, 0x00000000a0f00000| Untracked 
|  16|0x00000000a1000000, 0x00000000a1100000, 0x00000000a1100000|100%| O|  |TAMS 0x00000000a1100000, 0x00000000a1000000| Complete 
|  17|0x00000000a1100000, 0x00000000a1200000, 0x00000000a1200000|100%|HS|  |TAMS 0x00000000a1200000, 0x00000000a1100000| Complete 
|  18|0x00000000a1200000, 0x00000000a1300000, 0x00000000a1300000|100%| O|  |TAMS 0x00000000a1300000, 0x00000000a1200000| Untracked 
|  19|0x00000000a1300000, 0x00000000a1400000, 0x00000000a1400000|100%| O|  |TAMS 0x00000000a1400000, 0x00000000a1300000| Complete 
|  20|0x00000000a1400000, 0x00000000a1500000, 0x00000000a1500000|100%| O|  |TAMS 0x00000000a1500000, 0x00000000a1400000| Untracked 
|  21|0x00000000a1500000, 0x00000000a1600000, 0x00000000a1600000|100%| O|  |TAMS 0x00000000a1600000, 0x00000000a1500000| Untracked 
|  22|0x00000000a1600000, 0x00000000a1700000, 0x00000000a1700000|100%| O|  |TAMS 0x00000000a1700000, 0x00000000a1600000| Untracked 
|  23|0x00000000a1700000, 0x00000000a1800000, 0x00000000a1800000|100%| O|  |TAMS 0x00000000a1800000, 0x00000000a1700000| Untracked 
|  24|0x00000000a1800000, 0x00000000a1900000, 0x00000000a1900000|100%|HS|  |TAMS 0x00000000a1900000, 0x00000000a1800000| Complete 
|  25|0x00000000a1900000, 0x00000000a1a00000, 0x00000000a1a00000|100%|HC|  |TAMS 0x00000000a1a00000, 0x00000000a1900000| Complete 
|  26|0x00000000a1a00000, 0x00000000a1b00000, 0x00000000a1b00000|100%|HC|  |TAMS 0x00000000a1b00000, 0x00000000a1a00000| Complete 
|  27|0x00000000a1b00000, 0x00000000a1c00000, 0x00000000a1c00000|100%|HS|  |TAMS 0x00000000a1c00000, 0x00000000a1b00000| Complete 
|  28|0x00000000a1c00000, 0x00000000a1d00000, 0x00000000a1d00000|100%|HC|  |TAMS 0x00000000a1d00000, 0x00000000a1c00000| Complete 
|  29|0x00000000a1d00000, 0x00000000a1e00000, 0x00000000a1e00000|100%| O|  |TAMS 0x00000000a1e00000, 0x00000000a1d00000| Untracked 
|  30|0x00000000a1e00000, 0x00000000a1f00000, 0x00000000a1f00000|100%| O|  |TAMS 0x00000000a1f00000, 0x00000000a1e00000| Untracked 
|  31|0x00000000a1f00000, 0x00000000a2000000, 0x00000000a2000000|100%| O|  |TAMS 0x00000000a2000000, 0x00000000a1f00000| Complete 
|  32|0x00000000a2000000, 0x00000000a2100000, 0x00000000a2100000|100%| O|  |TAMS 0x00000000a2100000, 0x00000000a2000000| Untracked 
|  33|0x00000000a2100000, 0x00000000a2200000, 0x00000000a2200000|100%| O|  |TAMS 0x00000000a2200000, 0x00000000a2100000| Untracked 
|  34|0x00000000a2200000, 0x00000000a2300000, 0x00000000a2300000|100%| O|  |TAMS 0x00000000a2300000, 0x00000000a2200000| Untracked 
|  35|0x00000000a2300000, 0x00000000a2400000, 0x00000000a2400000|100%| O|  |TAMS 0x00000000a2400000, 0x00000000a2300000| Untracked 
|  36|0x00000000a2400000, 0x00000000a2500000, 0x00000000a2500000|100%| O|  |TAMS 0x00000000a2500000, 0x00000000a2400000| Untracked 
|  37|0x00000000a2500000, 0x00000000a2600000, 0x00000000a2600000|100%| O|  |TAMS 0x00000000a2600000, 0x00000000a2500000| Untracked 
|  38|0x00000000a2600000, 0x00000000a2700000, 0x00000000a2700000|100%| O|  |TAMS 0x00000000a2700000, 0x00000000a2600000| Untracked 
|  39|0x00000000a2700000, 0x00000000a2800000, 0x00000000a2800000|100%| O|  |TAMS 0x00000000a2800000, 0x00000000a2700000| Complete 
|  40|0x00000000a2800000, 0x00000000a2900000, 0x00000000a2900000|100%| O|  |TAMS 0x00000000a2900000, 0x00000000a2800000| Untracked 
|  41|0x00000000a2900000, 0x00000000a2a00000, 0x00000000a2a00000|100%| O|  |TAMS 0x00000000a2a00000, 0x00000000a2900000| Untracked 
|  42|0x00000000a2a00000, 0x00000000a2b00000, 0x00000000a2b00000|100%| O|  |TAMS 0x00000000a2b00000, 0x00000000a2a00000| Untracked 
|  43|0x00000000a2b00000, 0x00000000a2c00000, 0x00000000a2c00000|100%| O|  |TAMS 0x00000000a2c00000, 0x00000000a2b00000| Untracked 
|  44|0x00000000a2c00000, 0x00000000a2d00000, 0x00000000a2d00000|100%| O|  |TAMS 0x00000000a2d00000, 0x00000000a2c00000| Complete 
|  45|0x00000000a2d00000, 0x00000000a2e00000, 0x00000000a2e00000|100%| O|  |TAMS 0x00000000a2e00000, 0x00000000a2d00000| Untracked 
|  46|0x00000000a2e00000, 0x00000000a2f00000, 0x00000000a2f00000|100%| O|  |TAMS 0x00000000a2f00000, 0x00000000a2e00000| Untracked 
|  47|0x00000000a2f00000, 0x00000000a3000000, 0x00000000a3000000|100%| O|  |TAMS 0x00000000a3000000, 0x00000000a2f00000| Untracked 
|  48|0x00000000a3000000, 0x00000000a3100000, 0x00000000a3100000|100%| O|  |TAMS 0x00000000a3100000, 0x00000000a3000000| Untracked 
|  49|0x00000000a3100000, 0x00000000a3200000, 0x00000000a3200000|100%| O|  |TAMS 0x00000000a3200000, 0x00000000a3100000| Untracked 
|  50|0x00000000a3200000, 0x00000000a3300000, 0x00000000a3300000|100%| O|  |TAMS 0x00000000a3300000, 0x00000000a3200000| Untracked 
|  51|0x00000000a3300000, 0x00000000a3400000, 0x00000000a3400000|100%| O|  |TAMS 0x00000000a3400000, 0x00000000a3300000| Untracked 
|  52|0x00000000a3400000, 0x00000000a3500000, 0x00000000a3500000|100%| O|  |TAMS 0x00000000a3500000, 0x00000000a3400000| Untracked 
|  53|0x00000000a3500000, 0x00000000a3600000, 0x00000000a3600000|100%| O|  |TAMS 0x00000000a3600000, 0x00000000a3500000| Complete 
|  54|0x00000000a3600000, 0x00000000a3700000, 0x00000000a3700000|100%| O|  |TAMS 0x00000000a3700000, 0x00000000a3600000| Untracked 
|  55|0x00000000a3700000, 0x00000000a3800000, 0x00000000a3800000|100%| O|  |TAMS 0x00000000a3800000, 0x00000000a3700000| Complete 
|  56|0x00000000a3800000, 0x00000000a3900000, 0x00000000a3900000|100%| O|  |TAMS 0x00000000a3900000, 0x00000000a3800000| Untracked 
|  57|0x00000000a3900000, 0x00000000a3a00000, 0x00000000a3a00000|100%| O|  |TAMS 0x00000000a3a00000, 0x00000000a3900000| Untracked 
|  58|0x00000000a3a00000, 0x00000000a3b00000, 0x00000000a3b00000|100%| O|  |TAMS 0x00000000a3b00000, 0x00000000a3a00000| Untracked 
|  59|0x00000000a3b00000, 0x00000000a3c00000, 0x00000000a3c00000|100%| O|  |TAMS 0x00000000a3c00000, 0x00000000a3b00000| Complete 
|  60|0x00000000a3c00000, 0x00000000a3d00000, 0x00000000a3d00000|100%| O|  |TAMS 0x00000000a3d00000, 0x00000000a3c00000| Complete 
|  61|0x00000000a3d00000, 0x00000000a3e00000, 0x00000000a3e00000|100%|HS|  |TAMS 0x00000000a3e00000, 0x00000000a3d00000| Complete 
|  62|0x00000000a3e00000, 0x00000000a3f00000, 0x00000000a3f00000|100%|HC|  |TAMS 0x00000000a3f00000, 0x00000000a3e00000| Complete 
|  63|0x00000000a3f00000, 0x00000000a4000000, 0x00000000a4000000|100%|HC|  |TAMS 0x00000000a4000000, 0x00000000a3f00000| Complete 
|  64|0x00000000a4000000, 0x00000000a4100000, 0x00000000a4100000|100%| O|  |TAMS 0x00000000a4100000, 0x00000000a4000000| Untracked 
|  65|0x00000000a4100000, 0x00000000a4200000, 0x00000000a4200000|100%| O|  |TAMS 0x00000000a4200000, 0x00000000a4100000| Untracked 
|  66|0x00000000a4200000, 0x00000000a4300000, 0x00000000a4300000|100%| O|  |TAMS 0x00000000a4300000, 0x00000000a4200000| Untracked 
|  67|0x00000000a4300000, 0x00000000a4400000, 0x00000000a4400000|100%|HS|  |TAMS 0x00000000a4300000, 0x00000000a4300000| Complete 
|  68|0x00000000a4400000, 0x00000000a4500000, 0x00000000a4500000|100%| O|  |TAMS 0x00000000a4500000, 0x00000000a4400000| Complete 
|  69|0x00000000a4500000, 0x00000000a4600000, 0x00000000a4600000|100%| O|  |TAMS 0x00000000a4600000, 0x00000000a4500000| Untracked 
|  70|0x00000000a4600000, 0x00000000a4700000, 0x00000000a4700000|100%| O|  |TAMS 0x00000000a4700000, 0x00000000a4600000| Untracked 
|  71|0x00000000a4700000, 0x00000000a4800000, 0x00000000a4800000|100%| O|  |TAMS 0x00000000a4800000, 0x00000000a4700000| Complete 
|  72|0x00000000a4800000, 0x00000000a4900000, 0x00000000a4900000|100%| O|  |TAMS 0x00000000a4900000, 0x00000000a4800000| Untracked 
|  73|0x00000000a4900000, 0x00000000a4a00000, 0x00000000a4a00000|100%| O|  |TAMS 0x00000000a4a00000, 0x00000000a4900000| Untracked 
|  74|0x00000000a4a00000, 0x00000000a4b00000, 0x00000000a4b00000|100%| O|  |TAMS 0x00000000a4b00000, 0x00000000a4a00000| Untracked 
|  75|0x00000000a4b00000, 0x00000000a4c00000, 0x00000000a4c00000|100%| O|  |TAMS 0x00000000a4c00000, 0x00000000a4b00000| Untracked 
|  76|0x00000000a4c00000, 0x00000000a4d00000, 0x00000000a4d00000|100%| O|  |TAMS 0x00000000a4d00000, 0x00000000a4c00000| Untracked 
|  77|0x00000000a4d00000, 0x00000000a4e00000, 0x00000000a4e00000|100%| O|  |TAMS 0x00000000a4e00000, 0x00000000a4d00000| Complete 
|  78|0x00000000a4e00000, 0x00000000a4f00000, 0x00000000a4f00000|100%| O|  |TAMS 0x00000000a4f00000, 0x00000000a4e00000| Untracked 
|  79|0x00000000a4f00000, 0x00000000a5000000, 0x00000000a5000000|100%| O|  |TAMS 0x00000000a5000000, 0x00000000a4f00000| Untracked 
|  80|0x00000000a5000000, 0x00000000a5100000, 0x00000000a5100000|100%| O|  |TAMS 0x00000000a5100000, 0x00000000a5000000| Complete 
|  81|0x00000000a5100000, 0x00000000a5200000, 0x00000000a5200000|100%| O|  |TAMS 0x00000000a5200000, 0x00000000a5100000| Untracked 
|  82|0x00000000a5200000, 0x00000000a5300000, 0x00000000a5300000|100%| O|  |TAMS 0x00000000a5300000, 0x00000000a5200000| Untracked 
|  83|0x00000000a5300000, 0x00000000a5400000, 0x00000000a5400000|100%| O|  |TAMS 0x00000000a5400000, 0x00000000a5300000| Untracked 
|  84|0x00000000a5400000, 0x00000000a5500000, 0x00000000a5500000|100%| O|  |TAMS 0x00000000a5500000, 0x00000000a5400000| Untracked 
|  85|0x00000000a5500000, 0x00000000a5600000, 0x00000000a5600000|100%| O|  |TAMS 0x00000000a5600000, 0x00000000a5500000| Untracked 
|  86|0x00000000a5600000, 0x00000000a5700000, 0x00000000a5700000|100%| O|  |TAMS 0x00000000a5700000, 0x00000000a5600000| Untracked 
|  87|0x00000000a5700000, 0x00000000a5800000, 0x00000000a5800000|100%| O|  |TAMS 0x00000000a5800000, 0x00000000a5700000| Complete 
|  88|0x00000000a5800000, 0x00000000a5900000, 0x00000000a5900000|100%| O|  |TAMS 0x00000000a5900000, 0x00000000a5800000| Untracked 
|  89|0x00000000a5900000, 0x00000000a5a00000, 0x00000000a5a00000|100%| O|  |TAMS 0x00000000a5a00000, 0x00000000a5900000| Untracked 
|  90|0x00000000a5a00000, 0x00000000a5b00000, 0x00000000a5b00000|100%| O|  |TAMS 0x00000000a5b00000, 0x00000000a5a00000| Complete 
|  91|0x00000000a5b00000, 0x00000000a5c00000, 0x00000000a5c00000|100%| O|  |TAMS 0x00000000a5c00000, 0x00000000a5b00000| Untracked 
|  92|0x00000000a5c00000, 0x00000000a5c00000, 0x00000000a5d00000|  0%| F|  |TAMS 0x00000000a5c00000, 0x00000000a5c00000| Untracked 
|  93|0x00000000a5d00000, 0x00000000a5e00000, 0x00000000a5e00000|100%| O|  |TAMS 0x00000000a5e00000, 0x00000000a5d00000| Untracked 
|  94|0x00000000a5e00000, 0x00000000a5f00000, 0x00000000a5f00000|100%| O|  |TAMS 0x00000000a5f00000, 0x00000000a5e00000| Untracked 
|  95|0x00000000a5f00000, 0x00000000a6000000, 0x00000000a6000000|100%| O|  |TAMS 0x00000000a6000000, 0x00000000a5f00000| Untracked 
|  96|0x00000000a6000000, 0x00000000a6000000, 0x00000000a6100000|  0%| F|  |TAMS 0x00000000a6000000, 0x00000000a6000000| Untracked 
|  97|0x00000000a6100000, 0x00000000a6200000, 0x00000000a6200000|100%| O|  |TAMS 0x00000000a6200000, 0x00000000a6100000| Untracked 
|  98|0x00000000a6200000, 0x00000000a6300000, 0x00000000a6300000|100%|HS|  |TAMS 0x00000000a6300000, 0x00000000a6200000| Complete 
|  99|0x00000000a6300000, 0x00000000a6400000, 0x00000000a6400000|100%| O|  |TAMS 0x00000000a6400000, 0x00000000a6300000| Complete 
| 100|0x00000000a6400000, 0x00000000a6500000, 0x00000000a6500000|100%| O|  |TAMS 0x00000000a6500000, 0x00000000a6400000| Complete 
| 101|0x00000000a6500000, 0x00000000a6500000, 0x00000000a6600000|  0%| F|  |TAMS 0x00000000a6500000, 0x00000000a6500000| Untracked 
| 102|0x00000000a6600000, 0x00000000a6700000, 0x00000000a6700000|100%|HS|  |TAMS 0x00000000a6700000, 0x00000000a6600000| Complete 
| 103|0x00000000a6700000, 0x00000000a6800000, 0x00000000a6800000|100%| O|  |TAMS 0x00000000a6800000, 0x00000000a6700000| Complete 
| 104|0x00000000a6800000, 0x00000000a6900000, 0x00000000a6900000|100%| O|  |TAMS 0x00000000a6900000, 0x00000000a6800000| Complete 
| 105|0x00000000a6900000, 0x00000000a6a00000, 0x00000000a6a00000|100%| O|  |TAMS 0x00000000a6a00000, 0x00000000a6900000| Complete 
| 106|0x00000000a6a00000, 0x00000000a6a00000, 0x00000000a6b00000|  0%| F|  |TAMS 0x00000000a6a00000, 0x00000000a6a00000| Untracked 
| 107|0x00000000a6b00000, 0x00000000a6c00000, 0x00000000a6c00000|100%| O|  |TAMS 0x00000000a6c00000, 0x00000000a6b00000| Complete 
| 108|0x00000000a6c00000, 0x00000000a6d00000, 0x00000000a6d00000|100%| O|  |TAMS 0x00000000a6d00000, 0x00000000a6c00000| Complete 
| 109|0x00000000a6d00000, 0x00000000a6e00000, 0x00000000a6e00000|100%| O|  |TAMS 0x00000000a6e00000, 0x00000000a6d00000| Untracked 
| 110|0x00000000a6e00000, 0x00000000a6f00000, 0x00000000a6f00000|100%| O|  |TAMS 0x00000000a6f00000, 0x00000000a6e00000| Untracked 
| 111|0x00000000a6f00000, 0x00000000a6f00000, 0x00000000a7000000|  0%| F|  |TAMS 0x00000000a6f00000, 0x00000000a6f00000| Untracked 
| 112|0x00000000a7000000, 0x00000000a7100000, 0x00000000a7100000|100%| O|  |TAMS 0x00000000a7100000, 0x00000000a7000000| Complete 
| 113|0x00000000a7100000, 0x00000000a7200000, 0x00000000a7200000|100%| O|  |TAMS 0x00000000a7200000, 0x00000000a7100000| Complete 
| 114|0x00000000a7200000, 0x00000000a7300000, 0x00000000a7300000|100%| O|  |TAMS 0x00000000a7300000, 0x00000000a7200000| Complete 
| 115|0x00000000a7300000, 0x00000000a7400000, 0x00000000a7400000|100%| O|  |TAMS 0x00000000a7400000, 0x00000000a7300000| Complete 
| 116|0x00000000a7400000, 0x00000000a7500000, 0x00000000a7500000|100%| O|  |TAMS 0x00000000a7500000, 0x00000000a7400000| Complete 
| 117|0x00000000a7500000, 0x00000000a7600000, 0x00000000a7600000|100%| O|  |TAMS 0x00000000a7600000, 0x00000000a7500000| Complete 
| 118|0x00000000a7600000, 0x00000000a7700000, 0x00000000a7700000|100%| O|  |TAMS 0x00000000a7700000, 0x00000000a7600000| Complete 
| 119|0x00000000a7700000, 0x00000000a7700000, 0x00000000a7800000|  0%| F|  |TAMS 0x00000000a7700000, 0x00000000a7700000| Untracked 
| 120|0x00000000a7800000, 0x00000000a7900000, 0x00000000a7900000|100%| O|  |TAMS 0x00000000a7900000, 0x00000000a7800000| Complete 
| 121|0x00000000a7900000, 0x00000000a7a00000, 0x00000000a7a00000|100%| O|  |TAMS 0x00000000a7a00000, 0x00000000a7900000| Complete 
| 122|0x00000000a7a00000, 0x00000000a7b00000, 0x00000000a7b00000|100%| O|  |TAMS 0x00000000a7b00000, 0x00000000a7a00000| Complete 
| 123|0x00000000a7b00000, 0x00000000a7b00000, 0x00000000a7c00000|  0%| F|  |TAMS 0x00000000a7b00000, 0x00000000a7b00000| Untracked 
| 124|0x00000000a7c00000, 0x00000000a7d00000, 0x00000000a7d00000|100%| O|  |TAMS 0x00000000a7d00000, 0x00000000a7c00000| Complete 
| 125|0x00000000a7d00000, 0x00000000a7e00000, 0x00000000a7e00000|100%| O|  |TAMS 0x00000000a7e00000, 0x00000000a7d00000| Complete 
| 126|0x00000000a7e00000, 0x00000000a7f00000, 0x00000000a7f00000|100%| O|  |TAMS 0x00000000a7f00000, 0x00000000a7e00000| Untracked 
| 127|0x00000000a7f00000, 0x00000000a8000000, 0x00000000a8000000|100%| O|  |TAMS 0x00000000a8000000, 0x00000000a7f00000| Complete 
| 128|0x00000000a8000000, 0x00000000a8000000, 0x00000000a8100000|  0%| F|  |TAMS 0x00000000a8000000, 0x00000000a8000000| Untracked 
| 129|0x00000000a8100000, 0x00000000a8200000, 0x00000000a8200000|100%| O|  |TAMS 0x00000000a8200000, 0x00000000a8100000| Untracked 
| 130|0x00000000a8200000, 0x00000000a8300000, 0x00000000a8300000|100%| O|  |TAMS 0x00000000a8300000, 0x00000000a8200000| Complete 
| 131|0x00000000a8300000, 0x00000000a8400000, 0x00000000a8400000|100%| O|  |TAMS 0x00000000a8400000, 0x00000000a8300000| Complete 
| 132|0x00000000a8400000, 0x00000000a8400000, 0x00000000a8500000|  0%| F|  |TAMS 0x00000000a8400000, 0x00000000a8400000| Untracked 
| 133|0x00000000a8500000, 0x00000000a8600000, 0x00000000a8600000|100%| O|  |TAMS 0x00000000a8600000, 0x00000000a8500000| Complete 
| 134|0x00000000a8600000, 0x00000000a8700000, 0x00000000a8700000|100%|HS|  |TAMS 0x00000000a8600000, 0x00000000a8600000| Complete 
| 135|0x00000000a8700000, 0x00000000a8800000, 0x00000000a8800000|100%|HC|  |TAMS 0x00000000a8700000, 0x00000000a8700000| Complete 
| 136|0x00000000a8800000, 0x00000000a8900000, 0x00000000a8900000|100%|HC|  |TAMS 0x00000000a8800000, 0x00000000a8800000| Complete 
| 137|0x00000000a8900000, 0x00000000a8a00000, 0x00000000a8a00000|100%|HC|  |TAMS 0x00000000a8900000, 0x00000000a8900000| Complete 
| 138|0x00000000a8a00000, 0x00000000a8b00000, 0x00000000a8b00000|100%|HC|  |TAMS 0x00000000a8a00000, 0x00000000a8a00000| Complete 
| 139|0x00000000a8b00000, 0x00000000a8c00000, 0x00000000a8c00000|100%|HC|  |TAMS 0x00000000a8b00000, 0x00000000a8b00000| Complete 
| 140|0x00000000a8c00000, 0x00000000a8c00000, 0x00000000a8d00000|  0%| F|  |TAMS 0x00000000a8c00000, 0x00000000a8c00000| Untracked 
| 141|0x00000000a8d00000, 0x00000000a8e00000, 0x00000000a8e00000|100%| O|  |TAMS 0x00000000a8e00000, 0x00000000a8d00000| Complete 
| 142|0x00000000a8e00000, 0x00000000a8f00000, 0x00000000a8f00000|100%| O|  |TAMS 0x00000000a8f00000, 0x00000000a8e00000| Complete 
| 143|0x00000000a8f00000, 0x00000000a9000000, 0x00000000a9000000|100%| O|  |TAMS 0x00000000a9000000, 0x00000000a8f00000| Complete 
| 144|0x00000000a9000000, 0x00000000a9100000, 0x00000000a9100000|100%| O|  |TAMS 0x00000000a9100000, 0x00000000a9000000| Complete 
| 145|0x00000000a9100000, 0x00000000a9200000, 0x00000000a9200000|100%| O|  |TAMS 0x00000000a9200000, 0x00000000a9100000| Complete 
| 146|0x00000000a9200000, 0x00000000a9300000, 0x00000000a9300000|100%| O|  |TAMS 0x00000000a9300000, 0x00000000a9200000| Complete 
| 147|0x00000000a9300000, 0x00000000a9400000, 0x00000000a9400000|100%| O|  |TAMS 0x00000000a9400000, 0x00000000a9300000| Complete 
| 148|0x00000000a9400000, 0x00000000a9500000, 0x00000000a9500000|100%| O|  |TAMS 0x00000000a9500000, 0x00000000a9400000| Complete 
| 149|0x00000000a9500000, 0x00000000a9600000, 0x00000000a9600000|100%| O|  |TAMS 0x00000000a9600000, 0x00000000a9500000| Untracked 
| 150|0x00000000a9600000, 0x00000000a9700000, 0x00000000a9700000|100%| O|  |TAMS 0x00000000a9700000, 0x00000000a9600000| Complete 
| 151|0x00000000a9700000, 0x00000000a9800000, 0x00000000a9800000|100%| O|  |TAMS 0x00000000a9800000, 0x00000000a9700000| Untracked 
| 152|0x00000000a9800000, 0x00000000a9900000, 0x00000000a9900000|100%| O|  |TAMS 0x00000000a9900000, 0x00000000a9800000| Complete 
| 153|0x00000000a9900000, 0x00000000a9a00000, 0x00000000a9a00000|100%| O|  |TAMS 0x00000000a9a00000, 0x00000000a9900000| Complete 
| 154|0x00000000a9a00000, 0x00000000a9b00000, 0x00000000a9b00000|100%| O|  |TAMS 0x00000000a9b00000, 0x00000000a9a00000| Complete 
| 155|0x00000000a9b00000, 0x00000000a9c00000, 0x00000000a9c00000|100%| O|  |TAMS 0x00000000a9c00000, 0x00000000a9b00000| Complete 
| 156|0x00000000a9c00000, 0x00000000a9d00000, 0x00000000a9d00000|100%| O|  |TAMS 0x00000000a9d00000, 0x00000000a9c00000| Complete 
| 157|0x00000000a9d00000, 0x00000000a9e00000, 0x00000000a9e00000|100%| O|  |TAMS 0x00000000a9e00000, 0x00000000a9d00000| Complete 
| 158|0x00000000a9e00000, 0x00000000a9f00000, 0x00000000a9f00000|100%| O|  |TAMS 0x00000000a9f00000, 0x00000000a9e00000| Complete 
| 159|0x00000000a9f00000, 0x00000000aa000000, 0x00000000aa000000|100%| O|  |TAMS 0x00000000aa000000, 0x00000000a9f00000| Complete 
| 160|0x00000000aa000000, 0x00000000aa100000, 0x00000000aa100000|100%| O|  |TAMS 0x00000000aa100000, 0x00000000aa000000| Complete 
| 161|0x00000000aa100000, 0x00000000aa200000, 0x00000000aa200000|100%| O|  |TAMS 0x00000000aa200000, 0x00000000aa100000| Complete 
| 162|0x00000000aa200000, 0x00000000aa300000, 0x00000000aa300000|100%| O|  |TAMS 0x00000000aa300000, 0x00000000aa200000| Complete 
| 163|0x00000000aa300000, 0x00000000aa400000, 0x00000000aa400000|100%| O|  |TAMS 0x00000000aa400000, 0x00000000aa300000| Complete 
| 164|0x00000000aa400000, 0x00000000aa500000, 0x00000000aa500000|100%| O|  |TAMS 0x00000000aa500000, 0x00000000aa400000| Complete 
| 165|0x00000000aa500000, 0x00000000aa500000, 0x00000000aa600000|  0%| F|  |TAMS 0x00000000aa500000, 0x00000000aa500000| Untracked 
| 166|0x00000000aa600000, 0x00000000aa600000, 0x00000000aa700000|  0%| F|  |TAMS 0x00000000aa600000, 0x00000000aa600000| Untracked 
| 167|0x00000000aa700000, 0x00000000aa700000, 0x00000000aa800000|  0%| F|  |TAMS 0x00000000aa700000, 0x00000000aa700000| Untracked 
| 168|0x00000000aa800000, 0x00000000aa900000, 0x00000000aa900000|100%| O|  |TAMS 0x00000000aa900000, 0x00000000aa800000| Complete 
| 169|0x00000000aa900000, 0x00000000aaa00000, 0x00000000aaa00000|100%| O|  |TAMS 0x00000000aaa00000, 0x00000000aa900000| Untracked 
| 170|0x00000000aaa00000, 0x00000000aab00000, 0x00000000aab00000|100%| O|  |TAMS 0x00000000aab00000, 0x00000000aaa00000| Untracked 
| 171|0x00000000aab00000, 0x00000000aab00000, 0x00000000aac00000|  0%| F|  |TAMS 0x00000000aab00000, 0x00000000aab00000| Untracked 
| 172|0x00000000aac00000, 0x00000000aac00000, 0x00000000aad00000|  0%| F|  |TAMS 0x00000000aac00000, 0x00000000aac00000| Untracked 
| 173|0x00000000aad00000, 0x00000000aae00000, 0x00000000aae00000|100%| O|  |TAMS 0x00000000aae00000, 0x00000000aad00000| Complete 
| 174|0x00000000aae00000, 0x00000000aaf00000, 0x00000000aaf00000|100%| O|  |TAMS 0x00000000aaf00000, 0x00000000aae00000| Complete 
| 175|0x00000000aaf00000, 0x00000000ab000000, 0x00000000ab000000|100%| O|  |TAMS 0x00000000ab000000, 0x00000000aaf00000| Complete 
| 176|0x00000000ab000000, 0x00000000ab100000, 0x00000000ab100000|100%| O|  |TAMS 0x00000000ab100000, 0x00000000ab000000| Untracked 
| 177|0x00000000ab100000, 0x00000000ab100000, 0x00000000ab200000|  0%| F|  |TAMS 0x00000000ab100000, 0x00000000ab100000| Untracked 
| 178|0x00000000ab200000, 0x00000000ab200000, 0x00000000ab300000|  0%| F|  |TAMS 0x00000000ab200000, 0x00000000ab200000| Untracked 
| 179|0x00000000ab300000, 0x00000000ab35f600, 0x00000000ab400000| 37%| O|  |TAMS 0x00000000ab35f600, 0x00000000ab300000| Untracked 
| 180|0x00000000ab400000, 0x00000000ab400000, 0x00000000ab500000|  0%| F|  |TAMS 0x00000000ab400000, 0x00000000ab400000| Untracked 
| 181|0x00000000ab500000, 0x00000000ab500000, 0x00000000ab600000|  0%| F|  |TAMS 0x00000000ab500000, 0x00000000ab500000| Untracked 
| 182|0x00000000ab600000, 0x00000000ab600000, 0x00000000ab700000|  0%| F|  |TAMS 0x00000000ab600000, 0x00000000ab600000| Untracked 
| 183|0x00000000ab700000, 0x00000000ab700000, 0x00000000ab800000|  0%| F|  |TAMS 0x00000000ab700000, 0x00000000ab700000| Untracked 
| 184|0x00000000ab800000, 0x00000000ab900000, 0x00000000ab900000|100%| O|  |TAMS 0x00000000ab900000, 0x00000000ab800000| Complete 
| 185|0x00000000ab900000, 0x00000000aba00000, 0x00000000aba00000|100%| O|  |TAMS 0x00000000aba00000, 0x00000000ab900000| Untracked 
| 186|0x00000000aba00000, 0x00000000aba00000, 0x00000000abb00000|  0%| F|  |TAMS 0x00000000aba00000, 0x00000000aba00000| Untracked 
| 187|0x00000000abb00000, 0x00000000abb00000, 0x00000000abc00000|  0%| F|  |TAMS 0x00000000abb00000, 0x00000000abb00000| Untracked 
| 188|0x00000000abc00000, 0x00000000abc00000, 0x00000000abd00000|  0%| F|  |TAMS 0x00000000abc00000, 0x00000000abc00000| Untracked 
| 189|0x00000000abd00000, 0x00000000abd00000, 0x00000000abe00000|  0%| F|  |TAMS 0x00000000abd00000, 0x00000000abd00000| Untracked 
| 190|0x00000000abe00000, 0x00000000abe00000, 0x00000000abf00000|  0%| F|  |TAMS 0x00000000abe00000, 0x00000000abe00000| Untracked 
| 191|0x00000000abf00000, 0x00000000abf00000, 0x00000000ac000000|  0%| F|  |TAMS 0x00000000abf00000, 0x00000000abf00000| Untracked 
| 192|0x00000000ac000000, 0x00000000ac100000, 0x00000000ac100000|100%| O|  |TAMS 0x00000000ac100000, 0x00000000ac000000| Complete 
| 193|0x00000000ac100000, 0x00000000ac100000, 0x00000000ac200000|  0%| F|  |TAMS 0x00000000ac100000, 0x00000000ac100000| Untracked 
| 194|0x00000000ac200000, 0x00000000ac200000, 0x00000000ac300000|  0%| F|  |TAMS 0x00000000ac200000, 0x00000000ac200000| Untracked 
| 195|0x00000000ac300000, 0x00000000ac400000, 0x00000000ac400000|100%| O|  |TAMS 0x00000000ac400000, 0x00000000ac300000| Untracked 
| 196|0x00000000ac400000, 0x00000000ac500000, 0x00000000ac500000|100%| O|  |TAMS 0x00000000ac500000, 0x00000000ac400000| Untracked 
| 197|0x00000000ac500000, 0x00000000ac600000, 0x00000000ac600000|100%| O|  |TAMS 0x00000000ac600000, 0x00000000ac500000| Untracked 
| 198|0x00000000ac600000, 0x00000000ac700000, 0x00000000ac700000|100%| O|  |TAMS 0x00000000ac700000, 0x00000000ac600000| Complete 
| 199|0x00000000ac700000, 0x00000000ac800000, 0x00000000ac800000|100%| O|  |TAMS 0x00000000ac800000, 0x00000000ac700000| Complete 
| 200|0x00000000ac800000, 0x00000000ac900000, 0x00000000ac900000|100%| O|  |TAMS 0x00000000ac900000, 0x00000000ac800000| Untracked 
| 201|0x00000000ac900000, 0x00000000aca00000, 0x00000000aca00000|100%| O|  |TAMS 0x00000000aca00000, 0x00000000ac900000| Untracked 
| 202|0x00000000aca00000, 0x00000000acb00000, 0x00000000acb00000|100%| O|  |TAMS 0x00000000acb00000, 0x00000000aca00000| Complete 
| 203|0x00000000acb00000, 0x00000000acc00000, 0x00000000acc00000|100%|HS|  |TAMS 0x00000000acb00000, 0x00000000acb00000| Complete 
| 204|0x00000000acc00000, 0x00000000acd00000, 0x00000000acd00000|100%|HC|  |TAMS 0x00000000acc00000, 0x00000000acc00000| Complete 
| 205|0x00000000acd00000, 0x00000000ace00000, 0x00000000ace00000|100%|HC|  |TAMS 0x00000000acd00000, 0x00000000acd00000| Complete 
| 206|0x00000000ace00000, 0x00000000acf00000, 0x00000000acf00000|100%|HC|  |TAMS 0x00000000ace00000, 0x00000000ace00000| Complete 
| 207|0x00000000acf00000, 0x00000000ad000000, 0x00000000ad000000|100%|HC|  |TAMS 0x00000000acf00000, 0x00000000acf00000| Complete 
| 208|0x00000000ad000000, 0x00000000ad100000, 0x00000000ad100000|100%|HC|  |TAMS 0x00000000ad000000, 0x00000000ad000000| Complete 
| 209|0x00000000ad100000, 0x00000000ad200000, 0x00000000ad200000|100%|HC|  |TAMS 0x00000000ad100000, 0x00000000ad100000| Complete 
| 210|0x00000000ad200000, 0x00000000ad300000, 0x00000000ad300000|100%|HC|  |TAMS 0x00000000ad200000, 0x00000000ad200000| Complete 
| 211|0x00000000ad300000, 0x00000000ad400000, 0x00000000ad400000|100%|HC|  |TAMS 0x00000000ad300000, 0x00000000ad300000| Complete 
| 212|0x00000000ad400000, 0x00000000ad500000, 0x00000000ad500000|100%|HC|  |TAMS 0x00000000ad400000, 0x00000000ad400000| Complete 
| 213|0x00000000ad500000, 0x00000000ad600000, 0x00000000ad600000|100%|HC|  |TAMS 0x00000000ad500000, 0x00000000ad500000| Complete 
| 214|0x00000000ad600000, 0x00000000ad700000, 0x00000000ad700000|100%|HC|  |TAMS 0x00000000ad600000, 0x00000000ad600000| Complete 
| 215|0x00000000ad700000, 0x00000000ad800000, 0x00000000ad800000|100%|HC|  |TAMS 0x00000000ad700000, 0x00000000ad700000| Complete 
| 216|0x00000000ad800000, 0x00000000ad900000, 0x00000000ad900000|100%|HC|  |TAMS 0x00000000ad800000, 0x00000000ad800000| Complete 
| 217|0x00000000ad900000, 0x00000000ada00000, 0x00000000ada00000|100%|HC|  |TAMS 0x00000000ad900000, 0x00000000ad900000| Complete 
| 218|0x00000000ada00000, 0x00000000adb00000, 0x00000000adb00000|100%|HS|  |TAMS 0x00000000ada00000, 0x00000000ada00000| Complete 
| 219|0x00000000adb00000, 0x00000000adc00000, 0x00000000adc00000|100%|HC|  |TAMS 0x00000000adb00000, 0x00000000adb00000| Complete 
| 220|0x00000000adc00000, 0x00000000add00000, 0x00000000add00000|100%|HC|  |TAMS 0x00000000adc00000, 0x00000000adc00000| Complete 
| 221|0x00000000add00000, 0x00000000ade00000, 0x00000000ade00000|100%|HC|  |TAMS 0x00000000add00000, 0x00000000add00000| Complete 
| 222|0x00000000ade00000, 0x00000000adf00000, 0x00000000adf00000|100%|HC|  |TAMS 0x00000000ade00000, 0x00000000ade00000| Complete 
| 223|0x00000000adf00000, 0x00000000ae000000, 0x00000000ae000000|100%|HC|  |TAMS 0x00000000adf00000, 0x00000000adf00000| Complete 
| 224|0x00000000ae000000, 0x00000000ae100000, 0x00000000ae100000|100%|HC|  |TAMS 0x00000000ae000000, 0x00000000ae000000| Complete 
| 225|0x00000000ae100000, 0x00000000ae200000, 0x00000000ae200000|100%|HC|  |TAMS 0x00000000ae100000, 0x00000000ae100000| Complete 
| 226|0x00000000ae200000, 0x00000000ae300000, 0x00000000ae300000|100%|HC|  |TAMS 0x00000000ae200000, 0x00000000ae200000| Complete 
| 227|0x00000000ae300000, 0x00000000ae400000, 0x00000000ae400000|100%|HC|  |TAMS 0x00000000ae300000, 0x00000000ae300000| Complete 
| 228|0x00000000ae400000, 0x00000000ae500000, 0x00000000ae500000|100%|HC|  |TAMS 0x00000000ae400000, 0x00000000ae400000| Complete 
| 229|0x00000000ae500000, 0x00000000ae600000, 0x00000000ae600000|100%|HC|  |TAMS 0x00000000ae500000, 0x00000000ae500000| Complete 
| 230|0x00000000ae600000, 0x00000000ae700000, 0x00000000ae700000|100%|HC|  |TAMS 0x00000000ae600000, 0x00000000ae600000| Complete 
| 231|0x00000000ae700000, 0x00000000ae800000, 0x00000000ae800000|100%|HC|  |TAMS 0x00000000ae700000, 0x00000000ae700000| Complete 
| 232|0x00000000ae800000, 0x00000000ae900000, 0x00000000ae900000|100%|HC|  |TAMS 0x00000000ae800000, 0x00000000ae800000| Complete 
| 233|0x00000000ae900000, 0x00000000aea00000, 0x00000000aea00000|100%|HS|  |TAMS 0x00000000ae900000, 0x00000000ae900000| Complete 
| 234|0x00000000aea00000, 0x00000000aeb00000, 0x00000000aeb00000|100%|HC|  |TAMS 0x00000000aea00000, 0x00000000aea00000| Complete 
| 235|0x00000000aeb00000, 0x00000000aec00000, 0x00000000aec00000|100%|HC|  |TAMS 0x00000000aeb00000, 0x00000000aeb00000| Complete 
| 236|0x00000000aec00000, 0x00000000aed00000, 0x00000000aed00000|100%|HC|  |TAMS 0x00000000aec00000, 0x00000000aec00000| Complete 
| 237|0x00000000aed00000, 0x00000000aee00000, 0x00000000aee00000|100%|HC|  |TAMS 0x00000000aed00000, 0x00000000aed00000| Complete 
| 238|0x00000000aee00000, 0x00000000aef00000, 0x00000000aef00000|100%|HC|  |TAMS 0x00000000aee00000, 0x00000000aee00000| Complete 
| 239|0x00000000aef00000, 0x00000000af000000, 0x00000000af000000|100%|HC|  |TAMS 0x00000000aef00000, 0x00000000aef00000| Complete 
| 240|0x00000000af000000, 0x00000000af100000, 0x00000000af100000|100%|HC|  |TAMS 0x00000000af000000, 0x00000000af000000| Complete 
| 241|0x00000000af100000, 0x00000000af200000, 0x00000000af200000|100%|HC|  |TAMS 0x00000000af100000, 0x00000000af100000| Complete 
| 242|0x00000000af200000, 0x00000000af300000, 0x00000000af300000|100%|HC|  |TAMS 0x00000000af200000, 0x00000000af200000| Complete 
| 243|0x00000000af300000, 0x00000000af400000, 0x00000000af400000|100%|HC|  |TAMS 0x00000000af300000, 0x00000000af300000| Complete 
| 244|0x00000000af400000, 0x00000000af500000, 0x00000000af500000|100%|HC|  |TAMS 0x00000000af400000, 0x00000000af400000| Complete 
| 245|0x00000000af500000, 0x00000000af600000, 0x00000000af600000|100%|HC|  |TAMS 0x00000000af500000, 0x00000000af500000| Complete 
| 246|0x00000000af600000, 0x00000000af700000, 0x00000000af700000|100%|HC|  |TAMS 0x00000000af600000, 0x00000000af600000| Complete 
| 247|0x00000000af700000, 0x00000000af800000, 0x00000000af800000|100%|HC|  |TAMS 0x00000000af700000, 0x00000000af700000| Complete 
| 248|0x00000000af800000, 0x00000000af900000, 0x00000000af900000|100%|HC|  |TAMS 0x00000000af800000, 0x00000000af800000| Complete 
| 249|0x00000000af900000, 0x00000000afa00000, 0x00000000afa00000|100%|HC|  |TAMS 0x00000000af900000, 0x00000000af900000| Complete 
| 250|0x00000000afa00000, 0x00000000afb00000, 0x00000000afb00000|100%|HC|  |TAMS 0x00000000afa00000, 0x00000000afa00000| Complete 
| 251|0x00000000afb00000, 0x00000000afc00000, 0x00000000afc00000|100%|HC|  |TAMS 0x00000000afb00000, 0x00000000afb00000| Complete 
| 252|0x00000000afc00000, 0x00000000afd00000, 0x00000000afd00000|100%|HC|  |TAMS 0x00000000afc00000, 0x00000000afc00000| Complete 
| 253|0x00000000afd00000, 0x00000000afe00000, 0x00000000afe00000|100%|HC|  |TAMS 0x00000000afd00000, 0x00000000afd00000| Complete 
| 254|0x00000000afe00000, 0x00000000aff00000, 0x00000000aff00000|100%|HC|  |TAMS 0x00000000afe00000, 0x00000000afe00000| Complete 
| 255|0x00000000aff00000, 0x00000000b0000000, 0x00000000b0000000|100%|HC|  |TAMS 0x00000000aff00000, 0x00000000aff00000| Complete 
| 256|0x00000000b0000000, 0x00000000b0100000, 0x00000000b0100000|100%|HC|  |TAMS 0x00000000b0000000, 0x00000000b0000000| Complete 
| 257|0x00000000b0100000, 0x00000000b0200000, 0x00000000b0200000|100%|HC|  |TAMS 0x00000000b0100000, 0x00000000b0100000| Complete 
| 258|0x00000000b0200000, 0x00000000b0300000, 0x00000000b0300000|100%|HC|  |TAMS 0x00000000b0200000, 0x00000000b0200000| Complete 
| 259|0x00000000b0300000, 0x00000000b0400000, 0x00000000b0400000|100%|HC|  |TAMS 0x00000000b0300000, 0x00000000b0300000| Complete 
| 260|0x00000000b0400000, 0x00000000b0500000, 0x00000000b0500000|100%|HC|  |TAMS 0x00000000b0400000, 0x00000000b0400000| Complete 
| 261|0x00000000b0500000, 0x00000000b0600000, 0x00000000b0600000|100%|HC|  |TAMS 0x00000000b0500000, 0x00000000b0500000| Complete 
| 262|0x00000000b0600000, 0x00000000b0700000, 0x00000000b0700000|100%|HC|  |TAMS 0x00000000b0600000, 0x00000000b0600000| Complete 
| 263|0x00000000b0700000, 0x00000000b0700000, 0x00000000b0800000|  0%| F|  |TAMS 0x00000000b0700000, 0x00000000b0700000| Untracked 
| 264|0x00000000b0800000, 0x00000000b0800000, 0x00000000b0900000|  0%| F|  |TAMS 0x00000000b0800000, 0x00000000b0800000| Untracked 
| 265|0x00000000b0900000, 0x00000000b0900000, 0x00000000b0a00000|  0%| F|  |TAMS 0x00000000b0900000, 0x00000000b0900000| Untracked 
| 266|0x00000000b0a00000, 0x00000000b0a00000, 0x00000000b0b00000|  0%| F|  |TAMS 0x00000000b0a00000, 0x00000000b0a00000| Untracked 
| 267|0x00000000b0b00000, 0x00000000b0b00000, 0x00000000b0c00000|  0%| F|  |TAMS 0x00000000b0b00000, 0x00000000b0b00000| Untracked 
| 268|0x00000000b0c00000, 0x00000000b0c00000, 0x00000000b0d00000|  0%| F|  |TAMS 0x00000000b0c00000, 0x00000000b0c00000| Untracked 
| 269|0x00000000b0d00000, 0x00000000b0d00000, 0x00000000b0e00000|  0%| F|  |TAMS 0x00000000b0d00000, 0x00000000b0d00000| Untracked 
| 270|0x00000000b0e00000, 0x00000000b0e00000, 0x00000000b0f00000|  0%| F|  |TAMS 0x00000000b0e00000, 0x00000000b0e00000| Untracked 
| 271|0x00000000b0f00000, 0x00000000b0f00000, 0x00000000b1000000|  0%| F|  |TAMS 0x00000000b0f00000, 0x00000000b0f00000| Untracked 
| 272|0x00000000b1000000, 0x00000000b1000000, 0x00000000b1100000|  0%| F|  |TAMS 0x00000000b1000000, 0x00000000b1000000| Untracked 
| 273|0x00000000b1100000, 0x00000000b1100000, 0x00000000b1200000|  0%| F|  |TAMS 0x00000000b1100000, 0x00000000b1100000| Untracked 
| 274|0x00000000b1200000, 0x00000000b1200000, 0x00000000b1300000|  0%| F|  |TAMS 0x00000000b1200000, 0x00000000b1200000| Untracked 
| 275|0x00000000b1300000, 0x00000000b135bd90, 0x00000000b1400000| 35%| S|CS|TAMS 0x00000000b1300000, 0x00000000b1300000| Complete 
| 276|0x00000000b1400000, 0x00000000b1400000, 0x00000000b1500000|  0%| F|  |TAMS 0x00000000b1400000, 0x00000000b1400000| Untracked 
| 277|0x00000000b1500000, 0x00000000b1500000, 0x00000000b1600000|  0%| F|  |TAMS 0x00000000b1500000, 0x00000000b1500000| Untracked 
| 278|0x00000000b1600000, 0x00000000b1600000, 0x00000000b1700000|  0%| F|  |TAMS 0x00000000b1600000, 0x00000000b1600000| Untracked 
| 279|0x00000000b1700000, 0x00000000b1700000, 0x00000000b1800000|  0%| F|  |TAMS 0x00000000b1700000, 0x00000000b1700000| Untracked 
| 280|0x00000000b1800000, 0x00000000b1800000, 0x00000000b1900000|  0%| F|  |TAMS 0x00000000b1800000, 0x00000000b1800000| Untracked 
| 281|0x00000000b1900000, 0x00000000b1900000, 0x00000000b1a00000|  0%| F|  |TAMS 0x00000000b1900000, 0x00000000b1900000| Untracked 
| 282|0x00000000b1a00000, 0x00000000b1a00000, 0x00000000b1b00000|  0%| F|  |TAMS 0x00000000b1a00000, 0x00000000b1a00000| Untracked 
| 283|0x00000000b1b00000, 0x00000000b1b00000, 0x00000000b1c00000|  0%| F|  |TAMS 0x00000000b1b00000, 0x00000000b1b00000| Untracked 
| 284|0x00000000b1c00000, 0x00000000b1d00000, 0x00000000b1d00000|100%| E|  |TAMS 0x00000000b1c00000, 0x00000000b1c00000| Complete 
| 285|0x00000000b1d00000, 0x00000000b1e00000, 0x00000000b1e00000|100%| E|  |TAMS 0x00000000b1d00000, 0x00000000b1d00000| Complete 
| 286|0x00000000b1e00000, 0x00000000b1f00000, 0x00000000b1f00000|100%|HS|  |TAMS 0x00000000b1e00000, 0x00000000b1e00000| Complete 
| 287|0x00000000b1f00000, 0x00000000b2000000, 0x00000000b2000000|100%|HC|  |TAMS 0x00000000b1f00000, 0x00000000b1f00000| Complete 
| 288|0x00000000b2000000, 0x00000000b2100000, 0x00000000b2100000|100%|HC|  |TAMS 0x00000000b2000000, 0x00000000b2000000| Complete 
| 289|0x00000000b2100000, 0x00000000b2200000, 0x00000000b2200000|100%|HC|  |TAMS 0x00000000b2100000, 0x00000000b2100000| Complete 
| 290|0x00000000b2200000, 0x00000000b2300000, 0x00000000b2300000|100%|HC|  |TAMS 0x00000000b2200000, 0x00000000b2200000| Complete 
| 291|0x00000000b2300000, 0x00000000b2400000, 0x00000000b2400000|100%|HC|  |TAMS 0x00000000b2300000, 0x00000000b2300000| Complete 
| 292|0x00000000b2400000, 0x00000000b2500000, 0x00000000b2500000|100%|HC|  |TAMS 0x00000000b2400000, 0x00000000b2400000| Complete 
| 293|0x00000000b2500000, 0x00000000b2600000, 0x00000000b2600000|100%|HC|  |TAMS 0x00000000b2500000, 0x00000000b2500000| Complete 
| 294|0x00000000b2600000, 0x00000000b2700000, 0x00000000b2700000|100%|HC|  |TAMS 0x00000000b2600000, 0x00000000b2600000| Complete 
| 295|0x00000000b2700000, 0x00000000b2800000, 0x00000000b2800000|100%|HC|  |TAMS 0x00000000b2700000, 0x00000000b2700000| Complete 
| 296|0x00000000b2800000, 0x00000000b2900000, 0x00000000b2900000|100%|HC|  |TAMS 0x00000000b2800000, 0x00000000b2800000| Complete 
| 297|0x00000000b2900000, 0x00000000b2a00000, 0x00000000b2a00000|100%|HC|  |TAMS 0x00000000b2900000, 0x00000000b2900000| Complete 
| 298|0x00000000b2a00000, 0x00000000b2b00000, 0x00000000b2b00000|100%|HC|  |TAMS 0x00000000b2a00000, 0x00000000b2a00000| Complete 
| 299|0x00000000b2b00000, 0x00000000b2c00000, 0x00000000b2c00000|100%|HC|  |TAMS 0x00000000b2b00000, 0x00000000b2b00000| Complete 
| 300|0x00000000b2c00000, 0x00000000b2d00000, 0x00000000b2d00000|100%|HC|  |TAMS 0x00000000b2c00000, 0x00000000b2c00000| Complete 
| 301|0x00000000b2d00000, 0x00000000b2e00000, 0x00000000b2e00000|100%|HC|  |TAMS 0x00000000b2d00000, 0x00000000b2d00000| Complete 
| 302|0x00000000b2e00000, 0x00000000b2f00000, 0x00000000b2f00000|100%|HC|  |TAMS 0x00000000b2e00000, 0x00000000b2e00000| Complete 
| 303|0x00000000b2f00000, 0x00000000b3000000, 0x00000000b3000000|100%|HC|  |TAMS 0x00000000b2f00000, 0x00000000b2f00000| Complete 
| 304|0x00000000b3000000, 0x00000000b3100000, 0x00000000b3100000|100%|HC|  |TAMS 0x00000000b3000000, 0x00000000b3000000| Complete 
| 305|0x00000000b3100000, 0x00000000b3200000, 0x00000000b3200000|100%|HC|  |TAMS 0x00000000b3100000, 0x00000000b3100000| Complete 
| 306|0x00000000b3200000, 0x00000000b3300000, 0x00000000b3300000|100%|HC|  |TAMS 0x00000000b3200000, 0x00000000b3200000| Complete 
| 307|0x00000000b3300000, 0x00000000b3400000, 0x00000000b3400000|100%|HC|  |TAMS 0x00000000b3300000, 0x00000000b3300000| Complete 
| 308|0x00000000b3400000, 0x00000000b3500000, 0x00000000b3500000|100%|HC|  |TAMS 0x00000000b3400000, 0x00000000b3400000| Complete 
| 309|0x00000000b3500000, 0x00000000b3600000, 0x00000000b3600000|100%|HC|  |TAMS 0x00000000b3500000, 0x00000000b3500000| Complete 
| 310|0x00000000b3600000, 0x00000000b3700000, 0x00000000b3700000|100%|HC|  |TAMS 0x00000000b3600000, 0x00000000b3600000| Complete 
| 311|0x00000000b3700000, 0x00000000b3800000, 0x00000000b3800000|100%|HC|  |TAMS 0x00000000b3700000, 0x00000000b3700000| Complete 
| 312|0x00000000b3800000, 0x00000000b3900000, 0x00000000b3900000|100%|HC|  |TAMS 0x00000000b3800000, 0x00000000b3800000| Complete 
| 313|0x00000000b3900000, 0x00000000b3a00000, 0x00000000b3a00000|100%|HC|  |TAMS 0x00000000b3900000, 0x00000000b3900000| Complete 
| 314|0x00000000b3a00000, 0x00000000b3b00000, 0x00000000b3b00000|100%|HC|  |TAMS 0x00000000b3a00000, 0x00000000b3a00000| Complete 
| 315|0x00000000b3b00000, 0x00000000b3c00000, 0x00000000b3c00000|100%|HC|  |TAMS 0x00000000b3b00000, 0x00000000b3b00000| Complete 
| 316|0x00000000b3c00000, 0x00000000b3d00000, 0x00000000b3d00000|100%|HC|  |TAMS 0x00000000b3c00000, 0x00000000b3c00000| Complete 
| 317|0x00000000b3d00000, 0x00000000b3e00000, 0x00000000b3e00000|100%|HC|  |TAMS 0x00000000b3d00000, 0x00000000b3d00000| Complete 
| 318|0x00000000b3e00000, 0x00000000b3f00000, 0x00000000b3f00000|100%|HC|  |TAMS 0x00000000b3e00000, 0x00000000b3e00000| Complete 
| 319|0x00000000b3f00000, 0x00000000b4000000, 0x00000000b4000000|100%|HC|  |TAMS 0x00000000b3f00000, 0x00000000b3f00000| Complete 
| 320|0x00000000b4000000, 0x00000000b4100000, 0x00000000b4100000|100%|HC|  |TAMS 0x00000000b4000000, 0x00000000b4000000| Complete 
| 321|0x00000000b4100000, 0x00000000b4200000, 0x00000000b4200000|100%|HC|  |TAMS 0x00000000b4100000, 0x00000000b4100000| Complete 
| 322|0x00000000b4200000, 0x00000000b4300000, 0x00000000b4300000|100%|HC|  |TAMS 0x00000000b4200000, 0x00000000b4200000| Complete 
| 323|0x00000000b4300000, 0x00000000b4400000, 0x00000000b4400000|100%|HC|  |TAMS 0x00000000b4300000, 0x00000000b4300000| Complete 
| 324|0x00000000b4400000, 0x00000000b4500000, 0x00000000b4500000|100%|HC|  |TAMS 0x00000000b4400000, 0x00000000b4400000| Complete 
| 325|0x00000000b4500000, 0x00000000b4600000, 0x00000000b4600000|100%|HC|  |TAMS 0x00000000b4500000, 0x00000000b4500000| Complete 
| 326|0x00000000b4600000, 0x00000000b4700000, 0x00000000b4700000|100%|HC|  |TAMS 0x00000000b4600000, 0x00000000b4600000| Complete 
| 327|0x00000000b4700000, 0x00000000b4800000, 0x00000000b4800000|100%|HC|  |TAMS 0x00000000b4700000, 0x00000000b4700000| Complete 
| 328|0x00000000b4800000, 0x00000000b4900000, 0x00000000b4900000|100%|HC|  |TAMS 0x00000000b4800000, 0x00000000b4800000| Complete 
| 329|0x00000000b4900000, 0x00000000b4a00000, 0x00000000b4a00000|100%|HC|  |TAMS 0x00000000b4900000, 0x00000000b4900000| Complete 
| 330|0x00000000b4a00000, 0x00000000b4b00000, 0x00000000b4b00000|100%|HC|  |TAMS 0x00000000b4a00000, 0x00000000b4a00000| Complete 
| 331|0x00000000b4b00000, 0x00000000b4c00000, 0x00000000b4c00000|100%|HC|  |TAMS 0x00000000b4b00000, 0x00000000b4b00000| Complete 
| 332|0x00000000b4c00000, 0x00000000b4d00000, 0x00000000b4d00000|100%|HC|  |TAMS 0x00000000b4c00000, 0x00000000b4c00000| Complete 
| 333|0x00000000b4d00000, 0x00000000b4e00000, 0x00000000b4e00000|100%|HC|  |TAMS 0x00000000b4d00000, 0x00000000b4d00000| Complete 
| 334|0x00000000b4e00000, 0x00000000b4f00000, 0x00000000b4f00000|100%|HC|  |TAMS 0x00000000b4e00000, 0x00000000b4e00000| Complete 
| 335|0x00000000b4f00000, 0x00000000b5000000, 0x00000000b5000000|100%|HC|  |TAMS 0x00000000b4f00000, 0x00000000b4f00000| Complete 
| 336|0x00000000b5000000, 0x00000000b5100000, 0x00000000b5100000|100%|HC|  |TAMS 0x00000000b5000000, 0x00000000b5000000| Complete 
| 337|0x00000000b5100000, 0x00000000b5200000, 0x00000000b5200000|100%|HC|  |TAMS 0x00000000b5100000, 0x00000000b5100000| Complete 
| 338|0x00000000b5200000, 0x00000000b5300000, 0x00000000b5300000|100%|HC|  |TAMS 0x00000000b5200000, 0x00000000b5200000| Complete 
| 339|0x00000000b5300000, 0x00000000b5400000, 0x00000000b5400000|100%|HC|  |TAMS 0x00000000b5300000, 0x00000000b5300000| Complete 
| 340|0x00000000b5400000, 0x00000000b5500000, 0x00000000b5500000|100%|HC|  |TAMS 0x00000000b5400000, 0x00000000b5400000| Complete 
| 341|0x00000000b5500000, 0x00000000b5600000, 0x00000000b5600000|100%|HC|  |TAMS 0x00000000b5500000, 0x00000000b5500000| Complete 
| 342|0x00000000b5600000, 0x00000000b5700000, 0x00000000b5700000|100%|HC|  |TAMS 0x00000000b5600000, 0x00000000b5600000| Complete 
| 343|0x00000000b5700000, 0x00000000b5800000, 0x00000000b5800000|100%|HC|  |TAMS 0x00000000b5700000, 0x00000000b5700000| Complete 
| 344|0x00000000b5800000, 0x00000000b5900000, 0x00000000b5900000|100%|HC|  |TAMS 0x00000000b5800000, 0x00000000b5800000| Complete 

Card table byte_map: [0x00000160a22c0000,0x00000160a25c0000] _byte_map_base: 0x00000160a1dc0000

Marking Bits (Prev, Next): (CMBitMap*) 0x000001608f1d63e0, (CMBitMap*) 0x000001608f1d63a8
 Prev Bits: [0x00000160a40c0000, 0x00000160a58c0000)
 Next Bits: [0x00000160a28c0000, 0x00000160a40c0000)

Polling page: 0x000001608d0f0000

Metaspace:

Usage:
  Non-class:    109.10 MB capacity,   106.62 MB ( 98%) used,     2.09 MB (  2%) free+waste,   402.94 KB ( <1%) overhead. 
      Class:     17.19 MB capacity,    15.82 MB ( 92%) used,     1.20 MB (  7%) free+waste,   183.25 KB (  1%) overhead. 
       Both:    126.29 MB capacity,   122.43 MB ( 97%) used,     3.29 MB (  3%) free+waste,   586.19 KB ( <1%) overhead. 

Virtual space:
  Non-class space:      110.00 MB reserved,     109.21 MB (>99%) committed 
      Class space:        1.00 GB reserved,      17.25 MB (  2%) committed 
             Both:        1.11 GB reserved,     126.46 MB ( 11%) committed 

Chunk freelists:
   Non-Class:  48.00 KB
       Class:  61.00 KB
        Both:  109.00 KB

MaxMetaspaceSize: 17179869184.00 GB
CompressedClassSpaceSize: 1.00 GB

CodeHeap 'non-profiled nmethods': size=120000Kb used=12853Kb max_used=12853Kb free=107146Kb
 bounds [0x000001609a760000, 0x000001609b3f0000, 0x00000160a1c90000]
CodeHeap 'profiled nmethods': size=120000Kb used=41723Kb max_used=41723Kb free=78276Kb
 bounds [0x0000016093230000, 0x0000016095b00000, 0x000001609a760000]
CodeHeap 'non-nmethods': size=5760Kb used=2377Kb max_used=2435Kb free=3382Kb
 bounds [0x0000016092c90000, 0x0000016092f20000, 0x0000016093230000]
 total_blobs=20175 nmethods=19156 adapters=927
 compilation: enabled
              stopped_count=0, restarted_count=0
 full_count=0

Compilation events (20 events):
Event: 125.881 Thread 0x00000160a832b000 20523 % !   3       java.util.zip.InflaterOutputStream::write @ 47 (213 bytes)
Event: 125.884 Thread 0x00000160a832b000 nmethod 20523% 0x0000016095af2a90 code [0x0000016095af2da0, 0x0000016095af3f78]
Event: 125.890 Thread 0x00000160a832b000 20524 % !   3       java.util.zip.InflaterOutputStream::write @ 102 (213 bytes)
Event: 125.892 Thread 0x00000160a832b000 nmethod 20524% 0x0000016095af4790 code [0x0000016095af4aa0, 0x0000016095af5cb8]
Event: 125.897 Thread 0x00000160a832b000 20525   !   3       java.util.zip.InflaterOutputStream::write (213 bytes)
Event: 125.899 Thread 0x00000160a832b000 nmethod 20525 0x0000016095af6510 code [0x0000016095af6800, 0x0000016095af78b8]
Event: 126.133 Thread 0x00000160a8326800 20526 % !   4       java.util.zip.InflaterOutputStream::write @ 102 (213 bytes)
Event: 126.177 Thread 0x00000160a8326800 nmethod 20526% 0x000001609b3ea710 code [0x000001609b3ea900, 0x000001609b3eb778]
Event: 126.527 Thread 0x00000160a8326800 20527       4       java.nio.channels.spi.AbstractInterruptibleChannel::isOpen (13 bytes)
Event: 126.528 Thread 0x00000160a8326800 nmethod 20527 0x000001609b3ebe90 code [0x000001609b3ec020, 0x000001609b3ec098]
Event: 126.530 Thread 0x00000160a8326800 20528       4       kotlin.text.StringsKt__StringsJVMKt::regionMatches (43 bytes)
Event: 126.530 Thread 0x00000160a832b000 20529       1       com.android.builder.internal.packaging.PackagedFileUpdate::getSource (5 bytes)
Event: 126.531 Thread 0x00000160a832b000 nmethod 20529 0x000001609b3ec110 code [0x000001609b3ec2c0, 0x000001609b3ec378]
Event: 126.533 Thread 0x00000160a832b000 20530       1       com.android.builder.internal.packaging.PackagedFileUpdate::getName (5 bytes)
Event: 126.533 Thread 0x00000160a832b000 nmethod 20530 0x000001609b3ec410 code [0x000001609b3ec5c0, 0x000001609b3ec678]
Event: 126.534 Thread 0x00000160a832b000 20531       1       sun.nio.ch.FileDispatcherImpl::needsPositionLock (2 bytes)
Event: 126.534 Thread 0x00000160a832b000 nmethod 20531 0x000001609b3ec710 code [0x000001609b3ec8c0, 0x000001609b3ec978]
Event: 126.534 Thread 0x00000160a832b000 20532   !   3       sun.nio.ch.IOUtil::read (129 bytes)
Event: 126.535 Thread 0x00000160a832b000 nmethod 20532 0x0000016095af8090 code [0x0000016095af8300, 0x0000016095af8bc8]
Event: 126.535 Thread 0x00000160a832b000 20533       3       sun.nio.ch.IOUtil::readIntoNativeBuffer (157 bytes)

GC Heap History (20 events):
Event: 118.049 GC heap before
{Heap before GC invocations=85 (full 0):
 garbage-first heap   total 292864K, used 173670K [0x00000000a0000000, 0x0000000100000000)
  region size 1024K, 14 young (14336K), 3 survivors (3072K)
 Metaspace       used 124586K, capacity 128591K, committed 128728K, reserved 1161216K
  class space    used 16129K, capacity 17546K, committed 17664K, reserved 1048576K
}
Event: 118.062 GC heap after
{Heap after GC invocations=86 (full 0):
 garbage-first heap   total 292864K, used 142001K [0x00000000a0000000, 0x0000000100000000)
  region size 1024K, 1 young (1024K), 1 survivors (1024K)
 Metaspace       used 124586K, capacity 128591K, committed 128728K, reserved 1161216K
  class space    used 16129K, capacity 17546K, committed 17664K, reserved 1048576K
}
Event: 120.266 GC heap before
{Heap before GC invocations=86 (full 0):
 garbage-first heap   total 292864K, used 232113K [0x00000000a0000000, 0x0000000100000000)
  region size 1024K, 72 young (73728K), 1 survivors (1024K)
 Metaspace       used 124644K, capacity 128662K, committed 128984K, reserved 1161216K
  class space    used 16130K, capacity 17546K, committed 17664K, reserved 1048576K
}
Event: 120.376 GC heap after
{Heap after GC invocations=87 (full 0):
 garbage-first heap   total 292864K, used 185065K [0x00000000a0000000, 0x0000000100000000)
  region size 1024K, 9 young (9216K), 9 survivors (9216K)
 Metaspace       used 124644K, capacity 128662K, committed 128984K, reserved 1161216K
  class space    used 16130K, capacity 17546K, committed 17664K, reserved 1048576K
}
Event: 120.550 GC heap before
{Heap before GC invocations=87 (full 0):
 garbage-first heap   total 292864K, used 189161K [0x00000000a0000000, 0x0000000100000000)
  region size 1024K, 15 young (15360K), 9 survivors (9216K)
 Metaspace       used 124645K, capacity 128662K, committed 128984K, reserved 1161216K
  class space    used 16130K, capacity 17546K, committed 17664K, reserved 1048576K
}
Event: 120.593 GC heap after
{Heap after GC invocations=88 (full 0):
 garbage-first heap   total 292864K, used 190158K [0x00000000a0000000, 0x0000000100000000)
  region size 1024K, 4 young (4096K), 4 survivors (4096K)
 Metaspace       used 124645K, capacity 128662K, committed 128984K, reserved 1161216K
  class space    used 16130K, capacity 17546K, committed 17664K, reserved 1048576K
}
Event: 122.070 GC heap before
{Heap before GC invocations=89 (full 0):
 garbage-first heap   total 292864K, used 225998K [0x00000000a0000000, 0x0000000100000000)
  region size 1024K, 40 young (40960K), 4 survivors (4096K)
 Metaspace       used 124499K, capacity 128404K, committed 128984K, reserved 1161216K
  class space    used 16074K, capacity 17448K, committed 17664K, reserved 1048576K
}
Event: 122.120 GC heap after
{Heap after GC invocations=90 (full 0):
 garbage-first heap   total 292864K, used 202252K [0x00000000a0000000, 0x0000000100000000)
  region size 1024K, 5 young (5120K), 5 survivors (5120K)
 Metaspace       used 124499K, capacity 128404K, committed 128984K, reserved 1161216K
  class space    used 16074K, capacity 17448K, committed 17664K, reserved 1048576K
}
Event: 122.542 GC heap before
{Heap before GC invocations=90 (full 0):
 garbage-first heap   total 292864K, used 212492K [0x00000000a0000000, 0x0000000100000000)
  region size 1024K, 14 young (14336K), 5 survivors (5120K)
 Metaspace       used 124499K, capacity 128404K, committed 128984K, reserved 1161216K
  class space    used 16074K, capacity 17448K, committed 17664K, reserved 1048576K
}
Event: 122.585 GC heap after
{Heap after GC invocations=91 (full 0):
 garbage-first heap   total 292864K, used 193909K [0x00000000a0000000, 0x0000000100000000)
  region size 1024K, 2 young (2048K), 2 survivors (2048K)
 Metaspace       used 124499K, capacity 128404K, committed 128984K, reserved 1161216K
  class space    used 16074K, capacity 17448K, committed 17664K, reserved 1048576K
}
Event: 123.034 GC heap before
{Heap before GC invocations=91 (full 0):
 garbage-first heap   total 292864K, used 233845K [0x00000000a0000000, 0x0000000100000000)
  region size 1024K, 37 young (37888K), 2 survivors (2048K)
 Metaspace       used 124505K, capacity 128406K, committed 128984K, reserved 1161216K
  class space    used 16074K, capacity 17448K, committed 17664K, reserved 1048576K
}
Event: 123.047 GC heap after
{Heap after GC invocations=92 (full 0):
 garbage-first heap   total 292864K, used 207073K [0x00000000a0000000, 0x0000000100000000)
  region size 1024K, 5 young (5120K), 5 survivors (5120K)
 Metaspace       used 124505K, capacity 128406K, committed 128984K, reserved 1161216K
  class space    used 16074K, capacity 17448K, committed 17664K, reserved 1048576K
}
Event: 123.135 GC heap before
{Heap before GC invocations=92 (full 0):
 garbage-first heap   total 292864K, used 213217K [0x00000000a0000000, 0x0000000100000000)
  region size 1024K, 12 young (12288K), 5 survivors (5120K)
 Metaspace       used 124505K, capacity 128406K, committed 128984K, reserved 1161216K
  class space    used 16074K, capacity 17448K, committed 17664K, reserved 1048576K
}
Event: 123.142 GC heap after
{Heap after GC invocations=93 (full 0):
 garbage-first heap   total 292864K, used 208778K [0x00000000a0000000, 0x0000000100000000)
  region size 1024K, 2 young (2048K), 2 survivors (2048K)
 Metaspace       used 124505K, capacity 128406K, committed 128984K, reserved 1161216K
  class space    used 16074K, capacity 17448K, committed 17664K, reserved 1048576K
}
Event: 123.920 GC heap before
{Heap before GC invocations=94 (full 0):
 garbage-first heap   total 292864K, used 240522K [0x00000000a0000000, 0x0000000100000000)
  region size 1024K, 26 young (26624K), 2 survivors (2048K)
 Metaspace       used 124520K, capacity 128408K, committed 128984K, reserved 1161216K
  class space    used 16074K, capacity 17448K, committed 17664K, reserved 1048576K
}
Event: 123.924 GC heap after
{Heap after GC invocations=95 (full 0):
 garbage-first heap   total 292864K, used 208928K [0x00000000a0000000, 0x0000000100000000)
  region size 1024K, 1 young (1024K), 1 survivors (1024K)
 Metaspace       used 124520K, capacity 128408K, committed 128984K, reserved 1161216K
  class space    used 16074K, capacity 17448K, committed 17664K, reserved 1048576K
}
Event: 124.667 GC heap before
{Heap before GC invocations=95 (full 0):
 garbage-first heap   total 292864K, used 221216K [0x00000000a0000000, 0x0000000100000000)
  region size 1024K, 14 young (14336K), 1 survivors (1024K)
 Metaspace       used 124942K, capacity 128865K, committed 129240K, reserved 1161216K
  class space    used 16128K, capacity 17513K, committed 17664K, reserved 1048576K
}
Event: 124.680 GC heap after
{Heap after GC invocations=96 (full 0):
 garbage-first heap   total 292864K, used 181898K [0x00000000a0000000, 0x0000000100000000)
  region size 1024K, 1 young (1024K), 1 survivors (1024K)
 Metaspace       used 124942K, capacity 128865K, committed 129240K, reserved 1161216K
  class space    used 16128K, capacity 17513K, committed 17664K, reserved 1048576K
}
Event: 125.553 GC heap before
{Heap before GC invocations=96 (full 0):
 garbage-first heap   total 292864K, used 213642K [0x00000000a0000000, 0x0000000100000000)
  region size 1024K, 11 young (11264K), 1 survivors (1024K)
 Metaspace       used 125352K, capacity 129302K, committed 129496K, reserved 1161216K
  class space    used 16190K, capacity 17596K, committed 17664K, reserved 1048576K
}
Event: 125.560 GC heap after
{Heap after GC invocations=97 (full 0):
 garbage-first heap   total 292864K, used 181996K [0x00000000a0000000, 0x0000000100000000)
  region size 1024K, 1 young (1024K), 1 survivors (1024K)
 Metaspace       used 125352K, capacity 129302K, committed 129496K, reserved 1161216K
  class space    used 16190K, capacity 17596K, committed 17664K, reserved 1048576K
}

Deoptimization events (20 events):
Event: 124.513 Thread 0x00000160ab91c000 DEOPT PACKING pc=0x0000016095ad7849 sp=0x00000009813fd4d0
Event: 124.513 Thread 0x00000160ab91c000 DEOPT UNPACKING pc=0x0000016092cb76ce sp=0x00000009813fc948 mode 0
Event: 124.514 Thread 0x00000160ab91c000 DEOPT PACKING pc=0x0000016095ad7849 sp=0x00000009813fd4d0
Event: 124.514 Thread 0x00000160ab91c000 DEOPT UNPACKING pc=0x0000016092cb76ce sp=0x00000009813fc948 mode 0
Event: 124.514 Thread 0x00000160ab91c000 DEOPT PACKING pc=0x0000016095ad7849 sp=0x00000009813fd4d0
Event: 124.514 Thread 0x00000160ab91c000 DEOPT UNPACKING pc=0x0000016092cb76ce sp=0x00000009813fc948 mode 0
Event: 124.757 Thread 0x00000160ab91c000 Uncommon trap: trap_request=0xffffff4d fr.pc=0x000001609ab86bec relative=0x00000000000001ac
Event: 124.757 Thread 0x00000160ab91c000 Uncommon trap: reason=unstable_if action=reinterpret pc=0x000001609ab86bec method=java.util.regex.Pattern$GroupTail.match(Ljava/util/regex/Matcher;ILjava/lang/CharSequence;)Z @ 13 c2
Event: 124.757 Thread 0x00000160ab91c000 DEOPT PACKING pc=0x000001609ab86bec sp=0x00000009813fd8d0
Event: 124.757 Thread 0x00000160ab91c000 DEOPT UNPACKING pc=0x0000016092cb78af sp=0x00000009813fd878 mode 2
Event: 124.922 Thread 0x00000160ab91c000 Uncommon trap: trap_request=0xffffff4d fr.pc=0x000001609b3c67b4 relative=0x0000000000000354
Event: 124.922 Thread 0x00000160ab91c000 Uncommon trap: reason=unstable_if action=reinterpret pc=0x000001609b3c67b4 method=sun.security.provider.SHA.implDigest([BI)V @ 21 c2
Event: 124.922 Thread 0x00000160ab91c000 DEOPT PACKING pc=0x000001609b3c67b4 sp=0x00000009813fdd10
Event: 124.922 Thread 0x00000160ab91c000 DEOPT UNPACKING pc=0x0000016092cb78af sp=0x00000009813fdcb0 mode 2
Event: 126.299 Thread 0x00000160ab91c000 DEOPT PACKING pc=0x0000016095af59c3 sp=0x00000009813fdbf0
Event: 126.299 Thread 0x00000160ab91c000 DEOPT UNPACKING pc=0x0000016092cb76ce sp=0x00000009813fd140 mode 0
Event: 126.466 Thread 0x00000160ab91c000 Uncommon trap: trap_request=0xffffff4d fr.pc=0x000001609b3eb574 relative=0x0000000000000c74
Event: 126.466 Thread 0x00000160ab91c000 Uncommon trap: reason=unstable_if action=reinterpret pc=0x000001609b3eb574 method=java.util.zip.InflaterOutputStream.write([BII)V @ 69 c2
Event: 126.466 Thread 0x00000160ab91c000 DEOPT PACKING pc=0x000001609b3eb574 sp=0x00000009813fdc60
Event: 126.466 Thread 0x00000160ab91c000 DEOPT UNPACKING pc=0x0000016092cb78af sp=0x00000009813fdc48 mode 2

Classes redefined (0 events):
No events

Internal exceptions (20 events):
Event: 113.723 Thread 0x00000160b2800800 Exception <a 'java/lang/NoSuchMethodError'{0x00000000aec937c8}: 'java.lang.Object java.lang.invoke.DirectMethodHandle$Holder.invokeVirtual(java.lang.Object, java.lang.Object, int, java.lang.Object)'> (0x00000000aec937c8) thrown at [./src/hotspot/share/interpreter/linkResolver.cpp, line 773]
Event: 113.723 Thread 0x00000160b27fd800 Exception <a 'java/lang/NoSuchMethodError'{0x00000000aeccd590}: 'java.lang.Object java.lang.invoke.DirectMethodHandle$Holder.invokeVirtual(java.lang.Object, java.lang.Object, int, java.lang.Object)'> (0x00000000aeccd590) thrown at [./src/hotspot/share/interpreter/linkResolver.cpp, line 773]
Event: 113.899 Thread 0x00000160b2800000 Exception <a 'java/lang/NoSuchMethodError'{0x00000000aeb8d3f8}: 'void java.lang.invoke.DirectMethodHandle$Holder.invokeVirtual(java.lang.Object, java.lang.Object, int, java.lang.Object)'> (0x00000000aeb8d3f8) thrown at [./src/hotspot/share/interpreter/linkResolver.cpp, line 773]
Event: 113.902 Thread 0x00000160b2808000 Exception <a 'java/lang/NoSuchMethodError'{0x00000000aea4b080}: 'void java.lang.invoke.DirectMethodHandle$Holder.invokeVirtual(java.lang.Object, java.lang.Object, int, java.lang.Object)'> (0x00000000aea4b080) thrown at [./src/hotspot/share/interpreter/linkResolver.cpp, line 773]
Event: 116.003 Thread 0x00000160b2800000 Exception <a 'java/lang/NoSuchMethodError'{0x00000000ae5d5210}: 'java.lang.Object java.lang.invoke.DirectMethodHandle$Holder.invokeInterface(java.lang.Object, java.lang.Object, int)'> (0x00000000ae5d5210) thrown at [./src/hotspot/share/interpreter/linkResolver.cpp, line 773]
Event: 116.374 Thread 0x00000160b2808000 Exception <a 'sun/nio/fs/WindowsException'{0x00000000b1d43f68}> (0x00000000b1d43f68) thrown at [./src/hotspot/share/prims/jni.cpp, line 615]
Event: 116.378 Thread 0x00000160b2800000 Exception <a 'sun/nio/fs/WindowsException'{0x00000000b1d83b88}> (0x00000000b1d83b88) thrown at [./src/hotspot/share/prims/jni.cpp, line 615]
Event: 117.062 Thread 0x00000160b27fd800 Exception <a 'java/lang/NoSuchMethodError'{0x00000000b0c242f0}: 'void java.lang.invoke.DirectMethodHandle$Holder.invokeStaticInit(java.lang.Object, java.lang.Object, java.lang.Object)'> (0x00000000b0c242f0) thrown at [./src/hotspot/share/interpreter/linkResolver.cpp, line 773]
Event: 117.140 Thread 0x00000160b27fd800 Implicit null exception at 0x000001609b1eb6e0 to 0x000001609b1f16d8
Event: 117.152 Thread 0x00000160b27fd800 Exception <a 'sun/nio/fs/WindowsException'{0x00000000b095b970}> (0x00000000b095b970) thrown at [./src/hotspot/share/prims/jni.cpp, line 615]
Event: 118.200 Thread 0x00000160b2800800 Exception <a 'sun/nio/fs/WindowsException'{0x00000000b1832828}> (0x00000000b1832828) thrown at [./src/hotspot/share/prims/jni.cpp, line 615]
Event: 118.731 Thread 0x00000160b2807000 Exception <a 'sun/nio/fs/WindowsException'{0x00000000b163ebc8}> (0x00000000b163ebc8) thrown at [./src/hotspot/share/prims/jni.cpp, line 615]
Event: 123.955 Thread 0x00000160ab921800 Exception <a 'sun/nio/fs/WindowsException'{0x00000000b1c3cf90}> (0x00000000b1c3cf90) thrown at [./src/hotspot/share/prims/jni.cpp, line 615]
Event: 124.583 Thread 0x00000160ab91c000 Exception <a 'java/lang/NoSuchMethodError'{0x00000000b15b6790}: 'java.lang.Object java.lang.invoke.Invokers$Holder.linkToTargetMethod(java.lang.Object, java.lang.Object, java.lang.Object, java.lang.Object, int, java.lang.Object, java.lang.Object)'> (0x00000000b15b6790) thrown at [./src/hotspot/share/interpreter/linkResolver.cpp, line 773]
Event: 124.658 Thread 0x00000160ab91c000 Exception <a 'java/lang/NoSuchMethodError'{0x00000000b11cb1d0}: 'java.lang.Object java.lang.invoke.DirectMethodHandle$Holder.invokeSpecial(java.lang.Object, java.lang.Object, java.lang.Object, java.lang.Object, java.lang.Object, java.lang.Object, java.lang.Object, int, java.lang.Object)'> (0x00000000b11cb1d0) thrown at [./src/hotspot/share/interpreter/linkResolver.cpp, line 773]
Event: 124.660 Thread 0x00000160ab91c000 Exception <a 'java/lang/NoSuchMethodError'{0x00000000b11d4ae8}: 'java.lang.Object java.lang.invoke.DirectMethodHandle$Holder.invokeStatic(java.lang.Object, java.lang.Object, java.lang.Object, java.lang.Object, java.lang.Object, java.lang.Object, java.lang.Object, int)'> (0x00000000b11d4ae8) thrown at [./src/hotspot/share/interpreter/linkResolver.cpp, line 773]
Event: 124.660 Thread 0x00000160ab91c000 Exception <a 'java/lang/NoSuchMethodError'{0x00000000b11d9030}: 'java.lang.Object java.lang.invoke.DirectMethodHandle$Holder.invokeSpecial(java.lang.Object, java.lang.Object, java.lang.Object, java.lang.Object, java.lang.Object, java.lang.Object, java.lang.Object, java.lang.Object, int)'> (0x00000000b11d9030) thrown at [./src/hotspot/share/interpreter/linkResolver.cpp, line 773]
Event: 124.661 Thread 0x00000160ab91c000 Exception <a 'java/lang/NoSuchMethodError'{0x00000000b11dc910}: 'java.lang.Object java.lang.invoke.Invokers$Holder.linkToTargetMethod(java.lang.Object, java.lang.Object, java.lang.Object, java.lang.Object, java.lang.Object, java.lang.Object, int, java.lang.Object)'> (0x00000000b11dc910) thrown at [./src/hotspot/share/interpreter/linkResolver.cpp, line 773]
Event: 124.848 Thread 0x00000160ab91c000 Exception <a 'sun/nio/fs/WindowsException'{0x00000000b17f8478}> (0x00000000b17f8478) thrown at [./src/hotspot/share/prims/jni.cpp, line 615]
Event: 124.849 Thread 0x00000160ab91c000 Exception <a 'sun/nio/fs/WindowsException'{0x00000000b17f8580}> (0x00000000b17f8580) thrown at [./src/hotspot/share/prims/jni.cpp, line 615]

Events (20 events):
Event: 126.147 Executing VM operation: CGC_Operation done
Event: 126.157 Executing VM operation: RevokeBias
Event: 126.158 Executing VM operation: RevokeBias done
Event: 126.158 Thread 0x00000160b2807000 Thread exited: 0x00000160b2807000
Event: 126.528 loading class com/android/builder/internal/packaging/PackagedFileUpdate
Event: 126.528 loading class com/android/builder/internal/packaging/PackagedFileUpdate done
Event: 126.529 loading class com/android/builder/internal/packaging/ApkFlinger$writeFile$1
Event: 126.529 loading class com/android/builder/internal/packaging/ApkFlinger$writeFile$1 done
Event: 126.529 Executing VM operation: RevokeBias
Event: 126.530 Executing coalesced safepoint VM operation: RevokeBias
Event: 126.530 Executing coalesced safepoint VM operation: RevokeBias done
Event: 126.530 Executing coalesced safepoint VM operation: RevokeBias
Event: 126.530 Executing coalesced safepoint VM operation: RevokeBias done
Event: 126.530 Executing VM operation: RevokeBias done
Event: 126.530 loading class com/android/builder/internal/packaging/PackagedFileUpdate
Event: 126.530 loading class com/android/builder/internal/packaging/PackagedFileUpdate done
Event: 126.530 loading class com/android/builder/internal/packaging/PackagedFileUpdate
Event: 126.530 loading class com/android/builder/internal/packaging/PackagedFileUpdate done
Event: 126.531 loading class com/google/common/base/Function
Event: 126.531 loading class com/google/common/base/Function done


Dynamic libraries:
0x00007ff670d30000 - 0x00007ff670d3a000 	C:\Program Files\Android\Android Studio\jre\bin\java.exe
0x00007ffff6e70000 - 0x00007ffff7065000 	C:\WINDOWS\SYSTEM32\ntdll.dll
0x00007ffff6810000 - 0x00007ffff68ce000 	C:\WINDOWS\System32\KERNEL32.DLL
0x00007ffff4bf0000 - 0x00007ffff4eb8000 	C:\WINDOWS\System32\KERNELBASE.dll
0x00007ffff4800000 - 0x00007ffff4900000 	C:\WINDOWS\System32\ucrtbase.dll
0x00007fffd20f0000 - 0x00007fffd2109000 	C:\Program Files\Android\Android Studio\jre\bin\jli.dll
0x00007fffd1960000 - 0x00007fffd1977000 	C:\Program Files\Android\Android Studio\jre\bin\VCRUNTIME140.dll
0x00007ffff6a50000 - 0x00007ffff6bf1000 	C:\WINDOWS\System32\USER32.dll
0x00007fffd67e0000 - 0x00007fffd6a7a000 	C:\WINDOWS\WinSxS\amd64_microsoft.windows.common-controls_6595b64144ccf1df_6.0.19041.1110_none_60b5254171f9507e\COMCTL32.dll
0x00007ffff49e0000 - 0x00007ffff4a02000 	C:\WINDOWS\System32\win32u.dll
0x00007ffff64b0000 - 0x00007ffff654e000 	C:\WINDOWS\System32\msvcrt.dll
0x00007ffff6980000 - 0x00007ffff69ab000 	C:\WINDOWS\System32\GDI32.dll
0x00007ffff4590000 - 0x00007ffff469b000 	C:\WINDOWS\System32\gdi32full.dll
0x00007ffff4ac0000 - 0x00007ffff4b5d000 	C:\WINDOWS\System32\msvcp_win.dll
0x00007ffff63b0000 - 0x00007ffff63e0000 	C:\WINDOWS\System32\IMM32.DLL
0x00007fffc30c0000 - 0x00007fffc315d000 	C:\Program Files\Android\Android Studio\jre\bin\msvcp140.dll
0x00007fff99fc0000 - 0x00007fff9aa8f000 	C:\Program Files\Android\Android Studio\jre\bin\server\jvm.dll
0x00007ffff63e0000 - 0x00007ffff648c000 	C:\WINDOWS\System32\ADVAPI32.dll
0x00007ffff50b0000 - 0x00007ffff514b000 	C:\WINDOWS\System32\sechost.dll
0x00007ffff6550000 - 0x00007ffff667a000 	C:\WINDOWS\System32\RPCRT4.dll
0x00007ffff6a40000 - 0x00007ffff6a48000 	C:\WINDOWS\System32\PSAPI.DLL
0x00007fffefca0000 - 0x00007fffefca9000 	C:\WINDOWS\SYSTEM32\WSOCK32.dll
0x00007fffec550000 - 0x00007fffec55a000 	C:\WINDOWS\SYSTEM32\VERSION.dll
0x00007fffeaa00000 - 0x00007fffeaa27000 	C:\WINDOWS\SYSTEM32\WINMM.dll
0x00007ffff6dc0000 - 0x00007ffff6e2b000 	C:\WINDOWS\System32\WS2_32.dll
0x00007ffff2e60000 - 0x00007ffff2e72000 	C:\WINDOWS\SYSTEM32\kernel.appcore.dll
0x00007fffedfd0000 - 0x00007fffedfe1000 	C:\Program Files\Android\Android Studio\jre\bin\verify.dll
0x00007ffff2c00000 - 0x00007ffff2de4000 	C:\WINDOWS\SYSTEM32\DBGHELP.DLL
0x00007fffe62a0000 - 0x00007fffe62cc000 	C:\WINDOWS\SYSTEM32\dbgcore.DLL
0x00007ffff4b60000 - 0x00007ffff4be3000 	C:\WINDOWS\System32\bcryptPrimitives.dll
0x00007fffedfa0000 - 0x00007fffedfc9000 	C:\Program Files\Android\Android Studio\jre\bin\java.dll
0x00007fffee100000 - 0x00007fffee10b000 	C:\Program Files\Android\Android Studio\jre\bin\jimage.dll
0x00007fffe3a30000 - 0x00007fffe3a48000 	C:\Program Files\Android\Android Studio\jre\bin\zip.dll
0x00007ffff5c70000 - 0x00007ffff63af000 	C:\WINDOWS\System32\SHELL32.dll
0x00007ffff2330000 - 0x00007ffff2ac0000 	C:\WINDOWS\SYSTEM32\windows.storage.dll
0x00007ffff5150000 - 0x00007ffff54a5000 	C:\WINDOWS\System32\combase.dll
0x00007ffff3f10000 - 0x00007ffff3f3e000 	C:\WINDOWS\SYSTEM32\Wldp.dll
0x00007ffff68d0000 - 0x00007ffff697d000 	C:\WINDOWS\System32\SHCORE.dll
0x00007ffff4ec0000 - 0x00007ffff4f15000 	C:\WINDOWS\System32\shlwapi.dll
0x00007ffff44d0000 - 0x00007ffff44ef000 	C:\WINDOWS\SYSTEM32\profapi.dll
0x00007fffe39f0000 - 0x00007fffe3a0a000 	C:\Program Files\Android\Android Studio\jre\bin\net.dll
0x00007fffe9950000 - 0x00007fffe9a5c000 	C:\WINDOWS\SYSTEM32\WINHTTP.dll
0x00007ffff3c70000 - 0x00007ffff3cda000 	C:\WINDOWS\system32\mswsock.dll
0x00007fffe39a0000 - 0x00007fffe39b4000 	C:\Program Files\Android\Android Studio\jre\bin\nio.dll
0x00007fffd17d0000 - 0x00007fffd17f6000 	C:\Users\tkhaj\.gradle\native\fdc75f09e3144964f2cf3f50f0aa648679c211496f362492102eb8c894070792\windows-amd64\native-platform.dll
0x00007fffafd50000 - 0x00007fffafee1000 	C:\Users\tkhaj\.gradle\native\12488b8bf47d2d4c9fbf2f6322a914ad602e24e48041cd04a747c6da556b65c4\windows-amd64\native-platform-file-events.dll
0x00007fffed180000 - 0x00007fffed18a000 	C:\Program Files\Android\Android Studio\jre\bin\management.dll
0x00007fffe7540000 - 0x00007fffe754c000 	C:\Program Files\Android\Android Studio\jre\bin\management_ext.dll
0x00007ffff3e70000 - 0x00007ffff3e88000 	C:\WINDOWS\SYSTEM32\CRYPTSP.dll
0x00007ffff35f0000 - 0x00007ffff3624000 	C:\WINDOWS\system32\rsaenh.dll
0x00007ffff4900000 - 0x00007ffff4927000 	C:\WINDOWS\System32\bcrypt.dll
0x00007ffff4490000 - 0x00007ffff44be000 	C:\WINDOWS\SYSTEM32\USERENV.dll
0x00007ffff3e60000 - 0x00007ffff3e6c000 	C:\WINDOWS\SYSTEM32\CRYPTBASE.dll
0x00007ffff3960000 - 0x00007ffff399b000 	C:\WINDOWS\SYSTEM32\IPHLPAPI.DLL
0x00007ffff6db0000 - 0x00007ffff6db8000 	C:\WINDOWS\System32\NSI.dll
0x00007fffec610000 - 0x00007fffec627000 	C:\WINDOWS\SYSTEM32\dhcpcsvc6.DLL
0x00007fffec5f0000 - 0x00007fffec60d000 	C:\WINDOWS\SYSTEM32\dhcpcsvc.DLL
0x00007ffff39a0000 - 0x00007ffff3a6b000 	C:\WINDOWS\SYSTEM32\DNSAPI.dll
0x00007fffec710000 - 0x00007fffec71b000 	C:\WINDOWS\SYSTEM32\WINNSI.DLL
0x00007fffd23f0000 - 0x00007fffd2417000 	C:\Program Files\Android\Android Studio\jre\bin\sunec.dll
0x00007fffe9450000 - 0x00007fffe945a000 	C:\Windows\System32\rasadhlp.dll
0x00007fffe9340000 - 0x00007fffe93bf000 	C:\WINDOWS\System32\fwpuclnt.dll
0x00007ffff3280000 - 0x00007ffff32b3000 	C:\WINDOWS\SYSTEM32\ntmarta.dll
0x00007fffd22b0000 - 0x00007fffd22ce000 	C:\Users\tkhaj\AppData\Local\Temp\native-platform12263627326839188115dir\native-platform.dll
0x00007fffd22a0000 - 0x00007fffd22a8000 	C:\Program Files\Android\Android Studio\jre\bin\rmi.dll

dbghelp: loaded successfully - version: 4.0.5 - missing functions: none
symbol engine: initialized successfully - sym options: 0x614 - pdb path: .;C:\Program Files\Android\Android Studio\jre\bin;C:\WINDOWS\SYSTEM32;C:\WINDOWS\WinSxS\amd64_microsoft.windows.common-controls_6595b64144ccf1df_6.0.19041.1110_none_60b5254171f9507e;C:\Program Files\Android\Android Studio\jre\bin\server;C:\Users\tkhaj\.gradle\native\fdc75f09e3144964f2cf3f50f0aa648679c211496f362492102eb8c894070792\windows-amd64;C:\Users\tkhaj\.gradle\native\12488b8bf47d2d4c9fbf2f6322a914ad602e24e48041cd04a747c6da556b65c4\windows-amd64;C:\Users\tkhaj\AppData\Local\Temp\native-platform12263627326839188115dir

VM Arguments:
jvm_args: --add-opens=java.base/java.util=ALL-UNNAMED --add-opens=java.base/java.lang=ALL-UNNAMED --add-opens=java.base/java.lang.invoke=ALL-UNNAMED --add-opens=java.prefs/java.util.prefs=ALL-UNNAMED -Xmx1536M -Dfile.encoding=windows-1252 -Duser.country=US -Duser.language=en -Duser.variant 
java_command: org.gradle.launcher.daemon.bootstrap.GradleDaemon 6.7
java_class_path (initial): C:\Users\tkhaj\.gradle\wrapper\dists\gradle-6.7-all\cuy9mc7upwgwgeb72wkcrupxe\gradle-6.7\lib\gradle-launcher-6.7.jar
Launcher Type: SUN_STANDARD

[Global flags]
     intx CICompilerCount                          = 4                                         {product} {ergonomic}
     uint ConcGCThreads                            = 2                                         {product} {ergonomic}
     uint G1ConcRefinementThreads                  = 8                                         {product} {ergonomic}
   size_t G1HeapRegionSize                         = 1048576                                   {product} {ergonomic}
    uintx GCDrainStackTargetSize                   = 64                                        {product} {ergonomic}
   size_t InitialHeapSize                          = 117440512                                 {product} {ergonomic}
   size_t MarkStackSize                            = 4194304                                   {product} {ergonomic}
   size_t MaxHeapSize                              = 1610612736                                {product} {command line}
   size_t MaxNewSize                               = 965738496                                 {product} {ergonomic}
   size_t MinHeapDeltaBytes                        = 1048576                                   {product} {ergonomic}
    uintx NonNMethodCodeHeapSize                   = 5836300                                {pd product} {ergonomic}
    uintx NonProfiledCodeHeapSize                  = 122910970                              {pd product} {ergonomic}
    uintx ProfiledCodeHeapSize                     = 122910970                              {pd product} {ergonomic}
    uintx ReservedCodeCacheSize                    = 251658240                              {pd product} {ergonomic}
     bool SegmentedCodeCache                       = true                                      {product} {ergonomic}
     bool UseCompressedClassPointers               = true                                 {lp64_product} {ergonomic}
     bool UseCompressedOops                        = true                                 {lp64_product} {ergonomic}
     bool UseG1GC                                  = true                                      {product} {ergonomic}
     bool UseLargePagesIndividualAllocation        = false                                  {pd product} {ergonomic}

Logging:
Log output configuration:
 #0: stdout all=warning uptime,level,tags
 #1: stderr all=off uptime,level,tags

Environment Variables:
JAVA_HOME=C:\Program Files\Android\Android Studio\jre
CLASSPATH=C:\Users\tkhaj\OneDrive\Desktop\appfinal\android\\gradle\wrapper\gradle-wrapper.jar
PATH=C:\Program Files (x86)\Common Files\Oracle\Java\javapath;C:\WINDOWS\system32;C:\WINDOWS;C:\WINDOWS\System32\Wbem;C:\WINDOWS\System32\WindowsPowerShell\v1.0\;C:\WINDOWS\System32\OpenSSH\;C:\Program Files (x86)\dotnet\;C:\Program Files\Git\cmd;C:\Users\tkhaj\AppData\Local\Microsoft\WindowsApps;C:\Users\tkhaj\AppData\Roaming\Dashlane\6.1915.0.19667\bin\Firefox_Extension\{442718d9-475e-452a-b3e1-fb1ee16b8e9f}\components;C:\Users\tkhaj\AppData\Roaming\Dashlane\6.1915.0.19667\ucrt;C:\Users\tkhaj\AppData\Roaming\Dashlane\6.1915.0.19667\bin\Qt;C:\Users\tkhaj\AppData\Roaming\Dashlane\6.1915.0.19667\ucrt;C:\Users\tkhaj\AppData\Roaming\Dashlane\6.1915.0.19667\bin\Ssl;C:\msys64\mingw64\bin;C:\Users\tkhaj\AppData\Local\GitHubDesktop\bin;C:\Users\tkhaj\OneDrive\Desktop\flutter\bin;;C:\Users\tkhaj\OneDrive\Desktop\flutter\bin\mingit\cmd
USERNAME=tkhaj
OS=Windows_NT
PROCESSOR_IDENTIFIER=AMD64 Family 23 Model 17 Stepping 0, AuthenticAMD



---------------  S Y S T E M  ---------------

OS: Windows 10 , 64 bit Build 19041 (10.0.19041.1348)
OS uptime: 0 days 3:52 hours

CPU:total 8 (initial active 8) (8 cores per cpu, 2 threads per core) family 23 model 17 stepping 0 microcode 0x0, cmov, cx8, fxsr, mmx, sse, sse2, sse3, ssse3, sse4.1, sse4.2, popcnt, avx, avx2, aes, clmul, mmxext, 3dnowpref, lzcnt, sse4a, ht, tsc, tscinvbit, tscinv, bmi1, bmi2, adx, s

Memory: 4k page, system-wide physical 7058M (425M free)
TotalPageFile size 15631M (AvailPageFile size 9M)
current process WorkingSet (physical memory assigned to process): 671M, peak: 671M
current process commit charge ("private bytes"): 771M, peak: 802M

vm_info: OpenJDK 64-Bit Server VM (11.0.10+0-b96-7249189) for windows-amd64 JRE (11.0.10+0-b96-7249189), built on Mar 31 2021 21:44:00 by "builder" with MS VC++ 14.0 (VS2015)

END.
