#
# There is insufficient memory for the Java Runtime Environment to continue.
# Native memory allocation (malloc) failed to allocate 1048576 bytes for AllocateHeap
# Possible reasons:
#   The system is out of physical RAM or swap space
#   The process is running with CompressedOops enabled, and the Java Heap may be blocking the growth of the native heap
# Possible solutions:
#   Reduce memory load on the system
#   Increase physical memory or swap space
#   Check if swap backing store is full
#   Decrease Java heap size (-Xmx/-Xms)
#   Decrease number of Java threads
#   Decrease Java thread stack sizes (-Xss)
#   Set larger code cache with -XX:ReservedCodeCacheSize=
#   JVM is running with Unscaled Compressed Oops mode in which the Java heap is
#     placed in the first 4GB address space. The Java Heap base address is the
#     maximum limit for the native heap growth. Please use -XX:HeapBaseMinAddress
#     to set the Java Heap base and to place the Java Heap above 4GB virtual address.
# This output file may be truncated or incomplete.
#
#  Out of Memory Error (./src/hotspot/share/memory/allocation.cpp:46), pid=26784, tid=24808
#
# JRE version: OpenJDK Runtime Environment (11.0.10) (build 11.0.10+0-b96-7249189)
# Java VM: OpenJDK 64-Bit Server VM (11.0.10+0-b96-7249189, mixed mode, tiered, compressed oops, g1 gc, windows-amd64)
# No core dump will be written. Minidumps are not enabled by default on client versions of Windows
#

---------------  S U M M A R Y ------------

Command Line: -Dorg.gradle.appname=gradlew org.gradle.wrapper.GradleWrapperMain -q -Ptarget-platform=android-x86 -Ptarget=C:\Users\tkhaj\OneDrive\Desktop\appfinal\lib\main.dart -Pdart-defines=Zmx1dHRlci5pbnNwZWN0b3Iuc3RydWN0dXJlZEVycm9ycz10cnVl,RkxVVFRFUl9XRUJfQVVUT19ERVRFQ1Q9dHJ1ZQ== -Pdart-obfuscation=false -Ptrack-widget-creation=true -Ptree-shake-icons=false -Pfilesystem-scheme=org-dartlang-root assembleDebug

Host: AMD Ryzen 5 2500U with Radeon Vega Mobile Gfx  , 8 cores, 6G,  Windows 10 , 64 bit Build 19041 (10.0.19041.1348)
Time: Mon Nov 15 22:55:17 2021 Pacific Standard Time elapsed time: 1.848522 seconds (0d 0h 0m 1s)

---------------  T H R E A D  ---------------

Current thread (0x00000246f7bc0000):  VMThread "VM Thread" [stack: 0x00000085c6400000,0x00000085c6500000] [id=24808]

Stack: [0x00000085c6400000,0x00000085c6500000]
[error occurred during error reporting (printing stack bounds), id 0xc0000005, EXCEPTION_ACCESS_VIOLATION (0xc0000005) at pc=0x00000246e1cb0f2d]

Native frames: (J=compiled Java code, j=interpreted, Vv=VM code, C=native code)
V  [jvm.dll+0x5ecfaa]
V  [jvm.dll+0x722bd5]
V  [jvm.dll+0x72412d]
V  [jvm.dll+0x724745]
V  [jvm.dll+0x7246fb]
V  [jvm.dll+0x5ec348]
V  [jvm.dll+0x5ecad8]
C  [ntdll.dll+0xa20cf]
C  [ntdll.dll+0x51454]
C  [ntdll.dll+0xa0bfe]
C  0x00000246e1cb0f2d

VM_Operation (0x00000085c5efb210): CollectForMetadataAllocation, mode: safepoint, requested by thread 0x00000246de1c2800


---------------  P R O C E S S  ---------------

Threads class SMR info:
_java_thread_list=0x00000246f8ff49e0, length=11, elements={
0x00000246de1c2800, 0x00000246f7be2800, 0x00000246f7be3800, 0x00000246f7c02800,
0x00000246f7c04800, 0x00000246f7c07800, 0x00000246f7c12800, 0x00000246f7c17000,
0x00000246f7c1b000, 0x00000246f86c2800, 0x00000246f908a800
}

Java Threads: ( => current thread )
  0x00000246de1c2800 JavaThread "main" [_thread_blocked, id=8516, stack(0x00000085c5e00000,0x00000085c5f00000)]
  0x00000246f7be2800 JavaThread "Reference Handler" daemon [_thread_blocked, id=2072, stack(0x00000085c6500000,0x00000085c6600000)]
  0x00000246f7be3800 JavaThread "Finalizer" daemon [_thread_blocked, id=23904, stack(0x00000085c6600000,0x00000085c6700000)]
  0x00000246f7c02800 JavaThread "Signal Dispatcher" daemon [_thread_blocked, id=27372, stack(0x00000085c6700000,0x00000085c6800000)]
  0x00000246f7c04800 JavaThread "Attach Listener" daemon [_thread_blocked, id=26184, stack(0x00000085c6800000,0x00000085c6900000)]
  0x00000246f7c07800 JavaThread "Service Thread" daemon [_thread_blocked, id=27380, stack(0x00000085c6900000,0x00000085c6a00000)]
  0x00000246f7c12800 JavaThread "C2 CompilerThread0" daemon [_thread_blocked, id=27384, stack(0x00000085c6a00000,0x00000085c6b00000)]
  0x00000246f7c17000 JavaThread "C1 CompilerThread0" daemon [_thread_blocked, id=24888, stack(0x00000085c6b00000,0x00000085c6c00000)]
  0x00000246f7c1b000 JavaThread "Sweeper thread" daemon [_thread_blocked, id=27116, stack(0x00000085c6c00000,0x00000085c6d00000)]
  0x00000246f86c2800 JavaThread "Common-Cleaner" daemon [_thread_blocked, id=21720, stack(0x00000085c6e00000,0x00000085c6f00000)]
  0x00000246f908a800 JavaThread "pool-1-thread-1" [_thread_blocked, id=9912, stack(0x00000085c6f00000,0x00000085c7000000)]

Other Threads:
=>0x00000246f7bc0000 VMThread "VM Thread" [stack: 0x00000085c6400000,0x00000085c6500000] [id=24808]
  0x00000246f86b7800 WatcherThread [stack: 0x00000085c6d00000,0x00000085c6e00000] [id=27400]
  0x00000246de1d8000 GCTaskThread "GC Thread#0" [stack: 0x00000085c5f00000,0x00000085c6000000] [id=11084]
  0x00000246f908c800 GCTaskThread "GC Thread#1" [stack: 0x00000085c7000000,0x00000085c7100000] [id=22736]
  0x00000246f903b000 GCTaskThread "GC Thread#2" [stack: 0x00000085c7100000,0x00000085c7200000] [id=16660]
  0x00000246f903b800 GCTaskThread "GC Thread#3" [stack: 0x00000085c7200000,0x00000085c7300000] [id=22952]
  0x00000246de202000 ConcurrentGCThread "G1 Main Marker" [stack: 0x00000085c6000000,0x00000085c6100000] [id=26868]
  0x00000246de204800 ConcurrentGCThread "G1 Conc#0" [stack: 0x00000085c6100000,0x00000085c6200000] [id=5008]
  0x00000246f907d000 ConcurrentGCThread "G1 Conc#1" [stack: 0x00000085c7300000,0x00000085c7400000] [id=19236]
  0x00000246de294800 ConcurrentGCThread "G1 Refine#0" [stack: 0x00000085c6200000,0x00000085c6300000] [id=10040]
  0x00000246de295800 ConcurrentGCThread "G1 Young RemSet Sampling" [stack: 0x00000085c6300000,0x00000085c6400000] [id=27252]

Threads with active compile tasks:
C2 CompilerThread0   1876  923       4       java.lang.AbstractStringBuilder::<init> (39 bytes)

VM state:at safepoint (normal execution)

VM Mutex/Monitor currently owned by a thread:  ([mutex/lock_event])
[0x00000246de1b5e00] Threads_lock - owner thread: 0x00000246f7bc0000
[0x00000246de1be650] Heap_lock - owner thread: 0x00000246de1c2800

Heap address: 0x0000000091a00000, size: 1766 MB, Compressed Oops mode: 32-bit
Narrow klass base: 0x0000000000000000, Narrow klass shift: 3
Compressed class space size: 1073741824 Address: 0x0000000100000000

Heap:
 garbage-first heap   total 114688K, used 8732K [0x0000000091a00000, 0x0000000100000000)
  region size 1024K, 1 young (1024K), 1 survivors (1024K)
 Metaspace       used 11971K, capacity 12200K, committed 12416K, reserved 1071104K
  class space    used 1333K, capacity 1408K, committed 1408K, reserved 1048576K
Heap Regions: E=young(eden), S=young(survivor), O=old, HS=humongous(starts), HC=humongous(continues), CS=collection set, F=free, A=archive, TAMS=top-at-mark-start (previous, next)
|   0|0x0000000091a00000, 0x0000000091b00000, 0x0000000091b00000|100%| O|  |TAMS 0x0000000091a00000, 0x0000000091b00000| Untracked 
|   1|0x0000000091b00000, 0x0000000091c00000, 0x0000000091c00000|100%| O|  |TAMS 0x0000000091b00000, 0x0000000091c00000| Untracked 
|   2|0x0000000091c00000, 0x0000000091c32400, 0x0000000091d00000| 19%| O|  |TAMS 0x0000000091c00000, 0x0000000091c32400| Untracked 
|   3|0x0000000091d00000, 0x0000000091e00000, 0x0000000091e00000|100%|HS|  |TAMS 0x0000000091e00000, 0x0000000091e00000| Complete 
|   4|0x0000000091e00000, 0x0000000091f00000, 0x0000000091f00000|100%|HC|  |TAMS 0x0000000091f00000, 0x0000000091f00000| Complete 
|   5|0x0000000091f00000, 0x0000000092000000, 0x0000000092000000|100%|HC|  |TAMS 0x0000000092000000, 0x0000000092000000| Complete 
|   6|0x0000000092000000, 0x0000000092100000, 0x0000000092100000|100%| O|  |TAMS 0x0000000092100000, 0x0000000092100000| Untracked 
|   7|0x0000000092100000, 0x0000000092200000, 0x0000000092200000|100%| O|  |TAMS 0x0000000092200000, 0x0000000092200000| Untracked 
|   8|0x0000000092200000, 0x0000000092300000, 0x0000000092300000|100%| O|  |TAMS 0x0000000092267600, 0x0000000092300000| Untracked 
|   9|0x0000000092300000, 0x0000000092300000, 0x0000000092400000|  0%| F|  |TAMS 0x0000000092300000, 0x0000000092300000| Untracked 
|  10|0x0000000092400000, 0x0000000092400000, 0x0000000092500000|  0%| F|  |TAMS 0x0000000092400000, 0x0000000092400000| Untracked 
|  11|0x0000000092500000, 0x0000000092500000, 0x0000000092600000|  0%| F|  |TAMS 0x0000000092500000, 0x0000000092500000| Untracked 
|  12|0x0000000092600000, 0x0000000092600000, 0x0000000092700000|  0%| F|  |TAMS 0x0000000092600000, 0x0000000092600000| Untracked 
|  13|0x0000000092700000, 0x0000000092700000, 0x0000000092800000|  0%| F|  |TAMS 0x0000000092700000, 0x0000000092700000| Untracked 
|  14|0x0000000092800000, 0x0000000092800000, 0x0000000092900000|  0%| F|  |TAMS 0x0000000092800000, 0x0000000092800000| Untracked 
|  15|0x0000000092900000, 0x0000000092900000, 0x0000000092a00000|  0%| F|  |TAMS 0x0000000092900000, 0x0000000092900000| Untracked 
|  16|0x0000000092a00000, 0x0000000092a00000, 0x0000000092b00000|  0%| F|  |TAMS 0x0000000092a00000, 0x0000000092a00000| Untracked 
|  17|0x0000000092b00000, 0x0000000092b00000, 0x0000000092c00000|  0%| F|  |TAMS 0x0000000092b00000, 0x0000000092b00000| Untracked 
|  18|0x0000000092c00000, 0x0000000092c00000, 0x0000000092d00000|  0%| F|  |TAMS 0x0000000092c00000, 0x0000000092c00000| Untracked 
|  19|0x0000000092d00000, 0x0000000092d00000, 0x0000000092e00000|  0%| F|  |TAMS 0x0000000092d00000, 0x0000000092d00000| Untracked 
|  20|0x0000000092e00000, 0x0000000092e00000, 0x0000000092f00000|  0%| F|  |TAMS 0x0000000092e00000, 0x0000000092e00000| Untracked 
|  21|0x0000000092f00000, 0x0000000092f00000, 0x0000000093000000|  0%| F|  |TAMS 0x0000000092f00000, 0x0000000092f00000| Untracked 
|  22|0x0000000093000000, 0x0000000093000000, 0x0000000093100000|  0%| F|  |TAMS 0x0000000093000000, 0x0000000093000000| Untracked 
|  23|0x0000000093100000, 0x0000000093100000, 0x0000000093200000|  0%| F|  |TAMS 0x0000000093100000, 0x0000000093100000| Untracked 
|  24|0x0000000093200000, 0x0000000093200000, 0x0000000093300000|  0%| F|  |TAMS 0x0000000093200000, 0x0000000093200000| Untracked 
|  25|0x0000000093300000, 0x0000000093300000, 0x0000000093400000|  0%| F|  |TAMS 0x0000000093300000, 0x0000000093300000| Untracked 
|  26|0x0000000093400000, 0x0000000093400000, 0x0000000093500000|  0%| F|  |TAMS 0x0000000093400000, 0x0000000093400000| Untracked 
|  27|0x0000000093500000, 0x0000000093500000, 0x0000000093600000|  0%| F|  |TAMS 0x0000000093500000, 0x0000000093500000| Untracked 
|  28|0x0000000093600000, 0x0000000093600000, 0x0000000093700000|  0%| F|  |TAMS 0x0000000093600000, 0x0000000093600000| Untracked 
|  29|0x0000000093700000, 0x0000000093700000, 0x0000000093800000|  0%| F|  |TAMS 0x0000000093700000, 0x0000000093700000| Untracked 
|  30|0x0000000093800000, 0x0000000093800000, 0x0000000093900000|  0%| F|  |TAMS 0x0000000093800000, 0x0000000093800000| Untracked 
|  31|0x0000000093900000, 0x0000000093900000, 0x0000000093a00000|  0%| F|  |TAMS 0x0000000093900000, 0x0000000093900000| Untracked 
|  32|0x0000000093a00000, 0x0000000093a00000, 0x0000000093b00000|  0%| F|  |TAMS 0x0000000093a00000, 0x0000000093a00000| Untracked 
|  33|0x0000000093b00000, 0x0000000093b00000, 0x0000000093c00000|  0%| F|  |TAMS 0x0000000093b00000, 0x0000000093b00000| Untracked 
|  34|0x0000000093c00000, 0x0000000093c00000, 0x0000000093d00000|  0%| F|  |TAMS 0x0000000093c00000, 0x0000000093c00000| Untracked 
|  35|0x0000000093d00000, 0x0000000093d00000, 0x0000000093e00000|  0%| F|  |TAMS 0x0000000093d00000, 0x0000000093d00000| Untracked 
|  36|0x0000000093e00000, 0x0000000093e00000, 0x0000000093f00000|  0%| F|  |TAMS 0x0000000093e00000, 0x0000000093e00000| Untracked 
|  37|0x0000000093f00000, 0x0000000093f00000, 0x0000000094000000|  0%| F|  |TAMS 0x0000000093f00000, 0x0000000093f00000| Untracked 
|  38|0x0000000094000000, 0x0000000094000000, 0x0000000094100000|  0%| F|  |TAMS 0x0000000094000000, 0x0000000094000000| Untracked 
|  39|0x0000000094100000, 0x0000000094100000, 0x0000000094200000|  0%| F|  |TAMS 0x0000000094100000, 0x0000000094100000| Untracked 
|  40|0x0000000094200000, 0x0000000094200000, 0x0000000094300000|  0%| F|  |TAMS 0x0000000094200000, 0x0000000094200000| Untracked 
|  41|0x0000000094300000, 0x0000000094300000, 0x0000000094400000|  0%| F|  |TAMS 0x0000000094300000, 0x0000000094300000| Untracked 
|  42|0x0000000094400000, 0x0000000094400000, 0x0000000094500000|  0%| F|  |TAMS 0x0000000094400000, 0x0000000094400000| Untracked 
|  43|0x0000000094500000, 0x0000000094500000, 0x0000000094600000|  0%| F|  |TAMS 0x0000000094500000, 0x0000000094500000| Untracked 
|  44|0x0000000094600000, 0x0000000094600000, 0x0000000094700000|  0%| F|  |TAMS 0x0000000094600000, 0x0000000094600000| Untracked 
|  45|0x0000000094700000, 0x0000000094700000, 0x0000000094800000|  0%| F|  |TAMS 0x0000000094700000, 0x0000000094700000| Untracked 
|  46|0x0000000094800000, 0x0000000094800000, 0x0000000094900000|  0%| F|  |TAMS 0x0000000094800000, 0x0000000094800000| Untracked 
|  47|0x0000000094900000, 0x0000000094900000, 0x0000000094a00000|  0%| F|  |TAMS 0x0000000094900000, 0x0000000094900000| Untracked 
|  48|0x0000000094a00000, 0x0000000094a00000, 0x0000000094b00000|  0%| F|  |TAMS 0x0000000094a00000, 0x0000000094a00000| Untracked 
|  49|0x0000000094b00000, 0x0000000094b00000, 0x0000000094c00000|  0%| F|  |TAMS 0x0000000094b00000, 0x0000000094b00000| Untracked 
|  50|0x0000000094c00000, 0x0000000094c00000, 0x0000000094d00000|  0%| F|  |TAMS 0x0000000094c00000, 0x0000000094c00000| Untracked 
|  51|0x0000000094d00000, 0x0000000094d00000, 0x0000000094e00000|  0%| F|  |TAMS 0x0000000094d00000, 0x0000000094d00000| Untracked 
|  52|0x0000000094e00000, 0x0000000094e00000, 0x0000000094f00000|  0%| F|  |TAMS 0x0000000094e00000, 0x0000000094e00000| Untracked 
|  53|0x0000000094f00000, 0x0000000094f00000, 0x0000000095000000|  0%| F|  |TAMS 0x0000000094f00000, 0x0000000094f00000| Untracked 
|  54|0x0000000095000000, 0x0000000095000000, 0x0000000095100000|  0%| F|  |TAMS 0x0000000095000000, 0x0000000095000000| Untracked 
|  55|0x0000000095100000, 0x0000000095100000, 0x0000000095200000|  0%| F|  |TAMS 0x0000000095100000, 0x0000000095100000| Untracked 
|  56|0x0000000095200000, 0x0000000095200000, 0x0000000095300000|  0%| F|  |TAMS 0x0000000095200000, 0x0000000095200000| Untracked 
|  57|0x0000000095300000, 0x0000000095300000, 0x0000000095400000|  0%| F|  |TAMS 0x0000000095300000, 0x0000000095300000| Untracked 
|  58|0x0000000095400000, 0x0000000095400000, 0x0000000095500000|  0%| F|  |TAMS 0x0000000095400000, 0x0000000095400000| Untracked 
|  59|0x0000000095500000, 0x0000000095500000, 0x0000000095600000|  0%| F|  |TAMS 0x0000000095500000, 0x0000000095500000| Untracked 
|  60|0x0000000095600000, 0x0000000095600000, 0x0000000095700000|  0%| F|  |TAMS 0x0000000095600000, 0x0000000095600000| Untracked 
|  61|0x0000000095700000, 0x0000000095700000, 0x0000000095800000|  0%| F|  |TAMS 0x0000000095700000, 0x0000000095700000| Untracked 
|  62|0x0000000095800000, 0x0000000095800000, 0x0000000095900000|  0%| F|  |TAMS 0x0000000095800000, 0x0000000095800000| Untracked 
|  63|0x0000000095900000, 0x0000000095900000, 0x0000000095a00000|  0%| F|  |TAMS 0x0000000095900000, 0x0000000095900000| Untracked 
|  64|0x0000000095a00000, 0x0000000095a00000, 0x0000000095b00000|  0%| F|  |TAMS 0x0000000095a00000, 0x0000000095a00000| Untracked 
|  65|0x0000000095b00000, 0x0000000095b00000, 0x0000000095c00000|  0%| F|  |TAMS 0x0000000095b00000, 0x0000000095b00000| Untracked 
|  66|0x0000000095c00000, 0x0000000095c00000, 0x0000000095d00000|  0%| F|  |TAMS 0x0000000095c00000, 0x0000000095c00000| Untracked 
|  67|0x0000000095d00000, 0x0000000095d00000, 0x0000000095e00000|  0%| F|  |TAMS 0x0000000095d00000, 0x0000000095d00000| Untracked 
|  68|0x0000000095e00000, 0x0000000095e00000, 0x0000000095f00000|  0%| F|  |TAMS 0x0000000095e00000, 0x0000000095e00000| Untracked 
|  69|0x0000000095f00000, 0x0000000095f00000, 0x0000000096000000|  0%| F|  |TAMS 0x0000000095f00000, 0x0000000095f00000| Untracked 
|  70|0x0000000096000000, 0x0000000096000000, 0x0000000096100000|  0%| F|  |TAMS 0x0000000096000000, 0x0000000096000000| Untracked 
|  71|0x0000000096100000, 0x0000000096100000, 0x0000000096200000|  0%| F|  |TAMS 0x0000000096100000, 0x0000000096100000| Untracked 
|  72|0x0000000096200000, 0x0000000096200000, 0x0000000096300000|  0%| F|  |TAMS 0x0000000096200000, 0x0000000096200000| Untracked 
|  73|0x0000000096300000, 0x0000000096300000, 0x0000000096400000|  0%| F|  |TAMS 0x0000000096300000, 0x0000000096300000| Untracked 
|  74|0x0000000096400000, 0x0000000096400000, 0x0000000096500000|  0%| F|  |TAMS 0x0000000096400000, 0x0000000096400000| Untracked 
|  75|0x0000000096500000, 0x0000000096500000, 0x0000000096600000|  0%| F|  |TAMS 0x0000000096500000, 0x0000000096500000| Untracked 
|  76|0x0000000096600000, 0x0000000096600000, 0x0000000096700000|  0%| F|  |TAMS 0x0000000096600000, 0x0000000096600000| Untracked 
|  77|0x0000000096700000, 0x0000000096700000, 0x0000000096800000|  0%| F|  |TAMS 0x0000000096700000, 0x0000000096700000| Untracked 
|  78|0x0000000096800000, 0x0000000096800000, 0x0000000096900000|  0%| F|  |TAMS 0x0000000096800000, 0x0000000096800000| Untracked 
|  79|0x0000000096900000, 0x0000000096900000, 0x0000000096a00000|  0%| F|  |TAMS 0x0000000096900000, 0x0000000096900000| Untracked 
|  80|0x0000000096a00000, 0x0000000096a00000, 0x0000000096b00000|  0%| F|  |TAMS 0x0000000096a00000, 0x0000000096a00000| Untracked 
|  81|0x0000000096b00000, 0x0000000096b00000, 0x0000000096c00000|  0%| F|  |TAMS 0x0000000096b00000, 0x0000000096b00000| Untracked 
|  82|0x0000000096c00000, 0x0000000096c00000, 0x0000000096d00000|  0%| F|  |TAMS 0x0000000096c00000, 0x0000000096c00000| Untracked 
|  83|0x0000000096d00000, 0x0000000096d00000, 0x0000000096e00000|  0%| F|  |TAMS 0x0000000096d00000, 0x0000000096d00000| Untracked 
|  84|0x0000000096e00000, 0x0000000096e00000, 0x0000000096f00000|  0%| F|  |TAMS 0x0000000096e00000, 0x0000000096e00000| Untracked 
|  85|0x0000000096f00000, 0x0000000096f00000, 0x0000000097000000|  0%| F|  |TAMS 0x0000000096f00000, 0x0000000096f00000| Untracked 
|  86|0x0000000097000000, 0x0000000097000000, 0x0000000097100000|  0%| F|  |TAMS 0x0000000097000000, 0x0000000097000000| Untracked 
|  87|0x0000000097100000, 0x0000000097100000, 0x0000000097200000|  0%| F|  |TAMS 0x0000000097100000, 0x0000000097100000| Untracked 
|  88|0x0000000097200000, 0x0000000097200000, 0x0000000097300000|  0%| F|  |TAMS 0x0000000097200000, 0x0000000097200000| Untracked 
|  89|0x0000000097300000, 0x0000000097300000, 0x0000000097400000|  0%| F|  |TAMS 0x0000000097300000, 0x0000000097300000| Untracked 
|  90|0x0000000097400000, 0x0000000097400000, 0x0000000097500000|  0%| F|  |TAMS 0x0000000097400000, 0x0000000097400000| Untracked 
|  91|0x0000000097500000, 0x0000000097500000, 0x0000000097600000|  0%| F|  |TAMS 0x0000000097500000, 0x0000000097500000| Untracked 
|  92|0x0000000097600000, 0x0000000097600000, 0x0000000097700000|  0%| F|  |TAMS 0x0000000097600000, 0x0000000097600000| Untracked 
|  93|0x0000000097700000, 0x0000000097700000, 0x0000000097800000|  0%| F|  |TAMS 0x0000000097700000, 0x0000000097700000| Untracked 
|  94|0x0000000097800000, 0x0000000097800000, 0x0000000097900000|  0%| F|  |TAMS 0x0000000097800000, 0x0000000097800000| Untracked 
|  95|0x0000000097900000, 0x0000000097900000, 0x0000000097a00000|  0%| F|  |TAMS 0x0000000097900000, 0x0000000097900000| Untracked 
|  96|0x0000000097a00000, 0x0000000097a00000, 0x0000000097b00000|  0%| F|  |TAMS 0x0000000097a00000, 0x0000000097a00000| Untracked 
|  97|0x0000000097b00000, 0x0000000097b00000, 0x0000000097c00000|  0%| F|  |TAMS 0x0000000097b00000, 0x0000000097b00000| Untracked 
|  98|0x0000000097c00000, 0x0000000097c00000, 0x0000000097d00000|  0%| F|  |TAMS 0x0000000097c00000, 0x0000000097c00000| Untracked 
|  99|0x0000000097d00000, 0x0000000097d00000, 0x0000000097e00000|  0%| F|  |TAMS 0x0000000097d00000, 0x0000000097d00000| Untracked 
| 100|0x0000000097e00000, 0x0000000097e00000, 0x0000000097f00000|  0%| F|  |TAMS 0x0000000097e00000, 0x0000000097e00000| Untracked 
| 101|0x0000000097f00000, 0x0000000097f00000, 0x0000000098000000|  0%| F|  |TAMS 0x0000000097f00000, 0x0000000097f00000| Untracked 
| 102|0x0000000098000000, 0x0000000098000000, 0x0000000098100000|  0%| F|  |TAMS 0x0000000098000000, 0x0000000098000000| Untracked 
| 103|0x0000000098100000, 0x0000000098100000, 0x0000000098200000|  0%| F|  |TAMS 0x0000000098100000, 0x0000000098100000| Untracked 
| 104|0x0000000098200000, 0x0000000098200000, 0x0000000098300000|  0%| F|  |TAMS 0x0000000098200000, 0x0000000098200000| Untracked 
| 105|0x0000000098300000, 0x0000000098300000, 0x0000000098400000|  0%| F|  |TAMS 0x0000000098300000, 0x0000000098300000| Untracked 
| 106|0x0000000098400000, 0x0000000098400000, 0x0000000098500000|  0%| F|  |TAMS 0x0000000098400000, 0x0000000098400000| Untracked 
| 107|0x0000000098500000, 0x0000000098500000, 0x0000000098600000|  0%| F|  |TAMS 0x0000000098500000, 0x0000000098500000| Untracked 
| 108|0x0000000098600000, 0x0000000098600000, 0x0000000098700000|  0%| F|  |TAMS 0x0000000098600000, 0x0000000098600000| Untracked 
| 109|0x0000000098700000, 0x0000000098700000, 0x0000000098800000|  0%| F|  |TAMS 0x0000000098700000, 0x0000000098700000| Untracked 
| 110|0x0000000098800000, 0x0000000098854de0, 0x0000000098900000| 33%| S|CS|TAMS 0x0000000098800000, 0x0000000098800000| Complete 
| 111|0x0000000098900000, 0x0000000098900000, 0x0000000098a00000|  0%| F|  |TAMS 0x0000000098900000, 0x0000000098900000| Untracked 

Card table byte_map: [0x00000246f1370000,0x00000246f16f0000] _byte_map_base: 0x00000246f0ee3000

Marking Bits (Prev, Next): (CMBitMap*) 0x00000246de1fa3a0, (CMBitMap*) 0x00000246de1fa368
 Prev Bits: [0x00000246f3610000, 0x00000246f51a8000)
 Next Bits: [0x00000246f1a70000, 0x00000246f3608000)

Polling page: 0x00000246dc120000

Metaspace:

Usage:
  Non-class:     10.54 MB capacity,    10.39 MB ( 99%) used,   139.82 KB (  1%) free+waste,    13.94 KB ( <1%) overhead. 
      Class:      1.38 MB capacity,     1.30 MB ( 95%) used,    67.63 KB (  5%) free+waste,     6.88 KB ( <1%) overhead. 
       Both:     11.91 MB capacity,    11.69 MB ( 98%) used,   207.45 KB (  2%) free+waste,    20.81 KB ( <1%) overhead. 

Virtual space:
  Non-class space:       22.00 MB reserved,      10.75 MB ( 49%) committed 
      Class space:        1.00 GB reserved,       1.38 MB ( <1%) committed 
             Both:        1.02 GB reserved,      12.13 MB (  1%) committed 

Chunk freelists:
   Non-Class:  24.00 KB
       Class:  0 bytes
        Both:  24.00 KB

MaxMetaspaceSize: 17179869184.00 GB
CompressedClassSpaceSize: 1.00 GB

CodeHeap 'non-profiled nmethods': size=120000Kb used=301Kb max_used=301Kb free=119698Kb
 bounds [0x00000246e9780000, 0x00000246e99f0000, 0x00000246f0cb0000]
CodeHeap 'profiled nmethods': size=120000Kb used=1636Kb max_used=1636Kb free=118363Kb
 bounds [0x00000246e2250000, 0x00000246e24c0000, 0x00000246e9780000]
CodeHeap 'non-nmethods': size=5760Kb used=1080Kb max_used=1090Kb free=4680Kb
 bounds [0x00000246e1cb0000, 0x00000246e1f20000, 0x00000246e2250000]
 total_blobs=1307 nmethods=922 adapters=297
 compilation: enabled
              stopped_count=0, restarted_count=0
 full_count=0

Compilation events (20 events):
Event: 1.775 Thread 0x00000246f7c17000 nmethod 905 0x00000246e23e5d10 code [0x00000246e23e5ec0, 0x00000246e23e60f8]
Event: 1.783 Thread 0x00000246f7c12800  910       4       java.lang.CharacterDataLatin1::toUpperCase (53 bytes)
Event: 1.784 Thread 0x00000246f7c12800 nmethod 910 0x00000246e97ca710 code [0x00000246e97ca8a0, 0x00000246e97ca978]
Event: 1.817 Thread 0x00000246f7c17000  912       3       java.lang.invoke.MemberName::init (66 bytes)
Event: 1.817 Thread 0x00000246f7c17000 nmethod 912 0x00000246e23e6210 code [0x00000246e23e63c0, 0x00000246e23e65f8]
Event: 1.817 Thread 0x00000246f7c17000  913       3       jdk.internal.org.objectweb.asm.ByteVector::<init> (13 bytes)
Event: 1.817 Thread 0x00000246f7c17000 nmethod 913 0x00000246e23e6690 code [0x00000246e23e6840, 0x00000246e23e6a98]
Event: 1.817 Thread 0x00000246f7c17000  914       3       jdk.internal.org.objectweb.asm.ByteVector::putByteArray (49 bytes)
Event: 1.817 Thread 0x00000246f7c17000 nmethod 914 0x00000246e23e6b90 code [0x00000246e23e6d60, 0x00000246e23e7018]
Event: 1.825 Thread 0x00000246f7c17000  916       3       java.lang.invoke.MethodHandles$Lookup::lookupClassOrNull (17 bytes)
Event: 1.825 Thread 0x00000246f7c17000 nmethod 916 0x00000246e23e7110 code [0x00000246e23e72c0, 0x00000246e23e7438]
Event: 1.836 Thread 0x00000246f7c17000  918       3       java.lang.invoke.LambdaForm$NamedFunction::returnType (11 bytes)
Event: 1.837 Thread 0x00000246f7c17000 nmethod 918 0x00000246e23e7510 code [0x00000246e23e7720, 0x00000246e23e7b88]
Event: 1.837 Thread 0x00000246f7c17000  919       3       java.lang.invoke.MemberName::getInvocationType (56 bytes)
Event: 1.837 Thread 0x00000246f7c17000 nmethod 919 0x00000246e23e7d90 code [0x00000246e23e7fc0, 0x00000246e23e8888]
Event: 1.837 Thread 0x00000246f7c17000  921       3       jdk.internal.org.objectweb.asm.Item::<init> (5 bytes)
Event: 1.838 Thread 0x00000246f7c17000 nmethod 921 0x00000246e23e8b10 code [0x00000246e23e8cc0, 0x00000246e23e8e18]
Event: 1.838 Thread 0x00000246f7c17000  922       3       jdk.internal.org.objectweb.asm.Frame::get (46 bytes)
Event: 1.838 Thread 0x00000246f7c12800  923       4       java.lang.AbstractStringBuilder::<init> (39 bytes)
Event: 1.838 Thread 0x00000246f7c17000 nmethod 922 0x00000246e23e8f10 code [0x00000246e23e90c0, 0x00000246e23e92b8]

GC Heap History (6 events):
Event: 1.718 GC heap before
{Heap before GC invocations=0 (full 0):
 garbage-first heap   total 114688K, used 29696K [0x0000000091a00000, 0x0000000100000000)
  region size 1024K, 24 young (24576K), 0 survivors (0K)
 Metaspace       used 11123K, capacity 11368K, committed 11648K, reserved 1058816K
  class space    used 1208K, capacity 1301K, committed 1408K, reserved 1048576K
}
Event: 1.726 GC heap after
{Heap after GC invocations=1 (full 0):
 garbage-first heap   total 114688K, used 8605K [0x0000000091a00000, 0x0000000100000000)
  region size 1024K, 3 young (3072K), 3 survivors (3072K)
 Metaspace       used 11123K, capacity 11368K, committed 11648K, reserved 1058816K
  class space    used 1208K, capacity 1301K, committed 1408K, reserved 1048576K
}
Event: 1.795 GC heap before
{Heap before GC invocations=1 (full 0):
 garbage-first heap   total 114688K, used 11677K [0x0000000091a00000, 0x0000000100000000)
  region size 1024K, 7 young (7168K), 3 survivors (3072K)
 Metaspace       used 11603K, capacity 11818K, committed 11904K, reserved 1067008K
  class space    used 1281K, capacity 1365K, committed 1408K, reserved 1048576K
}
Event: 1.801 GC heap after
{Heap after GC invocations=2 (full 0):
 garbage-first heap   total 114688K, used 8831K [0x0000000091a00000, 0x0000000100000000)
  region size 1024K, 4 young (4096K), 4 survivors (4096K)
 Metaspace       used 11603K, capacity 11818K, committed 11904K, reserved 1067008K
  class space    used 1281K, capacity 1365K, committed 1408K, reserved 1048576K
}
Event: 1.839 GC heap before
{Heap before GC invocations=3 (full 0):
 garbage-first heap   total 114688K, used 8831K [0x0000000091a00000, 0x0000000100000000)
  region size 1024K, 5 young (5120K), 4 survivors (4096K)
 Metaspace       used 11971K, capacity 12200K, committed 12416K, reserved 1071104K
  class space    used 1333K, capacity 1408K, committed 1408K, reserved 1048576K
}
Event: 1.843 GC heap after
{Heap after GC invocations=4 (full 0):
 garbage-first heap   total 114688K, used 8732K [0x0000000091a00000, 0x0000000100000000)
  region size 1024K, 1 young (1024K), 1 survivors (1024K)
 Metaspace       used 11971K, capacity 12200K, committed 12416K, reserved 1071104K
  class space    used 1333K, capacity 1408K, committed 1408K, reserved 1048576K
}

Deoptimization events (20 events):
Event: 1.471 Thread 0x00000246de1c2800 Uncommon trap: trap_request=0xffffff4d fr.pc=0x00000246e979d230 relative=0x00000000000001d0
Event: 1.471 Thread 0x00000246de1c2800 Uncommon trap: reason=unstable_if action=reinterpret pc=0x00000246e979d230 method=java.util.regex.Matcher.reset()Ljava/util/regex/Matcher; @ 47 c2
Event: 1.471 Thread 0x00000246de1c2800 DEOPT PACKING pc=0x00000246e979d230 sp=0x00000085c5efdb80
Event: 1.471 Thread 0x00000246de1c2800 DEOPT UNPACKING pc=0x00000246e1cd78af sp=0x00000085c5efdb08 mode 2
Event: 1.471 Thread 0x00000246de1c2800 Uncommon trap: trap_request=0xffffffde fr.pc=0x00000246e979dcf0 relative=0x00000000000003d0
Event: 1.471 Thread 0x00000246de1c2800 Uncommon trap: reason=class_check action=maybe_recompile pc=0x00000246e979dcf0 method=java.util.regex.Matcher.match(II)Z @ 121 c2
Event: 1.471 Thread 0x00000246de1c2800 DEOPT PACKING pc=0x00000246e979dcf0 sp=0x00000085c5efdbd0
Event: 1.471 Thread 0x00000246de1c2800 DEOPT UNPACKING pc=0x00000246e1cd78af sp=0x00000085c5efdb78 mode 2
Event: 1.471 Thread 0x00000246de1c2800 Uncommon trap: trap_request=0xffffffde fr.pc=0x00000246e979dcf0 relative=0x00000000000003d0
Event: 1.471 Thread 0x00000246de1c2800 Uncommon trap: reason=class_check action=maybe_recompile pc=0x00000246e979dcf0 method=java.util.regex.Matcher.match(II)Z @ 121 c2
Event: 1.471 Thread 0x00000246de1c2800 DEOPT PACKING pc=0x00000246e979dcf0 sp=0x00000085c5efdbd0
Event: 1.471 Thread 0x00000246de1c2800 DEOPT UNPACKING pc=0x00000246e1cd78af sp=0x00000085c5efdb78 mode 2
Event: 1.472 Thread 0x00000246de1c2800 Uncommon trap: trap_request=0xffffffde fr.pc=0x00000246e979dcf0 relative=0x00000000000003d0
Event: 1.472 Thread 0x00000246de1c2800 Uncommon trap: reason=class_check action=maybe_recompile pc=0x00000246e979dcf0 method=java.util.regex.Matcher.match(II)Z @ 121 c2
Event: 1.472 Thread 0x00000246de1c2800 DEOPT PACKING pc=0x00000246e979dcf0 sp=0x00000085c5efda50
Event: 1.472 Thread 0x00000246de1c2800 DEOPT UNPACKING pc=0x00000246e1cd78af sp=0x00000085c5efd9f8 mode 2
Event: 1.472 Thread 0x00000246de1c2800 Uncommon trap: trap_request=0xffffffde fr.pc=0x00000246e979dcf0 relative=0x00000000000003d0
Event: 1.472 Thread 0x00000246de1c2800 Uncommon trap: reason=class_check action=maybe_recompile pc=0x00000246e979dcf0 method=java.util.regex.Matcher.match(II)Z @ 121 c2
Event: 1.472 Thread 0x00000246de1c2800 DEOPT PACKING pc=0x00000246e979dcf0 sp=0x00000085c5efda50
Event: 1.472 Thread 0x00000246de1c2800 DEOPT UNPACKING pc=0x00000246e1cd78af sp=0x00000085c5efd9f8 mode 2

Classes redefined (0 events):
No events

Internal exceptions (8 events):
Event: 0.481 Thread 0x00000246de1c2800 Exception <a 'java/lang/NoSuchMethodError'{0x000000009889dd88}: 'int java.lang.invoke.DirectMethodHandle$Holder.invokeSpecialIFC(java.lang.Object, java.lang.Object, int)'> (0x000000009889dd88) thrown at [./src/hotspot/share/interpreter/linkResolver.cpp, line 773]
Event: 0.666 Thread 0x00000246de1c2800 Exception <a 'java/lang/NoSuchMethodError'{0x0000000098623518}: 'int java.lang.invoke.DirectMethodHandle$Holder.invokeStaticInit(java.lang.Object, java.lang.Object)'> (0x0000000098623518) thrown at [./src/hotspot/share/interpreter/linkResolver.cpp, line 773]
Event: 0.740 Thread 0x00000246de1c2800 Exception <a 'java/lang/NoSuchMethodError'{0x00000000986de238}: 'int java.lang.invoke.DirectMethodHandle$Holder.invokeSpecial(java.lang.Object, java.lang.Object, java.lang.Object, java.lang.Object)'> (0x00000000986de238) thrown at [./src/hotspot/share/interpreter/linkResolver.cpp, line 773]
Event: 1.542 Thread 0x00000246de1c2800 Exception <a 'java/lang/NoClassDefFoundError'{0x000000009779f880}: org/slf4j/impl/StaticMarkerBinder> (0x000000009779f880) thrown at [./src/hotspot/share/classfile/systemDictionary.cpp, line 220]
Event: 1.557 Thread 0x00000246de1c2800 Exception <a 'java/lang/NoSuchMethodError'{0x0000000097637d60}: 'java.lang.Object java.lang.invoke.DirectMethodHandle$Holder.invokeVirtual(java.lang.Object, java.lang.Object, java.lang.Object, java.lang.Object, java.lang.Object)'> (0x0000000097637d60) thrown at [./src/hotspot/share/interpreter/linkResolver.cpp, line 773]
Event: 1.694 Thread 0x00000246de1c2800 Exception <a 'java/lang/NoSuchMethodError'{0x0000000097237130}: 'java.lang.Object java.lang.invoke.Invokers$Holder.invoker(java.lang.Object, java.lang.Object, java.lang.Object, java.lang.Object, java.lang.Object)'> (0x0000000097237130) thrown at [./src/hotspot/share/interpreter/linkResolver.cpp, line 773]
Event: 1.698 Thread 0x00000246de1c2800 Exception <a 'java/lang/NoSuchMethodError'{0x0000000097247e98}: 'void java.lang.invoke.DelegatingMethodHandle$Holder.delegate(java.lang.Object, java.lang.Object, int, java.lang.Object)'> (0x0000000097247e98) thrown at [./src/hotspot/share/interpreter/linkResolver.cpp, line 773]
Event: 1.838 Thread 0x00000246de1c2800 Exception <a 'java/lang/NoSuchMethodError'{0x000000009899ddf8}: 'java.lang.Object java.lang.invoke.DirectMethodHandle$Holder.invokeStaticInit(java.lang.Object, java.lang.Object, java.lang.Object)'> (0x000000009899ddf8) thrown at [./src/hotspot/share/interpreter/linkResolver.cpp, line 773]

Events (20 events):
Event: 1.834 loading class java/lang/management/DefaultPlatformMBeanProvider$5 done
Event: 1.834 loading class java/lang/management/DefaultPlatformMBeanProvider$6
Event: 1.834 loading class java/lang/management/DefaultPlatformMBeanProvider$6 done
Event: 1.834 loading class java/lang/management/DefaultPlatformMBeanProvider$7
Event: 1.834 loading class java/lang/management/DefaultPlatformMBeanProvider$7 done
Event: 1.834 loading class java/lang/management/DefaultPlatformMBeanProvider$8
Event: 1.835 loading class java/lang/management/DefaultPlatformMBeanProvider$8 done
Event: 1.835 loading class sun/management/ManagementFactoryHelper$LoggingMXBeanAccess
Event: 1.835 loading class sun/management/ManagementFactoryHelper$LoggingMXBeanAccess done
Event: 1.835 loading class sun/management/ManagementFactoryHelper$LoggingMXBeanAccess$1
Event: 1.835 loading class sun/management/ManagementFactoryHelper$LoggingMXBeanAccess$1 done
Event: 1.835 loading class java/lang/management/DefaultPlatformMBeanProvider$9
Event: 1.835 loading class java/lang/management/DefaultPlatformMBeanProvider$9 done
Event: 1.835 loading class java/lang/management/DefaultPlatformMBeanProvider$10
Event: 1.835 loading class java/lang/management/DefaultPlatformMBeanProvider$10 done
Event: 1.835 loading class java/lang/management/DefaultPlatformMBeanProvider$11
Event: 1.835 Executing VM operation: CollectForMetadataAllocation
Event: 1.835 Executing VM operation: CollectForMetadataAllocation done
Event: 1.835 loading class java/lang/management/DefaultPlatformMBeanProvider$11 done
Event: 1.838 Executing VM operation: CollectForMetadataAllocation


Dynamic libraries:
0x00007ff670d30000 - 0x00007ff670d3a000 	C:\Program Files\Android\Android Studio\jre\bin\java.exe
0x00007ffff6e70000 - 0x00007ffff7065000 	C:\WINDOWS\SYSTEM32\ntdll.dll
0x00007ffff6810000 - 0x00007ffff68ce000 	C:\WINDOWS\System32\KERNEL32.DLL
0x00007ffff4bf0000 - 0x00007ffff4eb8000 	C:\WINDOWS\System32\KERNELBASE.dll
0x00007ffff4800000 - 0x00007ffff4900000 	C:\WINDOWS\System32\ucrtbase.dll
0x00007fffd1960000 - 0x00007fffd1977000 	C:\Program Files\Android\Android Studio\jre\bin\VCRUNTIME140.dll
0x00007fffd20f0000 - 0x00007fffd2109000 	C:\Program Files\Android\Android Studio\jre\bin\jli.dll
0x00007ffff6a50000 - 0x00007ffff6bf1000 	C:\WINDOWS\System32\USER32.dll
0x00007fffd67e0000 - 0x00007fffd6a7a000 	C:\WINDOWS\WinSxS\amd64_microsoft.windows.common-controls_6595b64144ccf1df_6.0.19041.1110_none_60b5254171f9507e\COMCTL32.dll
0x00007ffff49e0000 - 0x00007ffff4a02000 	C:\WINDOWS\System32\win32u.dll
0x00007ffff64b0000 - 0x00007ffff654e000 	C:\WINDOWS\System32\msvcrt.dll
0x00007ffff6980000 - 0x00007ffff69ab000 	C:\WINDOWS\System32\GDI32.dll
0x00007ffff4590000 - 0x00007ffff469b000 	C:\WINDOWS\System32\gdi32full.dll
0x00007ffff4ac0000 - 0x00007ffff4b5d000 	C:\WINDOWS\System32\msvcp_win.dll
0x00007ffff63b0000 - 0x00007ffff63e0000 	C:\WINDOWS\System32\IMM32.DLL
0x00007fffc30c0000 - 0x00007fffc315d000 	C:\Program Files\Android\Android Studio\jre\bin\msvcp140.dll
0x00007fff99fc0000 - 0x00007fff9aa8f000 	C:\Program Files\Android\Android Studio\jre\bin\server\jvm.dll
0x00007ffff63e0000 - 0x00007ffff648c000 	C:\WINDOWS\System32\ADVAPI32.dll
0x00007ffff50b0000 - 0x00007ffff514b000 	C:\WINDOWS\System32\sechost.dll
0x00007ffff6550000 - 0x00007ffff667a000 	C:\WINDOWS\System32\RPCRT4.dll
0x00007ffff6a40000 - 0x00007ffff6a48000 	C:\WINDOWS\System32\PSAPI.DLL
0x00007fffec550000 - 0x00007fffec55a000 	C:\WINDOWS\SYSTEM32\VERSION.dll
0x00007fffefca0000 - 0x00007fffefca9000 	C:\WINDOWS\SYSTEM32\WSOCK32.dll
0x00007fffeaa00000 - 0x00007fffeaa27000 	C:\WINDOWS\SYSTEM32\WINMM.dll
0x00007ffff6dc0000 - 0x00007ffff6e2b000 	C:\WINDOWS\System32\WS2_32.dll
0x00007ffff2e60000 - 0x00007ffff2e72000 	C:\WINDOWS\SYSTEM32\kernel.appcore.dll
0x00007fffedfd0000 - 0x00007fffedfe1000 	C:\Program Files\Android\Android Studio\jre\bin\verify.dll
0x00007ffff2c00000 - 0x00007ffff2de4000 	C:\WINDOWS\SYSTEM32\DBGHELP.DLL
0x00007fffe62a0000 - 0x00007fffe62cc000 	C:\WINDOWS\SYSTEM32\dbgcore.DLL
0x00007ffff4b60000 - 0x00007ffff4be3000 	C:\WINDOWS\System32\bcryptPrimitives.dll
0x00007fffedfa0000 - 0x00007fffedfc9000 	C:\Program Files\Android\Android Studio\jre\bin\java.dll
0x00007fffee100000 - 0x00007fffee10b000 	C:\Program Files\Android\Android Studio\jre\bin\jimage.dll
0x00007fffe3a30000 - 0x00007fffe3a48000 	C:\Program Files\Android\Android Studio\jre\bin\zip.dll
0x00007ffff5c70000 - 0x00007ffff63af000 	C:\WINDOWS\System32\SHELL32.dll
0x00007ffff2330000 - 0x00007ffff2ac0000 	C:\WINDOWS\SYSTEM32\windows.storage.dll
0x00007ffff5150000 - 0x00007ffff54a5000 	C:\WINDOWS\System32\combase.dll
0x00007ffff3f10000 - 0x00007ffff3f3e000 	C:\WINDOWS\SYSTEM32\Wldp.dll
0x00007ffff68d0000 - 0x00007ffff697d000 	C:\WINDOWS\System32\SHCORE.dll
0x00007ffff4ec0000 - 0x00007ffff4f15000 	C:\WINDOWS\System32\shlwapi.dll
0x00007ffff44d0000 - 0x00007ffff44ef000 	C:\WINDOWS\SYSTEM32\profapi.dll
0x00007fffe39f0000 - 0x00007fffe3a0a000 	C:\Program Files\Android\Android Studio\jre\bin\net.dll
0x00007fffe9950000 - 0x00007fffe9a5c000 	C:\WINDOWS\SYSTEM32\WINHTTP.dll
0x00007ffff3c70000 - 0x00007ffff3cda000 	C:\WINDOWS\system32\mswsock.dll
0x00007fffe39a0000 - 0x00007fffe39b4000 	C:\Program Files\Android\Android Studio\jre\bin\nio.dll
0x00007fffd1c70000 - 0x00007fffd1c96000 	C:\Users\tkhaj\.gradle\native\fdc75f09e3144964f2cf3f50f0aa648679c211496f362492102eb8c894070792\windows-amd64\native-platform.dll
0x00007fffb24f0000 - 0x00007fffb2681000 	C:\Users\tkhaj\.gradle\native\12488b8bf47d2d4c9fbf2f6322a914ad602e24e48041cd04a747c6da556b65c4\windows-amd64\native-platform-file-events.dll
0x00007fffed180000 - 0x00007fffed18a000 	C:\Program Files\Android\Android Studio\jre\bin\management.dll
0x00007fffe7540000 - 0x00007fffe754c000 	C:\Program Files\Android\Android Studio\jre\bin\management_ext.dll

dbghelp: loaded successfully - version: 4.0.5 - missing functions: none
symbol engine: initialized successfully - sym options: 0x614 - pdb path: .;C:\Program Files\Android\Android Studio\jre\bin;C:\WINDOWS\SYSTEM32;C:\WINDOWS\WinSxS\amd64_microsoft.windows.common-controls_6595b64144ccf1df_6.0.19041.1110_none_60b5254171f9507e;C:\Program Files\Android\Android Studio\jre\bin\server;C:\Users\tkhaj\.gradle\native\fdc75f09e3144964f2cf3f50f0aa648679c211496f362492102eb8c894070792\windows-amd64;C:\Users\tkhaj\.gradle\native\12488b8bf47d2d4c9fbf2f6322a914ad602e24e48041cd04a747c6da556b65c4\windows-amd64

VM Arguments:
jvm_args: -Dorg.gradle.appname=gradlew 
java_command: org.gradle.wrapper.GradleWrapperMain -q -Ptarget-platform=android-x86 -Ptarget=C:\Users\tkhaj\OneDrive\Desktop\appfinal\lib\main.dart -Pdart-defines=Zmx1dHRlci5pbnNwZWN0b3Iuc3RydWN0dXJlZEVycm9ycz10cnVl,RkxVVFRFUl9XRUJfQVVUT19ERVRFQ1Q9dHJ1ZQ== -Pdart-obfuscation=false -Ptrack-widget-creation=true -Ptree-shake-icons=false -Pfilesystem-scheme=org-dartlang-root assembleDebug
java_class_path (initial): C:\Users\tkhaj\OneDrive\Desktop\appfinal\android\\gradle\wrapper\gradle-wrapper.jar
Launcher Type: SUN_STANDARD

[Global flags]
     intx CICompilerCount                          = 4                                         {product} {ergonomic}
     uint ConcGCThreads                            = 2                                         {product} {ergonomic}
     uint G1ConcRefinementThreads                  = 8                                         {product} {ergonomic}
   size_t G1HeapRegionSize                         = 1048576                                   {product} {ergonomic}
    uintx GCDrainStackTargetSize                   = 64                                        {product} {ergonomic}
   size_t InitialHeapSize                          = 117440512                                 {product} {ergonomic}
   size_t MarkStackSize                            = 4194304                                   {product} {ergonomic}
   size_t MaxHeapSize                              = 1851785216                                {product} {ergonomic}
   size_t MaxNewSize                               = 1110441984                                {product} {ergonomic}
   size_t MinHeapDeltaBytes                        = 1048576                                   {product} {ergonomic}
    uintx NonNMethodCodeHeapSize                   = 5836300                                {pd product} {ergonomic}
    uintx NonProfiledCodeHeapSize                  = 122910970                              {pd product} {ergonomic}
    uintx ProfiledCodeHeapSize                     = 122910970                              {pd product} {ergonomic}
    uintx ReservedCodeCacheSize                    = 251658240                              {pd product} {ergonomic}
     bool SegmentedCodeCache                       = true                                      {product} {ergonomic}
     bool UseCompressedClassPointers               = true                                 {lp64_product} {ergonomic}
     bool UseCompressedOops                        = true                                 {lp64_product} {ergonomic}
     bool UseG1GC                                  = true                                      {product} {ergonomic}
     bool UseLargePagesIndividualAllocation        = false                                  {pd product} {ergonomic}

Logging:
Log output configuration:
 #0: stdout all=warning uptime,level,tags
 #1: stderr all=off uptime,level,tags

Environment Variables:
JAVA_HOME=C:\Program Files\Android\Android Studio\jre
CLASSPATH=C:\Users\tkhaj\OneDrive\Desktop\appfinal\android\\gradle\wrapper\gradle-wrapper.jar
PATH=C:\Program Files (x86)\Common Files\Oracle\Java\javapath;C:\WINDOWS\system32;C:\WINDOWS;C:\WINDOWS\System32\Wbem;C:\WINDOWS\System32\WindowsPowerShell\v1.0\;C:\WINDOWS\System32\OpenSSH\;C:\Program Files (x86)\dotnet\;C:\Program Files\Git\cmd;C:\Users\tkhaj\AppData\Local\Microsoft\WindowsApps;C:\Users\tkhaj\AppData\Roaming\Dashlane\6.1915.0.19667\bin\Firefox_Extension\{442718d9-475e-452a-b3e1-fb1ee16b8e9f}\components;C:\Users\tkhaj\AppData\Roaming\Dashlane\6.1915.0.19667\ucrt;C:\Users\tkhaj\AppData\Roaming\Dashlane\6.1915.0.19667\bin\Qt;C:\Users\tkhaj\AppData\Roaming\Dashlane\6.1915.0.19667\ucrt;C:\Users\tkhaj\AppData\Roaming\Dashlane\6.1915.0.19667\bin\Ssl;C:\msys64\mingw64\bin;C:\Users\tkhaj\AppData\Local\GitHubDesktop\bin;C:\Users\tkhaj\OneDrive\Desktop\flutter\bin;;C:\Users\tkhaj\OneDrive\Desktop\flutter\bin\mingit\cmd
USERNAME=tkhaj
OS=Windows_NT
PROCESSOR_IDENTIFIER=AMD64 Family 23 Model 17 Stepping 0, AuthenticAMD



---------------  S Y S T E M  ---------------

OS: Windows 10 , 64 bit Build 19041 (10.0.19041.1348)
OS uptime: 0 days 8:46 hours

CPU:total 8 (initial active 8) (8 cores per cpu, 2 threads per core) family 23 model 17 stepping 0 microcode 0x0, cmov, cx8, fxsr, mmx, sse, sse2, sse3, ssse3, sse4.1, sse4.2, popcnt, avx, avx2, aes, clmul, mmxext, 3dnowpref, lzcnt, sse4a, ht, tsc, tscinvbit, tscinv, bmi1, bmi2, adx, s

Memory: 4k page, system-wide physical 7058M (308M free)
TotalPageFile size 16039M (AvailPageFile size 155M)
current process WorkingSet (physical memory assigned to process): 87M, peak: 87M
current process commit charge ("private bytes"): 204M, peak: 205M

vm_info: OpenJDK 64-Bit Server VM (11.0.10+0-b96-7249189) for windows-amd64 JRE (11.0.10+0-b96-7249189), built on Mar 31 2021 21:44:00 by "builder" with MS VC++ 14.0 (VS2015)

END.
